Performing C SOURCE FILE Test CMAKE_HAVE_LIBC_PTHREAD failed with the following output:
Change Dir: /home/alex/Media/Develop/Job/ros2/rosbot/src/algorithms/local_planners/build/mppic/CMakeFiles/CMakeTmp

Run Build Command(s):/usr/bin/make cmTC_a79a2/fast && /usr/bin/make -f CMakeFiles/cmTC_a79a2.dir/build.make CMakeFiles/cmTC_a79a2.dir/build
make[1]: Entering directory '/home/alex/Media/Develop/Job/ros2/rosbot/src/algorithms/local_planners/build/mppic/CMakeFiles/CMakeTmp'
Building C object CMakeFiles/cmTC_a79a2.dir/src.c.o
/usr/bin/gcc-9   -DCMAKE_HAVE_LIBC_PTHREAD   -o CMakeFiles/cmTC_a79a2.dir/src.c.o   -c /home/alex/Media/Develop/Job/ros2/rosbot/src/algorithms/local_planners/build/mppic/CMakeFiles/CMakeTmp/src.c
Linking C executable cmTC_a79a2
/usr/bin/cmake -E cmake_link_script CMakeFiles/cmTC_a79a2.dir/link.txt --verbose=1
/usr/bin/gcc-9   -DCMAKE_HAVE_LIBC_PTHREAD    CMakeFiles/cmTC_a79a2.dir/src.c.o  -o cmTC_a79a2 
/usr/bin/ld: CMakeFiles/cmTC_a79a2.dir/src.c.o: in function `main':
src.c:(.text+0x46): undefined reference to `pthread_create'
/usr/bin/ld: src.c:(.text+0x52): undefined reference to `pthread_detach'
/usr/bin/ld: src.c:(.text+0x63): undefined reference to `pthread_join'
collect2: error: ld returned 1 exit status
make[1]: *** [CMakeFiles/cmTC_a79a2.dir/build.make:87: cmTC_a79a2] Error 1
make[1]: Leaving directory '/home/alex/Media/Develop/Job/ros2/rosbot/src/algorithms/local_planners/build/mppic/CMakeFiles/CMakeTmp'
make: *** [Makefile:121: cmTC_a79a2/fast] Error 2


Source file was:
#include <pthread.h>

void* test_func(void* data)
{
  return data;
}

int main(void)
{
  pthread_t thread;
  pthread_create(&thread, NULL, test_func, NULL);
  pthread_detach(thread);
  pthread_join(thread, NULL);
  pthread_atfork(NULL, NULL, NULL);
  pthread_exit(NULL);

  return 0;
}

Determining if the function pthread_create exists in the pthreads failed with the following output:
Change Dir: /home/alex/Media/Develop/Job/ros2/rosbot/src/algorithms/local_planners/build/mppic/CMakeFiles/CMakeTmp

Run Build Command(s):/usr/bin/make cmTC_a8c0b/fast && /usr/bin/make -f CMakeFiles/cmTC_a8c0b.dir/build.make CMakeFiles/cmTC_a8c0b.dir/build
make[1]: Entering directory '/home/alex/Media/Develop/Job/ros2/rosbot/src/algorithms/local_planners/build/mppic/CMakeFiles/CMakeTmp'
Building C object CMakeFiles/cmTC_a8c0b.dir/CheckFunctionExists.c.o
/usr/bin/gcc-9   -DCHECK_FUNCTION_EXISTS=pthread_create   -o CMakeFiles/cmTC_a8c0b.dir/CheckFunctionExists.c.o   -c /usr/share/cmake-3.16/Modules/CheckFunctionExists.c
Linking C executable cmTC_a8c0b
/usr/bin/cmake -E cmake_link_script CMakeFiles/cmTC_a8c0b.dir/link.txt --verbose=1
/usr/bin/gcc-9   -DCHECK_FUNCTION_EXISTS=pthread_create    CMakeFiles/cmTC_a8c0b.dir/CheckFunctionExists.c.o  -o cmTC_a8c0b  -lpthreads 
/usr/bin/ld: cannot find -lpthreads
collect2: error: ld returned 1 exit status
make[1]: *** [CMakeFiles/cmTC_a8c0b.dir/build.make:87: cmTC_a8c0b] Error 1
make[1]: Leaving directory '/home/alex/Media/Develop/Job/ros2/rosbot/src/algorithms/local_planners/build/mppic/CMakeFiles/CMakeTmp'
make: *** [Makefile:121: cmTC_a8c0b/fast] Error 2



