[0.332s] DEBUG:colcon:Command line arguments: ['/usr/bin/colcon', 'build', '--packages-select', 'mppic', '--symlink-install', '--cmake-args', '-DCMAKE_BUILD_TYPE=DEBUG', '-DCMAKE_EXPORT_COMPILE_COMMANDS=ON', '-DBUILD_TESTING=ON']
[0.332s] DEBUG:colcon:Parsed command line arguments: Namespace(ament_cmake_args=None, base_paths=['.'], build_base='build', catkin_cmake_args=None, catkin_skip_building_tests=False, cmake_args=['-DCMAKE_BUILD_TYPE=DEBUG', '-DCMAKE_EXPORT_COMPILE_COMMANDS=ON', '-DBUILD_TESTING=ON'], cmake_clean_cache=False, cmake_clean_first=False, cmake_force_configure=False, cmake_target=None, cmake_target_skip_unavailable=False, continue_on_error=False, event_handlers=None, executor='parallel', ignore_user_meta=False, install_base='install', log_base=None, log_level=None, main=<bound method BuildVerb.main of <colcon_core.verb.build.BuildVerb object at 0x7ff99fe2deb0>>, merge_install=False, metas=['./colcon.meta'], packages_above=None, packages_above_and_dependencies=None, packages_above_depth=None, packages_end=None, packages_ignore=None, packages_ignore_regex=None, packages_select=['mppic'], packages_select_build_failed=False, packages_select_by_dep=None, packages_select_regex=None, packages_select_test_failures=False, packages_skip=None, packages_skip_build_finished=False, packages_skip_by_dep=None, packages_skip_regex=None, packages_skip_test_passed=False, packages_skip_up_to=None, packages_start=None, packages_up_to=None, packages_up_to_regex=None, parallel_workers=4, paths=None, symlink_install=True, test_result_base=None, verb_extension=<colcon_core.verb.build.BuildVerb object at 0x7ff99fe2deb0>, verb_name='build', verb_parser=<colcon_defaults.argument_parser.defaults.DefaultArgumentsDecorator object at 0x7ff99fe33460>)
[0.340s] Level 1:colcon.colcon_core.package_discovery:discover_packages(colcon_meta) check parameters
[0.340s] Level 1:colcon.colcon_core.package_discovery:discover_packages(recursive) check parameters
[0.340s] Level 1:colcon.colcon_core.package_discovery:discover_packages(ignore) check parameters
[0.340s] Level 1:colcon.colcon_core.package_discovery:discover_packages(path) check parameters
[0.340s] Level 1:colcon.colcon_core.package_discovery:discover_packages(colcon_meta) discover
[0.341s] Level 1:colcon.colcon_core.package_discovery:discover_packages(recursive) discover
[0.341s] INFO:colcon.colcon_core.package_discovery:Crawling recursively for packages in '/home/alex/Media/Develop/Job/ros2/rosbot/src/algorithms/local_planners'
[0.341s] Level 1:colcon.colcon_core.package_identification:_identify(.) by extensions ['ignore', 'ignore_ament_install']
[0.341s] Level 1:colcon.colcon_core.package_identification:_identify(.) by extension 'ignore'
[0.341s] Level 1:colcon.colcon_core.package_identification:_identify(.) by extension 'ignore_ament_install'
[0.342s] Level 1:colcon.colcon_core.package_identification:_identify(.) by extensions ['colcon_pkg']
[0.342s] Level 1:colcon.colcon_core.package_identification:_identify(.) by extension 'colcon_pkg'
[0.342s] Level 1:colcon.colcon_core.package_identification:_identify(.) by extensions ['colcon_meta']
[0.342s] Level 1:colcon.colcon_core.package_identification:_identify(.) by extension 'colcon_meta'
[0.342s] Level 1:colcon.colcon_core.package_identification:_identify(.) by extensions ['ros']
[0.342s] Level 1:colcon.colcon_core.package_identification:_identify(.) by extension 'ros'
[0.355s] Level 1:colcon.colcon_core.package_identification:_identify(.) by extensions ['cmake', 'python']
[0.355s] Level 1:colcon.colcon_core.package_identification:_identify(.) by extension 'cmake'
[0.355s] Level 1:colcon.colcon_core.package_identification:_identify(.) by extension 'python'
[0.356s] Level 1:colcon.colcon_core.package_identification:_identify(.) by extensions ['python_setup_py']
[0.356s] Level 1:colcon.colcon_core.package_identification:_identify(.) by extension 'python_setup_py'
[0.356s] Level 1:colcon.colcon_core.package_identification:_identify(build) by extensions ['ignore', 'ignore_ament_install']
[0.356s] Level 1:colcon.colcon_core.package_identification:_identify(build) by extension 'ignore'
[0.356s] Level 1:colcon.colcon_core.package_identification:_identify(build) ignored
[0.357s] Level 1:colcon.colcon_core.package_identification:_identify(install) by extensions ['ignore', 'ignore_ament_install']
[0.357s] Level 1:colcon.colcon_core.package_identification:_identify(install) by extension 'ignore'
[0.357s] Level 1:colcon.colcon_core.package_identification:_identify(install) ignored
[0.357s] Level 1:colcon.colcon_core.package_identification:_identify(log) by extensions ['ignore', 'ignore_ament_install']
[0.357s] Level 1:colcon.colcon_core.package_identification:_identify(log) by extension 'ignore'
[0.358s] Level 1:colcon.colcon_core.package_identification:_identify(log) ignored
[0.358s] Level 1:colcon.colcon_core.package_identification:_identify(mppic) by extensions ['ignore', 'ignore_ament_install']
[0.358s] Level 1:colcon.colcon_core.package_identification:_identify(mppic) by extension 'ignore'
[0.358s] Level 1:colcon.colcon_core.package_identification:_identify(mppic) by extension 'ignore_ament_install'
[0.358s] Level 1:colcon.colcon_core.package_identification:_identify(mppic) by extensions ['colcon_pkg']
[0.358s] Level 1:colcon.colcon_core.package_identification:_identify(mppic) by extension 'colcon_pkg'
[0.358s] Level 1:colcon.colcon_core.package_identification:_identify(mppic) by extensions ['colcon_meta']
[0.358s] Level 1:colcon.colcon_core.package_identification:_identify(mppic) by extension 'colcon_meta'
[0.359s] Level 1:colcon.colcon_core.package_identification:_identify(mppic) by extensions ['ros']
[0.359s] Level 1:colcon.colcon_core.package_identification:_identify(mppic) by extension 'ros'
[0.362s] DEBUG:colcon.colcon_core.package_identification:Package 'mppic' with type 'ros.ament_cmake' and name 'mppic'
[0.363s] Level 1:colcon.colcon_core.package_identification:_identify(nav2_pure_pursuit_controller) by extensions ['ignore', 'ignore_ament_install']
[0.363s] Level 1:colcon.colcon_core.package_identification:_identify(nav2_pure_pursuit_controller) by extension 'ignore'
[0.363s] Level 1:colcon.colcon_core.package_identification:_identify(nav2_pure_pursuit_controller) by extension 'ignore_ament_install'
[0.363s] Level 1:colcon.colcon_core.package_identification:_identify(nav2_pure_pursuit_controller) by extensions ['colcon_pkg']
[0.363s] Level 1:colcon.colcon_core.package_identification:_identify(nav2_pure_pursuit_controller) by extension 'colcon_pkg'
[0.363s] Level 1:colcon.colcon_core.package_identification:_identify(nav2_pure_pursuit_controller) by extensions ['colcon_meta']
[0.363s] Level 1:colcon.colcon_core.package_identification:_identify(nav2_pure_pursuit_controller) by extension 'colcon_meta'
[0.363s] Level 1:colcon.colcon_core.package_identification:_identify(nav2_pure_pursuit_controller) by extensions ['ros']
[0.363s] Level 1:colcon.colcon_core.package_identification:_identify(nav2_pure_pursuit_controller) by extension 'ros'
[0.365s] DEBUG:colcon.colcon_core.package_identification:Package 'nav2_pure_pursuit_controller' with type 'ros.ament_cmake' and name 'nav2_pure_pursuit_controller'
[0.365s] Level 1:colcon.colcon_core.package_discovery:discover_packages(recursive) using defaults
[0.365s] Level 1:colcon.colcon_core.package_discovery:discover_packages(ignore) discover
[0.365s] Level 1:colcon.colcon_core.package_discovery:discover_packages(ignore) using defaults
[0.366s] Level 1:colcon.colcon_core.package_discovery:discover_packages(path) discover
[0.366s] Level 1:colcon.colcon_core.package_discovery:discover_packages(path) using defaults
[0.384s] INFO:colcon.colcon_core.package_selection:Skipping not selected package 'nav2_pure_pursuit_controller' in 'nav2_pure_pursuit_controller'
[0.386s] Level 5:colcon.colcon_core.verb:set package 'mppic' build argument 'cmake_args' from command line to '['-DCMAKE_BUILD_TYPE=DEBUG', '-DCMAKE_EXPORT_COMPILE_COMMANDS=ON', '-DBUILD_TESTING=ON']'
[0.386s] Level 5:colcon.colcon_core.verb:set package 'mppic' build argument 'cmake_target' from command line to 'None'
[0.386s] Level 5:colcon.colcon_core.verb:set package 'mppic' build argument 'cmake_target_skip_unavailable' from command line to 'False'
[0.386s] Level 5:colcon.colcon_core.verb:set package 'mppic' build argument 'cmake_clean_cache' from command line to 'False'
[0.387s] Level 5:colcon.colcon_core.verb:set package 'mppic' build argument 'cmake_clean_first' from command line to 'False'
[0.387s] Level 5:colcon.colcon_core.verb:set package 'mppic' build argument 'cmake_force_configure' from command line to 'False'
[0.387s] Level 5:colcon.colcon_core.verb:set package 'mppic' build argument 'ament_cmake_args' from command line to 'None'
[0.387s] Level 5:colcon.colcon_core.verb:set package 'mppic' build argument 'catkin_cmake_args' from command line to 'None'
[0.387s] Level 5:colcon.colcon_core.verb:set package 'mppic' build argument 'catkin_skip_building_tests' from command line to 'False'
[0.387s] DEBUG:colcon.colcon_core.verb:Building package 'mppic' with the following arguments: {'ament_cmake_args': None, 'build_base': '/home/alex/Media/Develop/Job/ros2/rosbot/src/algorithms/local_planners/build/mppic', 'catkin_cmake_args': None, 'catkin_skip_building_tests': False, 'cmake_args': ['-DCMAKE_BUILD_TYPE=DEBUG', '-DCMAKE_EXPORT_COMPILE_COMMANDS=ON', '-DBUILD_TESTING=ON'], 'cmake_clean_cache': False, 'cmake_clean_first': False, 'cmake_force_configure': False, 'cmake_target': None, 'cmake_target_skip_unavailable': False, 'install_base': '/home/alex/Media/Develop/Job/ros2/rosbot/src/algorithms/local_planners/install/mppic', 'merge_install': False, 'path': '/home/alex/Media/Develop/Job/ros2/rosbot/src/algorithms/local_planners/mppic', 'symlink_install': True, 'test_result_base': None}
[0.387s] INFO:colcon.colcon_core.executor:Executing jobs using 'parallel' executor
[0.391s] DEBUG:colcon.colcon_parallel_executor.executor.parallel:run_until_complete
[0.392s] INFO:colcon.colcon_ros.task.ament_cmake.build:Building ROS package in '/home/alex/Media/Develop/Job/ros2/rosbot/src/algorithms/local_planners/mppic' with build type 'ament_cmake'
[0.392s] INFO:colcon.colcon_cmake.task.cmake.build:Building CMake package in '/home/alex/Media/Develop/Job/ros2/rosbot/src/algorithms/local_planners/mppic'
[0.398s] INFO:colcon.colcon_core.plugin_system:Skipping extension 'colcon_core.shell.bat': Not used on non-Windows systems
[0.399s] INFO:colcon.colcon_core.shell:Skip shell extension 'powershell' for command environment: Not usable outside of PowerShell
[0.399s] DEBUG:colcon.colcon_core.shell:Skip shell extension 'dsv' for command environment
[0.404s] DEBUG:colcon.colcon_core.shell:Ignoring prefix path '/opt/ros/foxy'
[0.426s] DEBUG:colcon.colcon_core.event_handler.log_command:Invoking command in '/home/alex/Media/Develop/Job/ros2/rosbot/src/algorithms/local_planners/build/mppic': CMAKE_PREFIX_PATH=/opt/ros/foxy /usr/bin/cmake --build /home/alex/Media/Develop/Job/ros2/rosbot/src/algorithms/local_planners/build/mppic -- -j4 -l4
[8.579s] DEBUG:colcon.colcon_core.event_handler.log_command:Invoked command in '/home/alex/Media/Develop/Job/ros2/rosbot/src/algorithms/local_planners/build/mppic' returned '2': CMAKE_PREFIX_PATH=/opt/ros/foxy /usr/bin/cmake --build /home/alex/Media/Develop/Job/ros2/rosbot/src/algorithms/local_planners/build/mppic -- -j4 -l4
[8.612s] Level 1:colcon.colcon_core.environment:create_environment_scripts_only(mppic)
[8.616s] Level 1:colcon.colcon_core.environment:checking '/home/alex/Media/Develop/Job/ros2/rosbot/src/algorithms/local_planners/install/mppic' for CMake module files
[8.626s] Level 1:colcon.colcon_core.environment:checking '/home/alex/Media/Develop/Job/ros2/rosbot/src/algorithms/local_planners/install/mppic' for CMake config files
[8.638s] Level 1:colcon.colcon_core.shell:create_environment_hook('mppic', 'cmake_prefix_path')
[8.639s] INFO:colcon.colcon_core.shell:Creating environment hook '/home/alex/Media/Develop/Job/ros2/rosbot/src/algorithms/local_planners/install/mppic/share/mppic/hook/cmake_prefix_path.ps1'
[8.641s] INFO:colcon.colcon_core.shell:Creating environment descriptor '/home/alex/Media/Develop/Job/ros2/rosbot/src/algorithms/local_planners/install/mppic/share/mppic/hook/cmake_prefix_path.dsv'
[8.643s] INFO:colcon.colcon_core.shell:Creating environment hook '/home/alex/Media/Develop/Job/ros2/rosbot/src/algorithms/local_planners/install/mppic/share/mppic/hook/cmake_prefix_path.sh'
[8.646s] Level 1:colcon.colcon_core.environment:checking '/home/alex/Media/Develop/Job/ros2/rosbot/src/algorithms/local_planners/install/mppic/lib'
[8.646s] Level 1:colcon.colcon_core.shell:create_environment_hook('mppic', 'ld_library_path_lib')
[8.647s] INFO:colcon.colcon_core.shell:Creating environment hook '/home/alex/Media/Develop/Job/ros2/rosbot/src/algorithms/local_planners/install/mppic/share/mppic/hook/ld_library_path_lib.ps1'
[8.649s] INFO:colcon.colcon_core.shell:Creating environment descriptor '/home/alex/Media/Develop/Job/ros2/rosbot/src/algorithms/local_planners/install/mppic/share/mppic/hook/ld_library_path_lib.dsv'
[8.650s] INFO:colcon.colcon_core.shell:Creating environment hook '/home/alex/Media/Develop/Job/ros2/rosbot/src/algorithms/local_planners/install/mppic/share/mppic/hook/ld_library_path_lib.sh'
[8.652s] Level 1:colcon.colcon_core.environment:checking '/home/alex/Media/Develop/Job/ros2/rosbot/src/algorithms/local_planners/install/mppic/bin'
[8.652s] Level 1:colcon.colcon_core.environment:checking '/home/alex/Media/Develop/Job/ros2/rosbot/src/algorithms/local_planners/install/mppic/lib/pkgconfig/mppic.pc'
[8.652s] Level 1:colcon.colcon_core.environment:checking '/home/alex/Media/Develop/Job/ros2/rosbot/src/algorithms/local_planners/install/mppic/lib/python3.8/site-packages'
[8.653s] INFO:colcon.colcon_core.shell:Creating package script '/home/alex/Media/Develop/Job/ros2/rosbot/src/algorithms/local_planners/install/mppic/share/mppic/package.ps1'
[8.655s] INFO:colcon.colcon_core.shell:Creating package descriptor '/home/alex/Media/Develop/Job/ros2/rosbot/src/algorithms/local_planners/install/mppic/share/mppic/package.dsv'
[8.657s] INFO:colcon.colcon_core.shell:Creating package script '/home/alex/Media/Develop/Job/ros2/rosbot/src/algorithms/local_planners/install/mppic/share/mppic/package.sh'
[8.659s] INFO:colcon.colcon_core.shell:Creating package script '/home/alex/Media/Develop/Job/ros2/rosbot/src/algorithms/local_planners/install/mppic/share/mppic/package.bash'
[8.662s] INFO:colcon.colcon_core.shell:Creating package script '/home/alex/Media/Develop/Job/ros2/rosbot/src/algorithms/local_planners/install/mppic/share/mppic/package.zsh'
[8.664s] Level 1:colcon.colcon_core.environment:create_file_with_runtime_dependencies(/home/alex/Media/Develop/Job/ros2/rosbot/src/algorithms/local_planners/install/mppic/share/colcon-core/packages/mppic)
[8.675s] DEBUG:colcon.colcon_parallel_executor.executor.parallel:closing loop
[8.675s] DEBUG:colcon.colcon_parallel_executor.executor.parallel:loop closed
[8.676s] DEBUG:colcon.colcon_parallel_executor.executor.parallel:run_until_complete finished with '2'
[8.676s] DEBUG:colcon.colcon_core.event_reactor:joining thread
[8.686s] INFO:colcon.colcon_core.plugin_system:Skipping extension 'colcon_notification.desktop_notification.terminal_notifier': Not used on non-Darwin systems
[8.686s] INFO:colcon.colcon_core.plugin_system:Skipping extension 'colcon_notification.desktop_notification.win32': Not used on non-Windows systems
[8.686s] INFO:colcon.colcon_notification.desktop_notification:Sending desktop notification using 'notify2'
[8.689s] DEBUG:colcon.colcon_core.event_reactor:joined thread
[8.690s] INFO:colcon.colcon_core.shell:Creating prefix script '/home/alex/Media/Develop/Job/ros2/rosbot/src/algorithms/local_planners/install/local_setup.ps1'
[8.693s] INFO:colcon.colcon_core.shell:Creating prefix util module '/home/alex/Media/Develop/Job/ros2/rosbot/src/algorithms/local_planners/install/_local_setup_util_ps1.py'
[8.696s] INFO:colcon.colcon_core.shell:Creating prefix chain script '/home/alex/Media/Develop/Job/ros2/rosbot/src/algorithms/local_planners/install/setup.ps1'
[8.700s] INFO:colcon.colcon_core.shell:Creating prefix script '/home/alex/Media/Develop/Job/ros2/rosbot/src/algorithms/local_planners/install/local_setup.sh'
[8.702s] INFO:colcon.colcon_core.shell:Creating prefix util module '/home/alex/Media/Develop/Job/ros2/rosbot/src/algorithms/local_planners/install/_local_setup_util_sh.py'
[8.703s] INFO:colcon.colcon_core.shell:Creating prefix chain script '/home/alex/Media/Develop/Job/ros2/rosbot/src/algorithms/local_planners/install/setup.sh'
[8.707s] INFO:colcon.colcon_core.shell:Creating prefix script '/home/alex/Media/Develop/Job/ros2/rosbot/src/algorithms/local_planners/install/local_setup.bash'
[8.709s] INFO:colcon.colcon_core.shell:Creating prefix chain script '/home/alex/Media/Develop/Job/ros2/rosbot/src/algorithms/local_planners/install/setup.bash'
[8.713s] INFO:colcon.colcon_core.shell:Creating prefix script '/home/alex/Media/Develop/Job/ros2/rosbot/src/algorithms/local_planners/install/local_setup.zsh'
[8.715s] INFO:colcon.colcon_core.shell:Creating prefix chain script '/home/alex/Media/Develop/Job/ros2/rosbot/src/algorithms/local_planners/install/setup.zsh'
