-- The C compiler identification is GNU 9.3.0
-- The CXX compiler identification is GNU 9.3.0
-- Check for working C compiler: /usr/bin/gcc-9
-- Check for working C compiler: /usr/bin/gcc-9 -- works
-- Detecting C compiler ABI info
-- Detecting C compiler ABI info - done
-- Detecting C compile features
-- Detecting C compile features - done
-- Check for working CXX compiler: /usr/bin/g++-9
-- Check for working CXX compiler: /usr/bin/g++-9 -- works
-- Detecting CXX compiler ABI info
-- Detecting CXX compiler ABI info - done
-- Detecting CXX compile features
-- Detecting CXX compile features - done
-- Found ament_cmake: 0.9.8 (/opt/ros/foxy/share/ament_cmake/cmake)
-- Found PythonInterp: /usr/bin/python3 (found suitable version "3.8.10", minimum required is "3") 
-- Using PYTHON_EXECUTABLE: /usr/bin/python3
-- Override CMake install command with custom implementation using symlinks instead of copying resources
-- Found nav2_common: 0.4.7 (/opt/ros/foxy/share/nav2_common/cmake)
-- Downloading conan.cmake from https://github.com/conan-io/cmake-conan
-- Conan: Automatic detection of conan settings from cmake
-- Conan: Settings= -s;build_type=Debug;-s;compiler=gcc;-s;compiler.version=9;-s;compiler.libcxx=libstdc++11
-- Conan: checking conan executable
-- Conan: Found program /home/alex/.local/bin/conan
-- Conan: Version found Conan version 1.36.0

-- Conan executing: /home/alex/.local/bin/conan install . -s build_type=Debug -s compiler=gcc -s compiler.version=9 -s compiler.libcxx=libstdc++11 -g=cmake
Configuration:
[settings]
arch=x86_64
arch_build=x86_64
build_type=Debug
compiler=gcc
compiler.libcxx=libstdc++11
compiler.version=9
os=Linux
os_build=Linux
[options]
[build_requires]
[env]

conanfile.txt: Installing package
Requirements
    nlohmann_json/3.7.3 from 'conan-center' - Cache
    xsimd/7.4.6 from 'conan-center' - Cache
    xtensor/0.21.5 from 'conan-center' - Cache
    xtl/0.6.12 from 'conan-center' - Cache
Packages
    nlohmann_json/3.7.3:5ab84d6acfe1f23c4fae0ab88f26e3a396351ac9 - Cache
    xsimd/7.4.6:5ab84d6acfe1f23c4fae0ab88f26e3a396351ac9 - Cache
    xtensor/0.21.5:5ab84d6acfe1f23c4fae0ab88f26e3a396351ac9 - Cache
    xtl/0.6.12:5ab84d6acfe1f23c4fae0ab88f26e3a396351ac9 - Cache

Installing (downloading, building) binaries...
nlohmann_json/3.7.3: Already installed!
xsimd/7.4.6: Already installed!
xtl/0.6.12: Already installed!
xtensor/0.21.5: Already installed!
conanfile.txt: Generator txt created conanbuildinfo.txt
conanfile.txt: Generator cmake created conanbuildinfo.cmake
conanfile.txt: Generated conaninfo.txt
conanfile.txt: Generated graphinfo
-- Conan: Loading conanbuildinfo.cmake
-- Conan: Adjusting output directories
-- Conan: Using cmake targets configuration
-- Conan: Adjusting default RPATHs Conan policies
-- Conan: Adjusting language standard
-- Current conanbuildinfo.cmake directory: /home/alex/Media/Develop/Job/ros2/rosbot/src/algorithms/local_planners/build/mppic
-- Conan: Compiler GCC>=5, checking major version 9
-- Conan: Checking correct version: 9
-- Found rclcpp: 2.3.1 (/opt/ros/foxy/share/rclcpp/cmake)
-- Using all available rosidl_typesupport_c: rosidl_typesupport_fastrtps_c;rosidl_typesupport_introspection_c
-- Found rosidl_adapter: 1.2.1 (/opt/ros/foxy/share/rosidl_adapter/cmake)
-- Found OpenSSL: /usr/lib/x86_64-linux-gnu/libcrypto.so (found version "1.1.1f")  
-- Found FastRTPS: /opt/ros/foxy/include  
-- Using all available rosidl_typesupport_cpp: rosidl_typesupport_fastrtps_cpp;rosidl_typesupport_introspection_cpp
-- Found rmw_implementation_cmake: 1.0.3 (/opt/ros/foxy/share/rmw_implementation_cmake/cmake)
-- Using RMW implementation 'rmw_fastrtps_cpp' as default
-- Looking for pthread.h
-- Looking for pthread.h - found
-- Performing Test CMAKE_HAVE_LIBC_PTHREAD
-- Performing Test CMAKE_HAVE_LIBC_PTHREAD - Failed
-- Looking for pthread_create in pthreads
-- Looking for pthread_create in pthreads - not found
-- Looking for pthread_create in pthread
-- Looking for pthread_create in pthread - found
-- Found Threads: TRUE  
-- Found pluginlib: 2.5.3 (/opt/ros/foxy/share/pluginlib/cmake)
-- Found tf2: 0.13.10 (/opt/ros/foxy/share/tf2/cmake)
-- Found nav_msgs: 2.0.4 (/opt/ros/foxy/share/nav_msgs/cmake)
-- Found nav2_core: 0.4.7 (/opt/ros/foxy/share/nav2_core/cmake)
-- Found Eigen3: TRUE (found version "3.3.7") 
-- Found ament_cmake_gtest: 0.9.8 (/opt/ros/foxy/share/ament_cmake_gtest/cmake)
-- Found gtest sources under '/opt/ros/foxy/src/gtest_vendor': C++ tests using 'Google Test' will be built
-- Check if compiler accepts -pthread
-- Check if compiler accepts -pthread - yes
-- Configuring done
-- Generating done
-- Build files have been written to: /home/alex/Media/Develop/Job/ros2/rosbot/src/algorithms/local_planners/build/mppic
[35m[1mScanning dependencies of target gtest[0m
[35m[1mScanning dependencies of target gtest_main[0m
[35m[1mScanning dependencies of target mppic[0m
[ 12%] [32mBuilding CXX object gtest/CMakeFiles/gtest_main.dir/src/gtest_main.cc.o[0m
[ 25%] [32mBuilding CXX object gtest/CMakeFiles/gtest.dir/src/gtest-all.cc.o[0m
[ 37%] [32mBuilding CXX object src/CMakeFiles/mppic.dir/Controller.cpp.o[0m
[ 50%] [32m[1mLinking CXX static library ../lib/libgtest_main.a[0m
[ 50%] Built target gtest_main
[ 62%] [32m[1mLinking CXX static library ../lib/libgtest.a[0m
[ 62%] Built target gtest
[35m[1mScanning dependencies of target optimizer-test[0m
In file included from [01m[K/home/alex/Media/Develop/Job/ros2/rosbot/src/algorithms/local_planners/mppic/src/Controller.cpp:1[m[K:
/home/alex/Media/Develop/Job/ros2/rosbot/src/algorithms/local_planners/mppic/src/../include/mppi/Controller.hpp: In instantiation of ‘[01m[Kvoid ultra::mppi::Controller<T>::configure(const SharedPtr&, std::string, const std::shared_ptr<tf2_ros::Buffer>&, const std::shared_ptr<nav2_costmap_2d::Costmap2DROS>&) [with T = float; rclcpp_lifecycle::LifecycleNode::SharedPtr = std::shared_ptr<rclcpp_lifecycle::LifecycleNode>; std::string = std::__cxx11::basic_string<char>][m[K’:
[01m[K/home/alex/Media/Develop/Job/ros2/rosbot/src/algorithms/local_planners/mppic/src/Controller.cpp:6:29:[m[K   required from here
[01m[K/home/alex/Media/Develop/Job/ros2/rosbot/src/algorithms/local_planners/mppic/src/../include/mppi/Controller.hpp:47:18:[m[K [01;31m[Kerror: [m[Kno matching function for call to ‘[01m[Kultra::mppi::optimization::Optimizer<float, xt::xarray_container<xt::uvector<float, xsimd::aligned_allocator<float, 16> >, xt::layout_type::row_major, xt::svector<long unsigned int, 4, std::allocator<long unsigned int>, true>, xt::xtensor_expression_tag>, xt::xarray_container<xt::uvector<float, xsimd::aligned_allocator<float, 16> >, xt::layout_type::row_major, xt::svector<long unsigned int, 4, std::allocator<long unsigned int>, true>, xt::xtensor_expression_tag>(const xt::xarray_container<xt::uvector<float, xsimd::aligned_allocator<float, 16> >, xt::layout_type::row_major, xt::svector<long unsigned int, 4, std::allocator<long unsigned int>, true>, xt::xtensor_expression_tag>&), xt::xarray_container<xt::uvector<float, xsimd::aligned_allocator<float, 16> >, xt::layout_type::row_major, xt::svector<long unsigned int, 4, std::allocator<long unsigned int>, true>, xt::xtensor_expression_tag>(const xt::xarray_container<xt::uvector<float, xsimd::aligned_allocator<float, 16> >, xt::layout_type::row_major, xt::svector<long unsigned int, 4, std::allocator<long unsigned int>, true>, xt::xtensor_expression_tag>&, const nav_msgs::msg::Path_<std::allocator<void> >&, const std::shared_ptr<nav2_costmap_2d::Costmap2DROS>&)>::Optimizer(rclcpp_lifecycle::LifecycleNode::SharedPtr&, std::string&, std::shared_ptr<tf2_ros::Buffer>&, std::shared_ptr<nav2_costmap_2d::Costmap2DROS>&, nav_msgs::msg::Path&, xt::xarray_container<xt::uvector<float, xsimd::aligned_allocator<float, 16> >, xt::layout_type::row_major, xt::svector<long unsigned int, 4, std::allocator<long unsigned int>, true>, xt::xtensor_expression_tag> (&)(const xt::xarray_container<xt::uvector<float, xsimd::aligned_allocator<float, 16> >, xt::layout_type::row_major, xt::svector<long unsigned int, 4, std::allocator<long unsigned int>, true>, xt::xtensor_expression_tag>&))[m[K’
   47 |     optimizer_ = [01;31m[KOptimizer(parent_, node_name_, tf_buffer_, costmap_ros_,[m[K
      |                  [01;31m[K^~~~~~~~~~~~~~~~~~~~~~~~~~~~~~~~~~~~~~~~~~~~~~~~~~~~~~~~[m[K
   48 | [01;31m[K                           global_plan_, model)[m[K;
      |                            [01;31m[K~~~~~~~~~~~~~~~~~~~~[m[K
In file included from [01m[K/home/alex/Media/Develop/Job/ros2/rosbot/src/algorithms/local_planners/mppic/src/../include/mppi/Controller.hpp:9[m[K,
                 from [01m[K/home/alex/Media/Develop/Job/ros2/rosbot/src/algorithms/local_planners/mppic/src/Controller.cpp:1[m[K:
[01m[K/home/alex/Media/Develop/Job/ros2/rosbot/src/algorithms/local_planners/mppic/src/../include/mppi/Optimizer.hpp:46:3:[m[K [01;36m[Knote: [m[Kcandidate: ‘[01m[Kultra::mppi::optimization::Optimizer<T, Tensor, Model, Cost>::Optimizer(const SharedPtr&, const string&, nav_msgs::msg::Path&, std::shared_ptr<tf2_ros::Buffer>&, std::shared_ptr<nav2_costmap_2d::Costmap2DROS>&, Model&&) [with T = float; Tensor = xt::xarray_container<xt::uvector<float, xsimd::aligned_allocator<float, 16> >, xt::layout_type::row_major, xt::svector<long unsigned int, 4, std::allocator<long unsigned int>, true>, xt::xtensor_expression_tag>; Model = xt::xarray_container<xt::uvector<float, xsimd::aligned_allocator<float, 16> >, xt::layout_type::row_major, xt::svector<long unsigned int, 4, std::allocator<long unsigned int>, true>, xt::xtensor_expression_tag>(const xt::xarray_container<xt::uvector<float, xsimd::aligned_allocator<float, 16> >, xt::layout_type::row_major, xt::svector<long unsigned int, 4, std::allocator<long unsigned int>, true>, xt::xtensor_expression_tag>&); Cost = xt::xarray_container<xt::uvector<float, xsimd::aligned_allocator<float, 16> >, xt::layout_type::row_major, xt::svector<long unsigned int, 4, std::allocator<long unsigned int>, true>, xt::xtensor_expression_tag>(const xt::xarray_container<xt::uvector<float, xsimd::aligned_allocator<float, 16> >, xt::layout_type::row_major, xt::svector<long unsigned int, 4, std::allocator<long unsigned int>, true>, xt::xtensor_expression_tag>&, const nav_msgs::msg::Path_<std::allocator<void> >&, const std::shared_ptr<nav2_costmap_2d::Costmap2DROS>&); rclcpp_lifecycle::LifecycleNode::SharedPtr = std::shared_ptr<rclcpp_lifecycle::LifecycleNode>; std::string = std::__cxx11::basic_string<char>; nav_msgs::msg::Path = nav_msgs::msg::Path_<std::allocator<void> >][m[K’
   46 |   [01;36m[KOptimizer[m[K(const LifecycleNode::SharedPtr &parent, const string &node_name,
      |   [01;36m[K^~~~~~~~~[m[K
[01m[K/home/alex/Media/Develop/Job/ros2/rosbot/src/algorithms/local_planners/mppic/src/../include/mppi/Optimizer.hpp:47:19:[m[K [01;36m[Knote: [m[K  no known conversion for argument 3 from ‘[01m[Kstd::shared_ptr<tf2_ros::Buffer>[m[K’ to ‘[01m[Knav_msgs::msg::Path&[m[K’ {aka ‘[01m[Knav_msgs::msg::Path_<std::allocator<void> >&[m[K’}
   47 |             [01;36m[KPath &global_plan[m[K, shared_ptr<Buffer> &tf,
      |             [01;36m[K~~~~~~^~~~~~~~~~~[m[K
[01m[K/home/alex/Media/Develop/Job/ros2/rosbot/src/algorithms/local_planners/mppic/src/../include/mppi/Optimizer.hpp:41:7:[m[K [01;36m[Knote: [m[Kcandidate: ‘[01m[Kultra::mppi::optimization::Optimizer<float, xt::xarray_container<xt::uvector<float, xsimd::aligned_allocator<float, 16> >, xt::layout_type::row_major, xt::svector<long unsigned int, 4, std::allocator<long unsigned int>, true>, xt::xtensor_expression_tag>, xt::xarray_container<xt::uvector<float, xsimd::aligned_allocator<float, 16> >, xt::layout_type::row_major, xt::svector<long unsigned int, 4, std::allocator<long unsigned int>, true>, xt::xtensor_expression_tag>(const xt::xarray_container<xt::uvector<float, xsimd::aligned_allocator<float, 16> >, xt::layout_type::row_major, xt::svector<long unsigned int, 4, std::allocator<long unsigned int>, true>, xt::xtensor_expression_tag>&), xt::xarray_container<xt::uvector<float, xsimd::aligned_allocator<float, 16> >, xt::layout_type::row_major, xt::svector<long unsigned int, 4, std::allocator<long unsigned int>, true>, xt::xtensor_expression_tag>(const xt::xarray_container<xt::uvector<float, xsimd::aligned_allocator<float, 16> >, xt::layout_type::row_major, xt::svector<long unsigned int, 4, std::allocator<long unsigned int>, true>, xt::xtensor_expression_tag>&, const nav_msgs::msg::Path_<std::allocator<void> >&, const std::shared_ptr<nav2_costmap_2d::Costmap2DROS>&)>::Optimizer(const ultra::mppi::optimization::Optimizer<float, xt::xarray_container<xt::uvector<float, xsimd::aligned_allocator<float, 16> >, xt::layout_type::row_major, xt::svector<long unsigned int, 4, std::allocator<long unsigned int>, true>, xt::xtensor_expression_tag>, xt::xarray_container<xt::uvector<float, xsimd::aligned_allocator<float, 16> >, xt::layout_type::row_major, xt::svector<long unsigned int, 4, std::allocator<long unsigned int>, true>, xt::xtensor_expression_tag>(const xt::xarray_container<xt::uvector<float, xsimd::aligned_allocator<float, 16> >, xt::layout_type::row_major, xt::svector<long unsigned int, 4, std::allocator<long unsigned int>, true>, xt::xtensor_expression_tag>&), xt::xarray_container<xt::uvector<float, xsimd::aligned_allocator<float, 16> >, xt::layout_type::row_major, xt::svector<long unsigned int, 4, std::allocator<long unsigned int>, true>, xt::xtensor_expression_tag>(const xt::xarray_container<xt::uvector<float, xsimd::aligned_allocator<float, 16> >, xt::layout_type::row_major, xt::svector<long unsigned int, 4, std::allocator<long unsigned int>, true>, xt::xtensor_expression_tag>&, const nav_msgs::msg::Path_<std::allocator<void> >&, const std::shared_ptr<nav2_costmap_2d::Costmap2DROS>&)>&)[m[K’
   41 | class [01;36m[KOptimizer[m[K {
      |       [01;36m[K^~~~~~~~~[m[K
[01m[K/home/alex/Media/Develop/Job/ros2/rosbot/src/algorithms/local_planners/mppic/src/../include/mppi/Optimizer.hpp:41:7:[m[K [01;36m[Knote: [m[K  candidate expects 1 argument, 6 provided
[ 75%] [32mBuilding CXX object test/CMakeFiles/optimizer-test.dir/OptimizerTest.cpp.o[0m
/home/alex/Media/Develop/Job/ros2/rosbot/src/algorithms/local_planners/mppic/src/../include/mppi/Optimizer.hpp: In instantiation of ‘[01m[Kvoid ultra::mppi::optimization::Optimizer<T, Tensor, Model, Cost>::updateControlSequence(const Tensor&) [with T = float; Tensor = xt::xarray_container<xt::uvector<float, xsimd::aligned_allocator<float, 16> >, xt::layout_type::row_major, xt::svector<long unsigned int, 4, std::allocator<long unsigned int>, true>, xt::xtensor_expression_tag>; Model = xt::xarray_container<xt::uvector<float, xsimd::aligned_allocator<float, 16> >, xt::layout_type::row_major, xt::svector<long unsigned int, 4, std::allocator<long unsigned int>, true>, xt::xtensor_expression_tag>(const xt::xarray_container<xt::uvector<float, xsimd::aligned_allocator<float, 16> >, xt::layout_type::row_major, xt::svector<long unsigned int, 4, std::allocator<long unsigned int>, true>, xt::xtensor_expression_tag>&); Cost = xt::xarray_container<xt::uvector<float, xsimd::aligned_allocator<float, 16> >, xt::layout_type::row_major, xt::svector<long unsigned int, 4, std::allocator<long unsigned int>, true>, xt::xtensor_expression_tag>(const xt::xarray_container<xt::uvector<float, xsimd::aligned_allocator<float, 16> >, xt::layout_type::row_major, xt::svector<long unsigned int, 4, std::allocator<long unsigned int>, true>, xt::xtensor_expression_tag>&, const nav_msgs::msg::Path_<std::allocator<void> >&, const std::shared_ptr<nav2_costmap_2d::Costmap2DROS>&)][m[K’:
[01m[K/home/alex/Media/Develop/Job/ros2/rosbot/src/algorithms/local_planners/mppic/src/../include/mppi/Optimizer.hpp:89:7:[m[K   required from ‘[01m[Kgeometry_msgs::msg::TwistStamped ultra::mppi::optimization::Optimizer<T, Tensor, Model, Cost>::evalNextControl(const PoseStamped&, const Twist&) [with T = float; Tensor = xt::xarray_container<xt::uvector<float, xsimd::aligned_allocator<float, 16> >, xt::layout_type::row_major, xt::svector<long unsigned int, 4, std::allocator<long unsigned int>, true>, xt::xtensor_expression_tag>; Model = xt::xarray_container<xt::uvector<float, xsimd::aligned_allocator<float, 16> >, xt::layout_type::row_major, xt::svector<long unsigned int, 4, std::allocator<long unsigned int>, true>, xt::xtensor_expression_tag>(const xt::xarray_container<xt::uvector<float, xsimd::aligned_allocator<float, 16> >, xt::layout_type::row_major, xt::svector<long unsigned int, 4, std::allocator<long unsigned int>, true>, xt::xtensor_expression_tag>&); Cost = xt::xarray_container<xt::uvector<float, xsimd::aligned_allocator<float, 16> >, xt::layout_type::row_major, xt::svector<long unsigned int, 4, std::allocator<long unsigned int>, true>, xt::xtensor_expression_tag>(const xt::xarray_container<xt::uvector<float, xsimd::aligned_allocator<float, 16> >, xt::layout_type::row_major, xt::svector<long unsigned int, 4, std::allocator<long unsigned int>, true>, xt::xtensor_expression_tag>&, const nav_msgs::msg::Path_<std::allocator<void> >&, const std::shared_ptr<nav2_costmap_2d::Costmap2DROS>&); geometry_msgs::msg::TwistStamped = geometry_msgs::msg::TwistStamped_<std::allocator<void> >; geometry_msgs::msg::PoseStamped = geometry_msgs::msg::PoseStamped_<std::allocator<void> >; geometry_msgs::msg::Twist = geometry_msgs::msg::Twist_<std::allocator<void> >][m[K’
[01m[K/home/alex/Media/Develop/Job/ros2/rosbot/src/algorithms/local_planners/mppic/src/../include/mppi/Controller.hpp:57:53:[m[K   required from ‘[01m[Kgeometry_msgs::msg::TwistStamped ultra::mppi::Controller<T>::computeVelocityCommands(const PoseStamped&, const Twist&) [with T = float; geometry_msgs::msg::TwistStamped = geometry_msgs::msg::TwistStamped_<std::allocator<void> >; geometry_msgs::msg::PoseStamped = geometry_msgs::msg::PoseStamped_<std::allocator<void> >; geometry_msgs::msg::Twist = geometry_msgs::msg::Twist_<std::allocator<void> >][m[K’
[01m[K/home/alex/Media/Develop/Job/ros2/rosbot/src/algorithms/local_planners/mppic/src/Controller.cpp:6:29:[m[K   required from here
[01m[K/home/alex/Media/Develop/Job/ros2/rosbot/src/algorithms/local_planners/mppic/src/../include/mppi/Optimizer.hpp:184:11:[m[K [01;31m[Kerror: [m[Kno match for ‘[01m[Koperator=[m[K’ (operand types are ‘[01m[Kconst xt::xarray_container<xt::uvector<float, xsimd::aligned_allocator<float, 16> >, xt::layout_type::row_major, xt::svector<long unsigned int, 4, std::allocator<long unsigned int>, true>, xt::xtensor_expression_tag>[m[K’ and ‘[01m[Kxt::detail::xfunction_type_t<xt::detail::minus, const xt::xarray_container<xt::uvector<float, xsimd::aligned_allocator<float, 16> >, xt::layout_type::row_major, xt::svector<long unsigned int, 4, std::allocator<long unsigned int>, true>, xt::xtensor_expression_tag>&, xt::xreducer<xt::xreducer_functors<xt::math::minimum<float>, xt::const_value<float>, xt::math::minimum<float> >, const xt::xarray_container<xt::uvector<float, xsimd::aligned_allocator<float, 16> >, xt::layout_type::row_major, xt::svector<long unsigned int, 4, std::allocator<long unsigned int>, true>, xt::xtensor_expression_tag>&, xt::svector<long unsigned int, 4, std::allocator<long unsigned int>, true>, xt::reducer_options<float, std::tuple<xt::evaluation_strategy::lazy_type> > > >[m[K’ {aka ‘[01m[Kxt::xfunction<xt::detail::minus, const xt::xarray_container<xt::uvector<float, xsimd::aligned_allocator<float, 16> >, xt::layout_type::row_major, xt::svector<long unsigned int, 4, std::allocator<long unsigned int>, true>, xt::xtensor_expression_tag>&, xt::xreducer<xt::xreducer_functors<xt::math::minimum<float>, xt::const_value<float>, xt::math::minimum<float> >, const xt::xarray_container<xt::uvector<float, xsimd::aligned_allocator<float, 16> >, xt::layout_type::row_major, xt::svector<long unsigned int, 4, std::allocator<long unsigned int>, true>, xt::xtensor_expression_tag>&, xt::svector<long unsigned int, 4, std::allocator<long unsigned int>, true>, xt::reducer_options<float, std::tuple<xt::evaluation_strategy::lazy_type> > > >[m[K’})
  184 |     [01;31m[Kcosts = costs - xt::amin(costs)[m[K;
      |     [01;31m[K~~~~~~^~~~~~~~~~~~~~~~~~~~~~~~~[m[K
In file included from [01m[K/home/alex/Media/Develop/Job/ros2/rosbot/src/algorithms/local_planners/mppic/src/../include/mppi/Optimizer.hpp:13[m[K,
                 from [01m[K/home/alex/Media/Develop/Job/ros2/rosbot/src/algorithms/local_planners/mppic/src/../include/mppi/Controller.hpp:9[m[K,
                 from [01m[K/home/alex/Media/Develop/Job/ros2/rosbot/src/algorithms/local_planners/mppic/src/Controller.cpp:1[m[K:
[01m[K/home/alex/.conan/data/xtensor/0.21.5/_/_/package/5ab84d6acfe1f23c4fae0ab88f26e3a396351ac9/include/xtensor/xarray.hpp:128:27:[m[K [01;36m[Knote: [m[Kcandidate: ‘[01m[Kxt::xarray_container<EC, L, SC, Tag>& xt::xarray_container<EC, L, SC, Tag>::operator=(const xt::xarray_container<EC, L, SC, Tag>&) [with EC = xt::uvector<float, xsimd::aligned_allocator<float, 16> >; xt::layout_type L = xt::layout_type::row_major; SC = xt::svector<long unsigned int, 4, std::allocator<long unsigned int>, true>; Tag = xt::xtensor_expression_tag][m[K’ <near match>
  128 |         xarray_container& [01;36m[Koperator[m[K=(const xarray_container&) = default;
      |                           [01;36m[K^~~~~~~~[m[K
[01m[K/home/alex/.conan/data/xtensor/0.21.5/_/_/package/5ab84d6acfe1f23c4fae0ab88f26e3a396351ac9/include/xtensor/xarray.hpp:128:27:[m[K [01;36m[Knote: [m[K  passing ‘[01m[Kconst xt::xarray_container<xt::uvector<float, xsimd::aligned_allocator<float, 16> >, xt::layout_type::row_major, xt::svector<long unsigned int, 4, std::allocator<long unsigned int>, true>, xt::xtensor_expression_tag>*[m[K’ as ‘[01m[Kthis[m[K’ argument discards qualifiers
[01m[K/home/alex/.conan/data/xtensor/0.21.5/_/_/package/5ab84d6acfe1f23c4fae0ab88f26e3a396351ac9/include/xtensor/xarray.hpp:131:27:[m[K [01;36m[Knote: [m[Kcandidate: ‘[01m[Kxt::xarray_container<EC, L, SC, Tag>& xt::xarray_container<EC, L, SC, Tag>::operator=(xt::xarray_container<EC, L, SC, Tag>&&) [with EC = xt::uvector<float, xsimd::aligned_allocator<float, 16> >; xt::layout_type L = xt::layout_type::row_major; SC = xt::svector<long unsigned int, 4, std::allocator<long unsigned int>, true>; Tag = xt::xtensor_expression_tag][m[K’ <near match>
  131 |         xarray_container& [01;36m[Koperator[m[K=(xarray_container&&) = default;
      |                           [01;36m[K^~~~~~~~[m[K
[01m[K/home/alex/.conan/data/xtensor/0.21.5/_/_/package/5ab84d6acfe1f23c4fae0ab88f26e3a396351ac9/include/xtensor/xarray.hpp:131:27:[m[K [01;36m[Knote: [m[K  passing ‘[01m[Kconst xt::xarray_container<xt::uvector<float, xsimd::aligned_allocator<float, 16> >, xt::layout_type::row_major, xt::svector<long unsigned int, 4, std::allocator<long unsigned int>, true>, xt::xtensor_expression_tag>*[m[K’ as ‘[01m[Kthis[m[K’ argument discards qualifiers
[01m[K/home/alex/.conan/data/xtensor/0.21.5/_/_/package/5ab84d6acfe1f23c4fae0ab88f26e3a396351ac9/include/xtensor/xarray.hpp:136:27:[m[K [01;36m[Knote: [m[Kcandidate: ‘[01m[Ktemplate<long unsigned int N> xt::xarray_container<EC, L, SC, Tag>& xt::xarray_container<EC, L, SC, Tag>::operator=(xt::xtensor_container<EC, N, L, Tag>&&) [with long unsigned int N = N; EC = xt::uvector<float, xsimd::aligned_allocator<float, 16> >; xt::layout_type L = xt::layout_type::row_major; SC = xt::svector<long unsigned int, 4, std::allocator<long unsigned int>, true>; Tag = xt::xtensor_expression_tag][m[K’
  136 |         xarray_container& [01;36m[Koperator[m[K=(xtensor_container<EC, N, L, Tag>&& rhs);
      |                           [01;36m[K^~~~~~~~[m[K
[01m[K/home/alex/.conan/data/xtensor/0.21.5/_/_/package/5ab84d6acfe1f23c4fae0ab88f26e3a396351ac9/include/xtensor/xarray.hpp:136:27:[m[K [01;36m[Knote: [m[K  template argument deduction/substitution failed:
In file included from [01m[K/home/alex/Media/Develop/Job/ros2/rosbot/src/algorithms/local_planners/mppic/src/../include/mppi/Controller.hpp:9[m[K,
                 from [01m[K/home/alex/Media/Develop/Job/ros2/rosbot/src/algorithms/local_planners/mppic/src/Controller.cpp:1[m[K:
[01m[K/home/alex/Media/Develop/Job/ros2/rosbot/src/algorithms/local_planners/mppic/src/../include/mppi/Optimizer.hpp:184:11:[m[K [01;36m[Knote: [m[K  ‘[01m[Kxt::detail::xfunction_type_t<xt::detail::minus, const xt::xarray_container<xt::uvector<float, xsimd::aligned_allocator<float, 16> >, xt::layout_type::row_major, xt::svector<long unsigned int, 4, std::allocator<long unsigned int>, true>, xt::xtensor_expression_tag>&, xt::xreducer<xt::xreducer_functors<xt::math::minimum<float>, xt::const_value<float>, xt::math::minimum<float> >, const xt::xarray_container<xt::uvector<float, xsimd::aligned_allocator<float, 16> >, xt::layout_type::row_major, xt::svector<long unsigned int, 4, std::allocator<long unsigned int>, true>, xt::xtensor_expression_tag>&, xt::svector<long unsigned int, 4, std::allocator<long unsigned int>, true>, xt::reducer_options<float, std::tuple<xt::evaluation_strategy::lazy_type> > > >[m[K’ {aka ‘[01m[Kxt::xfunction<xt::detail::minus, const xt::xarray_container<xt::uvector<float, xsimd::aligned_allocator<float, 16> >, xt::layout_type::row_major, xt::svector<long unsigned int, 4, std::allocator<long unsigned int>, true>, xt::xtensor_expression_tag>&, xt::xreducer<xt::xreducer_functors<xt::math::minimum<float>, xt::const_value<float>, xt::math::minimum<float> >, const xt::xarray_container<xt::uvector<float, xsimd::aligned_allocator<float, 16> >, xt::layout_type::row_major, xt::svector<long unsigned int, 4, std::allocator<long unsigned int>, true>, xt::xtensor_expression_tag>&, xt::svector<long unsigned int, 4, std::allocator<long unsigned int>, true>, xt::reducer_options<float, std::tuple<xt::evaluation_strategy::lazy_type> > > >[m[K’} is not derived from ‘[01m[Kxt::xtensor_container<xt::uvector<float, xsimd::aligned_allocator<float, 16> >, N, xt::layout_type::row_major, xt::xtensor_expression_tag>[m[K’
  184 |     [01;36m[Kcosts = costs - xt::amin(costs)[m[K;
      |     [01;36m[K~~~~~~^~~~~~~~~~~~~~~~~~~~~~~~~[m[K
In file included from [01m[K/home/alex/Media/Develop/Job/ros2/rosbot/src/algorithms/local_planners/mppic/src/../include/mppi/Optimizer.hpp:13[m[K,
                 from [01m[K/home/alex/Media/Develop/Job/ros2/rosbot/src/algorithms/local_planners/mppic/src/../include/mppi/Controller.hpp:9[m[K,
                 from [01m[K/home/alex/Media/Develop/Job/ros2/rosbot/src/algorithms/local_planners/mppic/src/Controller.cpp:1[m[K:
[01m[K/home/alex/.conan/data/xtensor/0.21.5/_/_/package/5ab84d6acfe1f23c4fae0ab88f26e3a396351ac9/include/xtensor/xarray.hpp:489:17:[m[K [01;36m[Knote: [m[Kcandidate: ‘[01m[Kxt::xarray_container<EC, L, SC, Tag>::self_type& xt::xarray_container<EC, L, SC, Tag>::operator=(const xt::xexpression<E>&) [with E = xt::xfunction<xt::detail::minus, const xt::xarray_container<xt::uvector<float, xsimd::aligned_allocator<float, 16> >, xt::layout_type::row_major, xt::svector<long unsigned int, 4, std::allocator<long unsigned int>, true>, xt::xtensor_expression_tag>&, xt::xreducer<xt::xreducer_functors<xt::math::minimum<float>, xt::const_value<float>, xt::math::minimum<float> >, const xt::xarray_container<xt::uvector<float, xsimd::aligned_allocator<float, 16> >, xt::layout_type::row_major, xt::svector<long unsigned int, 4, std::allocator<long unsigned int>, true>, xt::xtensor_expression_tag>&, xt::svector<long unsigned int, 4, std::allocator<long unsigned int>, true>, xt::reducer_options<float, std::tuple<xt::evaluation_strategy::lazy_type> > > >; EC = xt::uvector<float, xsimd::aligned_allocator<float, 16> >; xt::layout_type L = xt::layout_type::row_major; SC = xt::svector<long unsigned int, 4, std::allocator<long unsigned int>, true>; Tag = xt::xtensor_expression_tag; xt::xarray_container<EC, L, SC, Tag>::self_type = xt::xarray_container<xt::uvector<float, xsimd::aligned_allocator<float, 16> >, xt::layout_type::row_major, xt::svector<long unsigned int, 4, std::allocator<long unsigned int>, true>, xt::xtensor_expression_tag>][m[K’ <near match>
  489 |     inline auto [01;36m[Kxarray_container<EC, L, SC, Tag>[m[K::operator=(const xexpression<E>& e) -> self_type&
      |                 [01;36m[K^~~~~~~~~~~~~~~~~~~~~~~~~~~~~~~~[m[K
[01m[K/home/alex/.conan/data/xtensor/0.21.5/_/_/package/5ab84d6acfe1f23c4fae0ab88f26e3a396351ac9/include/xtensor/xarray.hpp:489:17:[m[K [01;36m[Knote: [m[K  passing ‘[01m[Kconst xt::xarray_container<xt::uvector<float, xsimd::aligned_allocator<float, 16> >, xt::layout_type::row_major, xt::svector<long unsigned int, 4, std::allocator<long unsigned int>, true>, xt::xtensor_expression_tag>*[m[K’ as ‘[01m[Kthis[m[K’ argument discards qualifiers
In file included from [01m[K/opt/ros/foxy/include/class_loader/class_loader_core.hpp:57[m[K,
                 from [01m[K/opt/ros/foxy/include/class_loader/class_loader.hpp:55[m[K,
                 from [01m[K/opt/ros/foxy/include/class_loader/multi_library_class_loader.hpp:52[m[K,
                 from [01m[K/opt/ros/foxy/include/pluginlib/class_loader.hpp:58[m[K,
                 from [01m[K/opt/ros/foxy/include/nav2_costmap_2d/costmap_2d_ros.hpp:53[m[K,
                 from [01m[K/opt/ros/foxy/include/nav2_core/controller.hpp:42[m[K,
                 from [01m[K/home/alex/Media/Develop/Job/ros2/rosbot/src/algorithms/local_planners/mppic/src/../include/mppi/Controller.hpp:3[m[K,
                 from [01m[K/home/alex/Media/Develop/Job/ros2/rosbot/src/algorithms/local_planners/mppic/src/Controller.cpp:1[m[K:
/opt/ros/foxy/include/class_loader/meta_object.hpp: In instantiation of ‘[01m[KB* class_loader::impl::MetaObject<C, B>::create() const [with C = ultra::mppi::Controller<float>; B = nav2_core::Controller][m[K’:
[01m[K/opt/ros/foxy/include/class_loader/meta_object.hpp:216:7:[m[K   required from here
[01m[K/opt/ros/foxy/include/class_loader/meta_object.hpp:218:12:[m[K [01;31m[Kerror: [m[Kuse of deleted function ‘[01m[Kultra::mppi::Controller<T>::Controller() [with T = float][m[K’
  218 |     return [01;31m[Knew C[m[K;
      |            [01;31m[K^~~~~[m[K
In file included from [01m[K/home/alex/Media/Develop/Job/ros2/rosbot/src/algorithms/local_planners/mppic/src/Controller.cpp:1[m[K:
[01m[K/home/alex/Media/Develop/Job/ros2/rosbot/src/algorithms/local_planners/mppic/src/../include/mppi/Controller.hpp:34:3:[m[K [01;36m[Knote: [m[K‘[01m[Kultra::mppi::Controller<T>::Controller() [with T = float][m[K’ is implicitly deleted because the default definition would be ill-formed:
   34 |   [01;36m[KController[m[K() = default;
      |   [01;36m[K^~~~~~~~~~[m[K
[01m[K/home/alex/Media/Develop/Job/ros2/rosbot/src/algorithms/local_planners/mppic/src/../include/mppi/Controller.hpp:34:3:[m[K [01;31m[Kerror: [m[Kuse of deleted function ‘[01m[Kultra::mppi::optimization::Optimizer<T, Tensor, Model, Cost>::Optimizer() [with T = float; Tensor = xt::xarray_container<xt::uvector<float, xsimd::aligned_allocator<float, 16> >, xt::layout_type::row_major, xt::svector<long unsigned int, 4, std::allocator<long unsigned int>, true>, xt::xtensor_expression_tag>; Model = xt::xarray_container<xt::uvector<float, xsimd::aligned_allocator<float, 16> >, xt::layout_type::row_major, xt::svector<long unsigned int, 4, std::allocator<long unsigned int>, true>, xt::xtensor_expression_tag>(const xt::xarray_container<xt::uvector<float, xsimd::aligned_allocator<float, 16> >, xt::layout_type::row_major, xt::svector<long unsigned int, 4, std::allocator<long unsigned int>, true>, xt::xtensor_expression_tag>&); Cost = xt::xarray_container<xt::uvector<float, xsimd::aligned_allocator<float, 16> >, xt::layout_type::row_major, xt::svector<long unsigned int, 4, std::allocator<long unsigned int>, true>, xt::xtensor_expression_tag>(const xt::xarray_container<xt::uvector<float, xsimd::aligned_allocator<float, 16> >, xt::layout_type::row_major, xt::svector<long unsigned int, 4, std::allocator<long unsigned int>, true>, xt::xtensor_expression_tag>&, const nav_msgs::msg::Path_<std::allocator<void> >&, const std::shared_ptr<nav2_costmap_2d::Costmap2DROS>&)][m[K’
In file included from [01m[K/home/alex/Media/Develop/Job/ros2/rosbot/src/algorithms/local_planners/mppic/src/../include/mppi/Controller.hpp:9[m[K,
                 from [01m[K/home/alex/Media/Develop/Job/ros2/rosbot/src/algorithms/local_planners/mppic/src/Controller.cpp:1[m[K:
[01m[K/home/alex/Media/Develop/Job/ros2/rosbot/src/algorithms/local_planners/mppic/src/../include/mppi/Optimizer.hpp:43:3:[m[K [01;36m[Knote: [m[K‘[01m[Kultra::mppi::optimization::Optimizer<T, Tensor, Model, Cost>::Optimizer() [with T = float; Tensor = xt::xarray_container<xt::uvector<float, xsimd::aligned_allocator<float, 16> >, xt::layout_type::row_major, xt::svector<long unsigned int, 4, std::allocator<long unsigned int>, true>, xt::xtensor_expression_tag>; Model = xt::xarray_container<xt::uvector<float, xsimd::aligned_allocator<float, 16> >, xt::layout_type::row_major, xt::svector<long unsigned int, 4, std::allocator<long unsigned int>, true>, xt::xtensor_expression_tag>(const xt::xarray_container<xt::uvector<float, xsimd::aligned_allocator<float, 16> >, xt::layout_type::row_major, xt::svector<long unsigned int, 4, std::allocator<long unsigned int>, true>, xt::xtensor_expression_tag>&); Cost = xt::xarray_container<xt::uvector<float, xsimd::aligned_allocator<float, 16> >, xt::layout_type::row_major, xt::svector<long unsigned int, 4, std::allocator<long unsigned int>, true>, xt::xtensor_expression_tag>(const xt::xarray_container<xt::uvector<float, xsimd::aligned_allocator<float, 16> >, xt::layout_type::row_major, xt::svector<long unsigned int, 4, std::allocator<long unsigned int>, true>, xt::xtensor_expression_tag>&, const nav_msgs::msg::Path_<std::allocator<void> >&, const std::shared_ptr<nav2_costmap_2d::Costmap2DROS>&)][m[K’ is implicitly deleted because the default definition would be ill-formed:
   43 |   [01;36m[KOptimizer[m[K() = default;
      |   [01;36m[K^~~~~~~~~[m[K
[01m[K/home/alex/Media/Develop/Job/ros2/rosbot/src/algorithms/local_planners/mppic/src/../include/mppi/Optimizer.hpp:43:3:[m[K [01;31m[Kerror: [m[Kuninitialized reference member in ‘[01m[Kclass ultra::mppi::optimization::Optimizer<float, xt::xarray_container<xt::uvector<float, xsimd::aligned_allocator<float, 16> >, xt::layout_type::row_major, xt::svector<long unsigned int, 4, std::allocator<long unsigned int>, true>, xt::xtensor_expression_tag>, xt::xarray_container<xt::uvector<float, xsimd::aligned_allocator<float, 16> >, xt::layout_type::row_major, xt::svector<long unsigned int, 4, std::allocator<long unsigned int>, true>, xt::xtensor_expression_tag>(const xt::xarray_container<xt::uvector<float, xsimd::aligned_allocator<float, 16> >, xt::layout_type::row_major, xt::svector<long unsigned int, 4, std::allocator<long unsigned int>, true>, xt::xtensor_expression_tag>&), xt::xarray_container<xt::uvector<float, xsimd::aligned_allocator<float, 16> >, xt::layout_type::row_major, xt::svector<long unsigned int, 4, std::allocator<long unsigned int>, true>, xt::xtensor_expression_tag>(const xt::xarray_container<xt::uvector<float, xsimd::aligned_allocator<float, 16> >, xt::layout_type::row_major, xt::svector<long unsigned int, 4, std::allocator<long unsigned int>, true>, xt::xtensor_expression_tag>&, const nav_msgs::msg::Path_<std::allocator<void> >&, const std::shared_ptr<nav2_costmap_2d::Costmap2DROS>&)>[m[K’
[01m[K/home/alex/Media/Develop/Job/ros2/rosbot/src/algorithms/local_planners/mppic/src/../include/mppi/Optimizer.hpp:210:35:[m[K [01;36m[Knote: [m[K‘[01m[Kconst SharedPtr& ultra::mppi::optimization::Optimizer<float, xt::xarray_container<xt::uvector<float, xsimd::aligned_allocator<float, 16> >, xt::layout_type::row_major, xt::svector<long unsigned int, 4, std::allocator<long unsigned int>, true>, xt::xtensor_expression_tag>, xt::xarray_container<xt::uvector<float, xsimd::aligned_allocator<float, 16> >, xt::layout_type::row_major, xt::svector<long unsigned int, 4, std::allocator<long unsigned int>, true>, xt::xtensor_expression_tag>(const xt::xarray_container<xt::uvector<float, xsimd::aligned_allocator<float, 16> >, xt::layout_type::row_major, xt::svector<long unsigned int, 4, std::allocator<long unsigned int>, true>, xt::xtensor_expression_tag>&), xt::xarray_container<xt::uvector<float, xsimd::aligned_allocator<float, 16> >, xt::layout_type::row_major, xt::svector<long unsigned int, 4, std::allocator<long unsigned int>, true>, xt::xtensor_expression_tag>(const xt::xarray_container<xt::uvector<float, xsimd::aligned_allocator<float, 16> >, xt::layout_type::row_major, xt::svector<long unsigned int, 4, std::allocator<long unsigned int>, true>, xt::xtensor_expression_tag>&, const nav_msgs::msg::Path_<std::allocator<void> >&, const std::shared_ptr<nav2_costmap_2d::Costmap2DROS>&)>::parent_[m[K’ should be initialized
  210 |   const LifecycleNode::SharedPtr &[01;36m[Kparent_[m[K;
      |                                   [01;36m[K^~~~~~~[m[K
[01m[K/home/alex/Media/Develop/Job/ros2/rosbot/src/algorithms/local_planners/mppic/src/../include/mppi/Optimizer.hpp:43:3:[m[K [01;31m[Kerror: [m[Kuninitialized reference member in ‘[01m[Kclass ultra::mppi::optimization::Optimizer<float, xt::xarray_container<xt::uvector<float, xsimd::aligned_allocator<float, 16> >, xt::layout_type::row_major, xt::svector<long unsigned int, 4, std::allocator<long unsigned int>, true>, xt::xtensor_expression_tag>, xt::xarray_container<xt::uvector<float, xsimd::aligned_allocator<float, 16> >, xt::layout_type::row_major, xt::svector<long unsigned int, 4, std::allocator<long unsigned int>, true>, xt::xtensor_expression_tag>(const xt::xarray_container<xt::uvector<float, xsimd::aligned_allocator<float, 16> >, xt::layout_type::row_major, xt::svector<long unsigned int, 4, std::allocator<long unsigned int>, true>, xt::xtensor_expression_tag>&), xt::xarray_container<xt::uvector<float, xsimd::aligned_allocator<float, 16> >, xt::layout_type::row_major, xt::svector<long unsigned int, 4, std::allocator<long unsigned int>, true>, xt::xtensor_expression_tag>(const xt::xarray_container<xt::uvector<float, xsimd::aligned_allocator<float, 16> >, xt::layout_type::row_major, xt::svector<long unsigned int, 4, std::allocator<long unsigned int>, true>, xt::xtensor_expression_tag>&, const nav_msgs::msg::Path_<std::allocator<void> >&, const std::shared_ptr<nav2_costmap_2d::Costmap2DROS>&)>[m[K’
   43 |   [01;31m[KOptimizer[m[K() = default;
      |   [01;31m[K^~~~~~~~~[m[K
[01m[K/home/alex/Media/Develop/Job/ros2/rosbot/src/algorithms/local_planners/mppic/src/../include/mppi/Optimizer.hpp:211:22:[m[K [01;36m[Knote: [m[K‘[01m[Kconst string& ultra::mppi::optimization::Optimizer<float, xt::xarray_container<xt::uvector<float, xsimd::aligned_allocator<float, 16> >, xt::layout_type::row_major, xt::svector<long unsigned int, 4, std::allocator<long unsigned int>, true>, xt::xtensor_expression_tag>, xt::xarray_container<xt::uvector<float, xsimd::aligned_allocator<float, 16> >, xt::layout_type::row_major, xt::svector<long unsigned int, 4, std::allocator<long unsigned int>, true>, xt::xtensor_expression_tag>(const xt::xarray_container<xt::uvector<float, xsimd::aligned_allocator<float, 16> >, xt::layout_type::row_major, xt::svector<long unsigned int, 4, std::allocator<long unsigned int>, true>, xt::xtensor_expression_tag>&), xt::xarray_container<xt::uvector<float, xsimd::aligned_allocator<float, 16> >, xt::layout_type::row_major, xt::svector<long unsigned int, 4, std::allocator<long unsigned int>, true>, xt::xtensor_expression_tag>(const xt::xarray_container<xt::uvector<float, xsimd::aligned_allocator<float, 16> >, xt::layout_type::row_major, xt::svector<long unsigned int, 4, std::allocator<long unsigned int>, true>, xt::xtensor_expression_tag>&, const nav_msgs::msg::Path_<std::allocator<void> >&, const std::shared_ptr<nav2_costmap_2d::Costmap2DROS>&)>::node_name_[m[K’ should be initialized
  211 |   const std::string &[01;36m[Knode_name_[m[K;
      |                      [01;36m[K^~~~~~~~~~[m[K
[01m[K/home/alex/Media/Develop/Job/ros2/rosbot/src/algorithms/local_planners/mppic/src/../include/mppi/Optimizer.hpp:43:3:[m[K [01;31m[Kerror: [m[Kuninitialized reference member in ‘[01m[Kclass ultra::mppi::optimization::Optimizer<float, xt::xarray_container<xt::uvector<float, xsimd::aligned_allocator<float, 16> >, xt::layout_type::row_major, xt::svector<long unsigned int, 4, std::allocator<long unsigned int>, true>, xt::xtensor_expression_tag>, xt::xarray_container<xt::uvector<float, xsimd::aligned_allocator<float, 16> >, xt::layout_type::row_major, xt::svector<long unsigned int, 4, std::allocator<long unsigned int>, true>, xt::xtensor_expression_tag>(const xt::xarray_container<xt::uvector<float, xsimd::aligned_allocator<float, 16> >, xt::layout_type::row_major, xt::svector<long unsigned int, 4, std::allocator<long unsigned int>, true>, xt::xtensor_expression_tag>&), xt::xarray_container<xt::uvector<float, xsimd::aligned_allocator<float, 16> >, xt::layout_type::row_major, xt::svector<long unsigned int, 4, std::allocator<long unsigned int>, true>, xt::xtensor_expression_tag>(const xt::xarray_container<xt::uvector<float, xsimd::aligned_allocator<float, 16> >, xt::layout_type::row_major, xt::svector<long unsigned int, 4, std::allocator<long unsigned int>, true>, xt::xtensor_expression_tag>&, const nav_msgs::msg::Path_<std::allocator<void> >&, const std::shared_ptr<nav2_costmap_2d::Costmap2DROS>&)>[m[K’
   43 |   [01;31m[KOptimizer[m[K() = default;
      |   [01;31m[K^~~~~~~~~[m[K
[01m[K/home/alex/Media/Develop/Job/ros2/rosbot/src/algorithms/local_planners/mppic/src/../include/mppi/Optimizer.hpp:212:9:[m[K [01;36m[Knote: [m[K‘[01m[Knav_msgs::msg::Path& ultra::mppi::optimization::Optimizer<float, xt::xarray_container<xt::uvector<float, xsimd::aligned_allocator<float, 16> >, xt::layout_type::row_major, xt::svector<long unsigned int, 4, std::allocator<long unsigned int>, true>, xt::xtensor_expression_tag>, xt::xarray_container<xt::uvector<float, xsimd::aligned_allocator<float, 16> >, xt::layout_type::row_major, xt::svector<long unsigned int, 4, std::allocator<long unsigned int>, true>, xt::xtensor_expression_tag>(const xt::xarray_container<xt::uvector<float, xsimd::aligned_allocator<float, 16> >, xt::layout_type::row_major, xt::svector<long unsigned int, 4, std::allocator<long unsigned int>, true>, xt::xtensor_expression_tag>&), xt::xarray_container<xt::uvector<float, xsimd::aligned_allocator<float, 16> >, xt::layout_type::row_major, xt::svector<long unsigned int, 4, std::allocator<long unsigned int>, true>, xt::xtensor_expression_tag>(const xt::xarray_container<xt::uvector<float, xsimd::aligned_allocator<float, 16> >, xt::layout_type::row_major, xt::svector<long unsigned int, 4, std::allocator<long unsigned int>, true>, xt::xtensor_expression_tag>&, const nav_msgs::msg::Path_<std::allocator<void> >&, const std::shared_ptr<nav2_costmap_2d::Costmap2DROS>&)>::global_plan_[m[K’ should be initialized
  212 |   Path &[01;36m[Kglobal_plan_[m[K;
      |         [01;36m[K^~~~~~~~~~~~[m[K
[01m[K/home/alex/Media/Develop/Job/ros2/rosbot/src/algorithms/local_planners/mppic/src/../include/mppi/Optimizer.hpp:43:3:[m[K [01;31m[Kerror: [m[Kuninitialized reference member in ‘[01m[Kclass ultra::mppi::optimization::Optimizer<float, xt::xarray_container<xt::uvector<float, xsimd::aligned_allocator<float, 16> >, xt::layout_type::row_major, xt::svector<long unsigned int, 4, std::allocator<long unsigned int>, true>, xt::xtensor_expression_tag>, xt::xarray_container<xt::uvector<float, xsimd::aligned_allocator<float, 16> >, xt::layout_type::row_major, xt::svector<long unsigned int, 4, std::allocator<long unsigned int>, true>, xt::xtensor_expression_tag>(const xt::xarray_container<xt::uvector<float, xsimd::aligned_allocator<float, 16> >, xt::layout_type::row_major, xt::svector<long unsigned int, 4, std::allocator<long unsigned int>, true>, xt::xtensor_expression_tag>&), xt::xarray_container<xt::uvector<float, xsimd::aligned_allocator<float, 16> >, xt::layout_type::row_major, xt::svector<long unsigned int, 4, std::allocator<long unsigned int>, true>, xt::xtensor_expression_tag>(const xt::xarray_container<xt::uvector<float, xsimd::aligned_allocator<float, 16> >, xt::layout_type::row_major, xt::svector<long unsigned int, 4, std::allocator<long unsigned int>, true>, xt::xtensor_expression_tag>&, const nav_msgs::msg::Path_<std::allocator<void> >&, const std::shared_ptr<nav2_costmap_2d::Costmap2DROS>&)>[m[K’
   43 |   [01;31m[KOptimizer[m[K() = default;
      |   [01;31m[K^~~~~~~~~[m[K
[01m[K/home/alex/Media/Develop/Job/ros2/rosbot/src/algorithms/local_planners/mppic/src/../include/mppi/Optimizer.hpp:213:34:[m[K [01;36m[Knote: [m[K‘[01m[Kstd::shared_ptr<nav2_costmap_2d::Costmap2DROS>& ultra::mppi::optimization::Optimizer<float, xt::xarray_container<xt::uvector<float, xsimd::aligned_allocator<float, 16> >, xt::layout_type::row_major, xt::svector<long unsigned int, 4, std::allocator<long unsigned int>, true>, xt::xtensor_expression_tag>, xt::xarray_container<xt::uvector<float, xsimd::aligned_allocator<float, 16> >, xt::layout_type::row_major, xt::svector<long unsigned int, 4, std::allocator<long unsigned int>, true>, xt::xtensor_expression_tag>(const xt::xarray_container<xt::uvector<float, xsimd::aligned_allocator<float, 16> >, xt::layout_type::row_major, xt::svector<long unsigned int, 4, std::allocator<long unsigned int>, true>, xt::xtensor_expression_tag>&), xt::xarray_container<xt::uvector<float, xsimd::aligned_allocator<float, 16> >, xt::layout_type::row_major, xt::svector<long unsigned int, 4, std::allocator<long unsigned int>, true>, xt::xtensor_expression_tag>(const xt::xarray_container<xt::uvector<float, xsimd::aligned_allocator<float, 16> >, xt::layout_type::row_major, xt::svector<long unsigned int, 4, std::allocator<long unsigned int>, true>, xt::xtensor_expression_tag>&, const nav_msgs::msg::Path_<std::allocator<void> >&, const std::shared_ptr<nav2_costmap_2d::Costmap2DROS>&)>::costmap_ros_[m[K’ should be initialized
  213 |   std::shared_ptr<Costmap2DROS> &[01;36m[Kcostmap_ros_[m[K;
      |                                  [01;36m[K^~~~~~~~~~~~[m[K
[01m[K/home/alex/Media/Develop/Job/ros2/rosbot/src/algorithms/local_planners/mppic/src/../include/mppi/Optimizer.hpp:43:3:[m[K [01;31m[Kerror: [m[Kuninitialized reference member in ‘[01m[Kclass ultra::mppi::optimization::Optimizer<float, xt::xarray_container<xt::uvector<float, xsimd::aligned_allocator<float, 16> >, xt::layout_type::row_major, xt::svector<long unsigned int, 4, std::allocator<long unsigned int>, true>, xt::xtensor_expression_tag>, xt::xarray_container<xt::uvector<float, xsimd::aligned_allocator<float, 16> >, xt::layout_type::row_major, xt::svector<long unsigned int, 4, std::allocator<long unsigned int>, true>, xt::xtensor_expression_tag>(const xt::xarray_container<xt::uvector<float, xsimd::aligned_allocator<float, 16> >, xt::layout_type::row_major, xt::svector<long unsigned int, 4, std::allocator<long unsigned int>, true>, xt::xtensor_expression_tag>&), xt::xarray_container<xt::uvector<float, xsimd::aligned_allocator<float, 16> >, xt::layout_type::row_major, xt::svector<long unsigned int, 4, std::allocator<long unsigned int>, true>, xt::xtensor_expression_tag>(const xt::xarray_container<xt::uvector<float, xsimd::aligned_allocator<float, 16> >, xt::layout_type::row_major, xt::svector<long unsigned int, 4, std::allocator<long unsigned int>, true>, xt::xtensor_expression_tag>&, const nav_msgs::msg::Path_<std::allocator<void> >&, const std::shared_ptr<nav2_costmap_2d::Costmap2DROS>&)>[m[K’
   43 |   [01;31m[KOptimizer[m[K() = default;
      |   [01;31m[K^~~~~~~~~[m[K
[01m[K/home/alex/Media/Develop/Job/ros2/rosbot/src/algorithms/local_planners/mppic/src/../include/mppi/Optimizer.hpp:214:28:[m[K [01;36m[Knote: [m[K‘[01m[Kstd::shared_ptr<tf2_ros::Buffer>& ultra::mppi::optimization::Optimizer<float, xt::xarray_container<xt::uvector<float, xsimd::aligned_allocator<float, 16> >, xt::layout_type::row_major, xt::svector<long unsigned int, 4, std::allocator<long unsigned int>, true>, xt::xtensor_expression_tag>, xt::xarray_container<xt::uvector<float, xsimd::aligned_allocator<float, 16> >, xt::layout_type::row_major, xt::svector<long unsigned int, 4, std::allocator<long unsigned int>, true>, xt::xtensor_expression_tag>(const xt::xarray_container<xt::uvector<float, xsimd::aligned_allocator<float, 16> >, xt::layout_type::row_major, xt::svector<long unsigned int, 4, std::allocator<long unsigned int>, true>, xt::xtensor_expression_tag>&), xt::xarray_container<xt::uvector<float, xsimd::aligned_allocator<float, 16> >, xt::layout_type::row_major, xt::svector<long unsigned int, 4, std::allocator<long unsigned int>, true>, xt::xtensor_expression_tag>(const xt::xarray_container<xt::uvector<float, xsimd::aligned_allocator<float, 16> >, xt::layout_type::row_major, xt::svector<long unsigned int, 4, std::allocator<long unsigned int>, true>, xt::xtensor_expression_tag>&, const nav_msgs::msg::Path_<std::allocator<void> >&, const std::shared_ptr<nav2_costmap_2d::Costmap2DROS>&)>::tf_buffer_[m[K’ should be initialized
  214 |   std::shared_ptr<Buffer> &[01;36m[Ktf_buffer_[m[K;
      |                            [01;36m[K^~~~~~~~~~[m[K
make[2]: *** [src/CMakeFiles/mppic.dir/build.make:63: src/CMakeFiles/mppic.dir/Controller.cpp.o] Error 1
make[1]: *** [CMakeFiles/Makefile2:192: src/CMakeFiles/mppic.dir/all] Error 2
make[1]: *** Waiting for unfinished jobs....
[01m[K/home/alex/Media/Develop/Job/ros2/rosbot/src/algorithms/local_planners/mppic/test/OptimizerTest.cpp:[m[K In member function ‘[01m[Kvirtual void OptimizerTest::SetUp()[m[K’:
[01m[K/home/alex/Media/Develop/Job/ros2/rosbot/src/algorithms/local_planners/mppic/test/OptimizerTest.cpp:35:75:[m[K [01;31m[Kerror: [m[Kno matching function for call to ‘[01m[Kultra::mppi::optimization::Optimizer<float>::Optimizer(std::shared_ptr<rclcpp_lifecycle::LifecycleNode>&, std::__cxx11::basic_string<char>&, std::shared_ptr<tf2_ros::Buffer>&, std::shared_ptr<nav2_costmap_2d::Costmap2DROS>&, xt::xarray_container<xt::uvector<float, xsimd::aligned_allocator<float, 16> >, xt::layout_type::row_major, xt::svector<long unsigned int, 4, std::allocator<long unsigned int>, true>, xt::xtensor_expression_tag> (&)(const xt::xarray_container<xt::uvector<float, xsimd::aligned_allocator<float, 16> >, xt::layout_type::row_major, xt::svector<long unsigned int, 4, std::allocator<long unsigned int>, true>, xt::xtensor_expression_tag>&))[m[K’
   35 |     auto optimizer = Optimizer(node, node_name, tf_buffer, cost_map, model[01;31m[K)[m[K;
      |                                                                           [01;31m[K^[m[K
In file included from [01m[K/home/alex/Media/Develop/Job/ros2/rosbot/src/algorithms/local_planners/mppic/test/OptimizerTest.cpp:10[m[K:
[01m[K/home/alex/Media/Develop/Job/ros2/rosbot/src/algorithms/local_planners/mppic/test/../include/mppi/Optimizer.hpp:46:3:[m[K [01;36m[Knote: [m[Kcandidate: ‘[01m[Kultra::mppi::optimization::Optimizer<T, Tensor, Model, Cost>::Optimizer(const SharedPtr&, const string&, nav_msgs::msg::Path&, std::shared_ptr<tf2_ros::Buffer>&, std::shared_ptr<nav2_costmap_2d::Costmap2DROS>&, Model&&) [with T = float; Tensor = xt::xarray_container<xt::uvector<float, xsimd::aligned_allocator<float, 16> >, xt::layout_type::row_major, xt::svector<long unsigned int, 4, std::allocator<long unsigned int>, true>, xt::xtensor_expression_tag>; Model = xt::xarray_container<xt::uvector<float, xsimd::aligned_allocator<float, 16> >, xt::layout_type::row_major, xt::svector<long unsigned int, 4, std::allocator<long unsigned int>, true>, xt::xtensor_expression_tag>(const xt::xarray_container<xt::uvector<float, xsimd::aligned_allocator<float, 16> >, xt::layout_type::row_major, xt::svector<long unsigned int, 4, std::allocator<long unsigned int>, true>, xt::xtensor_expression_tag>&); Cost = xt::xarray_container<xt::uvector<float, xsimd::aligned_allocator<float, 16> >, xt::layout_type::row_major, xt::svector<long unsigned int, 4, std::allocator<long unsigned int>, true>, xt::xtensor_expression_tag>(const xt::xarray_container<xt::uvector<float, xsimd::aligned_allocator<float, 16> >, xt::layout_type::row_major, xt::svector<long unsigned int, 4, std::allocator<long unsigned int>, true>, xt::xtensor_expression_tag>&, const nav_msgs::msg::Path_<std::allocator<void> >&, const std::shared_ptr<nav2_costmap_2d::Costmap2DROS>&); rclcpp_lifecycle::LifecycleNode::SharedPtr = std::shared_ptr<rclcpp_lifecycle::LifecycleNode>; std::string = std::__cxx11::basic_string<char>; nav_msgs::msg::Path = nav_msgs::msg::Path_<std::allocator<void> >][m[K’
   46 |   [01;36m[KOptimizer[m[K(const LifecycleNode::SharedPtr &parent, const string &node_name,
      |   [01;36m[K^~~~~~~~~[m[K
[01m[K/home/alex/Media/Develop/Job/ros2/rosbot/src/algorithms/local_planners/mppic/test/../include/mppi/Optimizer.hpp:46:3:[m[K [01;36m[Knote: [m[K  candidate expects 6 arguments, 5 provided
[01m[K/home/alex/Media/Develop/Job/ros2/rosbot/src/algorithms/local_planners/mppic/test/../include/mppi/Optimizer.hpp:41:7:[m[K [01;36m[Knote: [m[Kcandidate: ‘[01m[Kultra::mppi::optimization::Optimizer<float>::Optimizer(const ultra::mppi::optimization::Optimizer<float>&)[m[K’
   41 | class [01;36m[KOptimizer[m[K {
      |       [01;36m[K^~~~~~~~~[m[K
[01m[K/home/alex/Media/Develop/Job/ros2/rosbot/src/algorithms/local_planners/mppic/test/../include/mppi/Optimizer.hpp:41:7:[m[K [01;36m[Knote: [m[K  candidate expects 1 argument, 5 provided
In file included from [01m[K/opt/ros/foxy/src/gtest_vendor/include/gtest/gtest.h:60[m[K,
                 from [01m[K/home/alex/Media/Develop/Job/ros2/rosbot/src/algorithms/local_planners/mppic/test/OptimizerTest.cpp:1[m[K:
[01m[K/home/alex/Media/Develop/Job/ros2/rosbot/src/algorithms/local_planners/mppic/test/OptimizerTest.cpp:[m[K In constructor ‘[01m[KOptimizerTest_evalNextControlTest_Test::OptimizerTest_evalNextControlTest_Test()[m[K’:
[01m[K/opt/ros/foxy/src/gtest_vendor/include/gtest/internal/gtest-internal.h:1397:57:[m[K [01;31m[Kerror: [m[Kuse of deleted function ‘[01m[KOptimizerTest::OptimizerTest()[m[K’
 1397 |     GTEST_TEST_CLASS_NAME_(test_case_name, test_name)() [01;31m[K{[m[K}                    \
      |                                                         [01;31m[K^[m[K
[01m[K/opt/ros/foxy/src/gtest_vendor/include/gtest/gtest.h:2346:3:[m[K [01;36m[Knote: [m[Kin expansion of macro ‘[01m[KGTEST_TEST_[m[K’
 2346 |   [01;36m[KGTEST_TEST_[m[K(test_fixture, test_name, test_fixture, \
      |   [01;36m[K^~~~~~~~~~~[m[K
[01m[K/home/alex/Media/Develop/Job/ros2/rosbot/src/algorithms/local_planners/mppic/test/OptimizerTest.cpp:43:1:[m[K [01;36m[Knote: [m[Kin expansion of macro ‘[01m[KTEST_F[m[K’
   43 | [01;36m[KTEST_F[m[K(OptimizerTest, evalNextControlTest) {
      | [01;36m[K^~~~~~[m[K
[01m[K/home/alex/Media/Develop/Job/ros2/rosbot/src/algorithms/local_planners/mppic/test/OptimizerTest.cpp:16:7:[m[K [01;36m[Knote: [m[K‘[01m[KOptimizerTest::OptimizerTest()[m[K’ is implicitly deleted because the default definition would be ill-formed:
   16 | class [01;36m[KOptimizerTest[m[K : public ::testing::Test {
      |       [01;36m[K^~~~~~~~~~~~~[m[K
[01m[K/home/alex/Media/Develop/Job/ros2/rosbot/src/algorithms/local_planners/mppic/test/OptimizerTest.cpp:16:7:[m[K [01;31m[Kerror: [m[Kuse of deleted function ‘[01m[Kultra::mppi::optimization::Optimizer<T, Tensor, Model, Cost>::Optimizer() [with T = float; Tensor = xt::xarray_container<xt::uvector<float, xsimd::aligned_allocator<float, 16> >, xt::layout_type::row_major, xt::svector<long unsigned int, 4, std::allocator<long unsigned int>, true>, xt::xtensor_expression_tag>; Model = xt::xarray_container<xt::uvector<float, xsimd::aligned_allocator<float, 16> >, xt::layout_type::row_major, xt::svector<long unsigned int, 4, std::allocator<long unsigned int>, true>, xt::xtensor_expression_tag>(const xt::xarray_container<xt::uvector<float, xsimd::aligned_allocator<float, 16> >, xt::layout_type::row_major, xt::svector<long unsigned int, 4, std::allocator<long unsigned int>, true>, xt::xtensor_expression_tag>&); Cost = xt::xarray_container<xt::uvector<float, xsimd::aligned_allocator<float, 16> >, xt::layout_type::row_major, xt::svector<long unsigned int, 4, std::allocator<long unsigned int>, true>, xt::xtensor_expression_tag>(const xt::xarray_container<xt::uvector<float, xsimd::aligned_allocator<float, 16> >, xt::layout_type::row_major, xt::svector<long unsigned int, 4, std::allocator<long unsigned int>, true>, xt::xtensor_expression_tag>&, const nav_msgs::msg::Path_<std::allocator<void> >&, const std::shared_ptr<nav2_costmap_2d::Costmap2DROS>&)][m[K’
In file included from [01m[K/home/alex/Media/Develop/Job/ros2/rosbot/src/algorithms/local_planners/mppic/test/OptimizerTest.cpp:10[m[K:
[01m[K/home/alex/Media/Develop/Job/ros2/rosbot/src/algorithms/local_planners/mppic/test/../include/mppi/Optimizer.hpp:43:3:[m[K [01;36m[Knote: [m[K‘[01m[Kultra::mppi::optimization::Optimizer<T, Tensor, Model, Cost>::Optimizer() [with T = float; Tensor = xt::xarray_container<xt::uvector<float, xsimd::aligned_allocator<float, 16> >, xt::layout_type::row_major, xt::svector<long unsigned int, 4, std::allocator<long unsigned int>, true>, xt::xtensor_expression_tag>; Model = xt::xarray_container<xt::uvector<float, xsimd::aligned_allocator<float, 16> >, xt::layout_type::row_major, xt::svector<long unsigned int, 4, std::allocator<long unsigned int>, true>, xt::xtensor_expression_tag>(const xt::xarray_container<xt::uvector<float, xsimd::aligned_allocator<float, 16> >, xt::layout_type::row_major, xt::svector<long unsigned int, 4, std::allocator<long unsigned int>, true>, xt::xtensor_expression_tag>&); Cost = xt::xarray_container<xt::uvector<float, xsimd::aligned_allocator<float, 16> >, xt::layout_type::row_major, xt::svector<long unsigned int, 4, std::allocator<long unsigned int>, true>, xt::xtensor_expression_tag>(const xt::xarray_container<xt::uvector<float, xsimd::aligned_allocator<float, 16> >, xt::layout_type::row_major, xt::svector<long unsigned int, 4, std::allocator<long unsigned int>, true>, xt::xtensor_expression_tag>&, const nav_msgs::msg::Path_<std::allocator<void> >&, const std::shared_ptr<nav2_costmap_2d::Costmap2DROS>&)][m[K’ is implicitly deleted because the default definition would be ill-formed:
   43 |   [01;36m[KOptimizer[m[K() = default;
      |   [01;36m[K^~~~~~~~~[m[K
[01m[K/home/alex/Media/Develop/Job/ros2/rosbot/src/algorithms/local_planners/mppic/test/../include/mppi/Optimizer.hpp:43:3:[m[K [01;31m[Kerror: [m[Kuninitialized reference member in ‘[01m[Kclass ultra::mppi::optimization::Optimizer<float>[m[K’
[01m[K/home/alex/Media/Develop/Job/ros2/rosbot/src/algorithms/local_planners/mppic/test/../include/mppi/Optimizer.hpp:210:35:[m[K [01;36m[Knote: [m[K‘[01m[Kconst SharedPtr& ultra::mppi::optimization::Optimizer<float>::parent_[m[K’ should be initialized
  210 |   const LifecycleNode::SharedPtr &[01;36m[Kparent_[m[K;
      |                                   [01;36m[K^~~~~~~[m[K
[01m[K/home/alex/Media/Develop/Job/ros2/rosbot/src/algorithms/local_planners/mppic/test/../include/mppi/Optimizer.hpp:43:3:[m[K [01;31m[Kerror: [m[Kuninitialized reference member in ‘[01m[Kclass ultra::mppi::optimization::Optimizer<float>[m[K’
   43 |   [01;31m[KOptimizer[m[K() = default;
      |   [01;31m[K^~~~~~~~~[m[K
[01m[K/home/alex/Media/Develop/Job/ros2/rosbot/src/algorithms/local_planners/mppic/test/../include/mppi/Optimizer.hpp:211:22:[m[K [01;36m[Knote: [m[K‘[01m[Kconst string& ultra::mppi::optimization::Optimizer<float>::node_name_[m[K’ should be initialized
  211 |   const std::string &[01;36m[Knode_name_[m[K;
      |                      [01;36m[K^~~~~~~~~~[m[K
[01m[K/home/alex/Media/Develop/Job/ros2/rosbot/src/algorithms/local_planners/mppic/test/../include/mppi/Optimizer.hpp:43:3:[m[K [01;31m[Kerror: [m[Kuninitialized reference member in ‘[01m[Kclass ultra::mppi::optimization::Optimizer<float>[m[K’
   43 |   [01;31m[KOptimizer[m[K() = default;
      |   [01;31m[K^~~~~~~~~[m[K
[01m[K/home/alex/Media/Develop/Job/ros2/rosbot/src/algorithms/local_planners/mppic/test/../include/mppi/Optimizer.hpp:212:9:[m[K [01;36m[Knote: [m[K‘[01m[Knav_msgs::msg::Path& ultra::mppi::optimization::Optimizer<float>::global_plan_[m[K’ should be initialized
  212 |   Path &[01;36m[Kglobal_plan_[m[K;
      |         [01;36m[K^~~~~~~~~~~~[m[K
[01m[K/home/alex/Media/Develop/Job/ros2/rosbot/src/algorithms/local_planners/mppic/test/../include/mppi/Optimizer.hpp:43:3:[m[K [01;31m[Kerror: [m[Kuninitialized reference member in ‘[01m[Kclass ultra::mppi::optimization::Optimizer<float>[m[K’
   43 |   [01;31m[KOptimizer[m[K() = default;
      |   [01;31m[K^~~~~~~~~[m[K
[01m[K/home/alex/Media/Develop/Job/ros2/rosbot/src/algorithms/local_planners/mppic/test/../include/mppi/Optimizer.hpp:213:34:[m[K [01;36m[Knote: [m[K‘[01m[Kstd::shared_ptr<nav2_costmap_2d::Costmap2DROS>& ultra::mppi::optimization::Optimizer<float>::costmap_ros_[m[K’ should be initialized
  213 |   std::shared_ptr<Costmap2DROS> &[01;36m[Kcostmap_ros_[m[K;
      |                                  [01;36m[K^~~~~~~~~~~~[m[K
[01m[K/home/alex/Media/Develop/Job/ros2/rosbot/src/algorithms/local_planners/mppic/test/../include/mppi/Optimizer.hpp:43:3:[m[K [01;31m[Kerror: [m[Kuninitialized reference member in ‘[01m[Kclass ultra::mppi::optimization::Optimizer<float>[m[K’
   43 |   [01;31m[KOptimizer[m[K() = default;
      |   [01;31m[K^~~~~~~~~[m[K
[01m[K/home/alex/Media/Develop/Job/ros2/rosbot/src/algorithms/local_planners/mppic/test/../include/mppi/Optimizer.hpp:214:28:[m[K [01;36m[Knote: [m[K‘[01m[Kstd::shared_ptr<tf2_ros::Buffer>& ultra::mppi::optimization::Optimizer<float>::tf_buffer_[m[K’ should be initialized
  214 |   std::shared_ptr<Buffer> &[01;36m[Ktf_buffer_[m[K;
      |                            [01;36m[K^~~~~~~~~~[m[K
/home/alex/Media/Develop/Job/ros2/rosbot/src/algorithms/local_planners/mppic/test/../include/mppi/Optimizer.hpp: In instantiation of ‘[01m[Kvoid ultra::mppi::optimization::Optimizer<T, Tensor, Model, Cost>::updateControlSequence(const Tensor&) [with T = float; Tensor = xt::xarray_container<xt::uvector<float, xsimd::aligned_allocator<float, 16> >, xt::layout_type::row_major, xt::svector<long unsigned int, 4, std::allocator<long unsigned int>, true>, xt::xtensor_expression_tag>; Model = xt::xarray_container<xt::uvector<float, xsimd::aligned_allocator<float, 16> >, xt::layout_type::row_major, xt::svector<long unsigned int, 4, std::allocator<long unsigned int>, true>, xt::xtensor_expression_tag>(const xt::xarray_container<xt::uvector<float, xsimd::aligned_allocator<float, 16> >, xt::layout_type::row_major, xt::svector<long unsigned int, 4, std::allocator<long unsigned int>, true>, xt::xtensor_expression_tag>&); Cost = xt::xarray_container<xt::uvector<float, xsimd::aligned_allocator<float, 16> >, xt::layout_type::row_major, xt::svector<long unsigned int, 4, std::allocator<long unsigned int>, true>, xt::xtensor_expression_tag>(const xt::xarray_container<xt::uvector<float, xsimd::aligned_allocator<float, 16> >, xt::layout_type::row_major, xt::svector<long unsigned int, 4, std::allocator<long unsigned int>, true>, xt::xtensor_expression_tag>&, const nav_msgs::msg::Path_<std::allocator<void> >&, const std::shared_ptr<nav2_costmap_2d::Costmap2DROS>&)][m[K’:
[01m[K/home/alex/Media/Develop/Job/ros2/rosbot/src/algorithms/local_planners/mppic/test/../include/mppi/Optimizer.hpp:89:7:[m[K   required from ‘[01m[Kgeometry_msgs::msg::TwistStamped ultra::mppi::optimization::Optimizer<T, Tensor, Model, Cost>::evalNextControl(const PoseStamped&, const Twist&) [with T = float; Tensor = xt::xarray_container<xt::uvector<float, xsimd::aligned_allocator<float, 16> >, xt::layout_type::row_major, xt::svector<long unsigned int, 4, std::allocator<long unsigned int>, true>, xt::xtensor_expression_tag>; Model = xt::xarray_container<xt::uvector<float, xsimd::aligned_allocator<float, 16> >, xt::layout_type::row_major, xt::svector<long unsigned int, 4, std::allocator<long unsigned int>, true>, xt::xtensor_expression_tag>(const xt::xarray_container<xt::uvector<float, xsimd::aligned_allocator<float, 16> >, xt::layout_type::row_major, xt::svector<long unsigned int, 4, std::allocator<long unsigned int>, true>, xt::xtensor_expression_tag>&); Cost = xt::xarray_container<xt::uvector<float, xsimd::aligned_allocator<float, 16> >, xt::layout_type::row_major, xt::svector<long unsigned int, 4, std::allocator<long unsigned int>, true>, xt::xtensor_expression_tag>(const xt::xarray_container<xt::uvector<float, xsimd::aligned_allocator<float, 16> >, xt::layout_type::row_major, xt::svector<long unsigned int, 4, std::allocator<long unsigned int>, true>, xt::xtensor_expression_tag>&, const nav_msgs::msg::Path_<std::allocator<void> >&, const std::shared_ptr<nav2_costmap_2d::Costmap2DROS>&); geometry_msgs::msg::TwistStamped = geometry_msgs::msg::TwistStamped_<std::allocator<void> >; geometry_msgs::msg::PoseStamped = geometry_msgs::msg::PoseStamped_<std::allocator<void> >; geometry_msgs::msg::Twist = geometry_msgs::msg::Twist_<std::allocator<void> >][m[K’
[01m[K/home/alex/Media/Develop/Job/ros2/rosbot/src/algorithms/local_planners/mppic/test/OptimizerTest.cpp:49:49:[m[K   required from here
[01m[K/home/alex/Media/Develop/Job/ros2/rosbot/src/algorithms/local_planners/mppic/test/../include/mppi/Optimizer.hpp:184:11:[m[K [01;31m[Kerror: [m[Kno match for ‘[01m[Koperator=[m[K’ (operand types are ‘[01m[Kconst xt::xarray_container<xt::uvector<float, xsimd::aligned_allocator<float, 16> >, xt::layout_type::row_major, xt::svector<long unsigned int, 4, std::allocator<long unsigned int>, true>, xt::xtensor_expression_tag>[m[K’ and ‘[01m[Kxt::detail::xfunction_type_t<xt::detail::minus, const xt::xarray_container<xt::uvector<float, xsimd::aligned_allocator<float, 16> >, xt::layout_type::row_major, xt::svector<long unsigned int, 4, std::allocator<long unsigned int>, true>, xt::xtensor_expression_tag>&, xt::xreducer<xt::xreducer_functors<xt::math::minimum<float>, xt::const_value<float>, xt::math::minimum<float> >, const xt::xarray_container<xt::uvector<float, xsimd::aligned_allocator<float, 16> >, xt::layout_type::row_major, xt::svector<long unsigned int, 4, std::allocator<long unsigned int>, true>, xt::xtensor_expression_tag>&, xt::svector<long unsigned int, 4, std::allocator<long unsigned int>, true>, xt::reducer_options<float, std::tuple<xt::evaluation_strategy::lazy_type> > > >[m[K’ {aka ‘[01m[Kxt::xfunction<xt::detail::minus, const xt::xarray_container<xt::uvector<float, xsimd::aligned_allocator<float, 16> >, xt::layout_type::row_major, xt::svector<long unsigned int, 4, std::allocator<long unsigned int>, true>, xt::xtensor_expression_tag>&, xt::xreducer<xt::xreducer_functors<xt::math::minimum<float>, xt::const_value<float>, xt::math::minimum<float> >, const xt::xarray_container<xt::uvector<float, xsimd::aligned_allocator<float, 16> >, xt::layout_type::row_major, xt::svector<long unsigned int, 4, std::allocator<long unsigned int>, true>, xt::xtensor_expression_tag>&, xt::svector<long unsigned int, 4, std::allocator<long unsigned int>, true>, xt::reducer_options<float, std::tuple<xt::evaluation_strategy::lazy_type> > > >[m[K’})
  184 |     [01;31m[Kcosts = costs - xt::amin(costs)[m[K;
      |     [01;31m[K~~~~~~^~~~~~~~~~~~~~~~~~~~~~~~~[m[K
In file included from [01m[K/home/alex/Media/Develop/Job/ros2/rosbot/src/algorithms/local_planners/mppic/test/../include/mppi/Optimizer.hpp:13[m[K,
                 from [01m[K/home/alex/Media/Develop/Job/ros2/rosbot/src/algorithms/local_planners/mppic/test/OptimizerTest.cpp:10[m[K:
[01m[K/home/alex/.conan/data/xtensor/0.21.5/_/_/package/5ab84d6acfe1f23c4fae0ab88f26e3a396351ac9/include/xtensor/xarray.hpp:128:27:[m[K [01;36m[Knote: [m[Kcandidate: ‘[01m[Kxt::xarray_container<EC, L, SC, Tag>& xt::xarray_container<EC, L, SC, Tag>::operator=(const xt::xarray_container<EC, L, SC, Tag>&) [with EC = xt::uvector<float, xsimd::aligned_allocator<float, 16> >; xt::layout_type L = xt::layout_type::row_major; SC = xt::svector<long unsigned int, 4, std::allocator<long unsigned int>, true>; Tag = xt::xtensor_expression_tag][m[K’ <near match>
  128 |         xarray_container& [01;36m[Koperator[m[K=(const xarray_container&) = default;
      |                           [01;36m[K^~~~~~~~[m[K
[01m[K/home/alex/.conan/data/xtensor/0.21.5/_/_/package/5ab84d6acfe1f23c4fae0ab88f26e3a396351ac9/include/xtensor/xarray.hpp:128:27:[m[K [01;36m[Knote: [m[K  passing ‘[01m[Kconst xt::xarray_container<xt::uvector<float, xsimd::aligned_allocator<float, 16> >, xt::layout_type::row_major, xt::svector<long unsigned int, 4, std::allocator<long unsigned int>, true>, xt::xtensor_expression_tag>*[m[K’ as ‘[01m[Kthis[m[K’ argument discards qualifiers
[01m[K/home/alex/.conan/data/xtensor/0.21.5/_/_/package/5ab84d6acfe1f23c4fae0ab88f26e3a396351ac9/include/xtensor/xarray.hpp:131:27:[m[K [01;36m[Knote: [m[Kcandidate: ‘[01m[Kxt::xarray_container<EC, L, SC, Tag>& xt::xarray_container<EC, L, SC, Tag>::operator=(xt::xarray_container<EC, L, SC, Tag>&&) [with EC = xt::uvector<float, xsimd::aligned_allocator<float, 16> >; xt::layout_type L = xt::layout_type::row_major; SC = xt::svector<long unsigned int, 4, std::allocator<long unsigned int>, true>; Tag = xt::xtensor_expression_tag][m[K’ <near match>
  131 |         xarray_container& [01;36m[Koperator[m[K=(xarray_container&&) = default;
      |                           [01;36m[K^~~~~~~~[m[K
[01m[K/home/alex/.conan/data/xtensor/0.21.5/_/_/package/5ab84d6acfe1f23c4fae0ab88f26e3a396351ac9/include/xtensor/xarray.hpp:131:27:[m[K [01;36m[Knote: [m[K  passing ‘[01m[Kconst xt::xarray_container<xt::uvector<float, xsimd::aligned_allocator<float, 16> >, xt::layout_type::row_major, xt::svector<long unsigned int, 4, std::allocator<long unsigned int>, true>, xt::xtensor_expression_tag>*[m[K’ as ‘[01m[Kthis[m[K’ argument discards qualifiers
[01m[K/home/alex/.conan/data/xtensor/0.21.5/_/_/package/5ab84d6acfe1f23c4fae0ab88f26e3a396351ac9/include/xtensor/xarray.hpp:136:27:[m[K [01;36m[Knote: [m[Kcandidate: ‘[01m[Ktemplate<long unsigned int N> xt::xarray_container<EC, L, SC, Tag>& xt::xarray_container<EC, L, SC, Tag>::operator=(xt::xtensor_container<EC, N, L, Tag>&&) [with long unsigned int N = N; EC = xt::uvector<float, xsimd::aligned_allocator<float, 16> >; xt::layout_type L = xt::layout_type::row_major; SC = xt::svector<long unsigned int, 4, std::allocator<long unsigned int>, true>; Tag = xt::xtensor_expression_tag][m[K’
  136 |         xarray_container& [01;36m[Koperator[m[K=(xtensor_container<EC, N, L, Tag>&& rhs);
      |                           [01;36m[K^~~~~~~~[m[K
[01m[K/home/alex/.conan/data/xtensor/0.21.5/_/_/package/5ab84d6acfe1f23c4fae0ab88f26e3a396351ac9/include/xtensor/xarray.hpp:136:27:[m[K [01;36m[Knote: [m[K  template argument deduction/substitution failed:
In file included from [01m[K/home/alex/Media/Develop/Job/ros2/rosbot/src/algorithms/local_planners/mppic/test/OptimizerTest.cpp:10[m[K:
[01m[K/home/alex/Media/Develop/Job/ros2/rosbot/src/algorithms/local_planners/mppic/test/../include/mppi/Optimizer.hpp:184:11:[m[K [01;36m[Knote: [m[K  ‘[01m[Kxt::detail::xfunction_type_t<xt::detail::minus, const xt::xarray_container<xt::uvector<float, xsimd::aligned_allocator<float, 16> >, xt::layout_type::row_major, xt::svector<long unsigned int, 4, std::allocator<long unsigned int>, true>, xt::xtensor_expression_tag>&, xt::xreducer<xt::xreducer_functors<xt::math::minimum<float>, xt::const_value<float>, xt::math::minimum<float> >, const xt::xarray_container<xt::uvector<float, xsimd::aligned_allocator<float, 16> >, xt::layout_type::row_major, xt::svector<long unsigned int, 4, std::allocator<long unsigned int>, true>, xt::xtensor_expression_tag>&, xt::svector<long unsigned int, 4, std::allocator<long unsigned int>, true>, xt::reducer_options<float, std::tuple<xt::evaluation_strategy::lazy_type> > > >[m[K’ {aka ‘[01m[Kxt::xfunction<xt::detail::minus, const xt::xarray_container<xt::uvector<float, xsimd::aligned_allocator<float, 16> >, xt::layout_type::row_major, xt::svector<long unsigned int, 4, std::allocator<long unsigned int>, true>, xt::xtensor_expression_tag>&, xt::xreducer<xt::xreducer_functors<xt::math::minimum<float>, xt::const_value<float>, xt::math::minimum<float> >, const xt::xarray_container<xt::uvector<float, xsimd::aligned_allocator<float, 16> >, xt::layout_type::row_major, xt::svector<long unsigned int, 4, std::allocator<long unsigned int>, true>, xt::xtensor_expression_tag>&, xt::svector<long unsigned int, 4, std::allocator<long unsigned int>, true>, xt::reducer_options<float, std::tuple<xt::evaluation_strategy::lazy_type> > > >[m[K’} is not derived from ‘[01m[Kxt::xtensor_container<xt::uvector<float, xsimd::aligned_allocator<float, 16> >, N, xt::layout_type::row_major, xt::xtensor_expression_tag>[m[K’
  184 |     [01;36m[Kcosts = costs - xt::amin(costs)[m[K;
      |     [01;36m[K~~~~~~^~~~~~~~~~~~~~~~~~~~~~~~~[m[K
In file included from [01m[K/home/alex/Media/Develop/Job/ros2/rosbot/src/algorithms/local_planners/mppic/test/../include/mppi/Optimizer.hpp:13[m[K,
                 from [01m[K/home/alex/Media/Develop/Job/ros2/rosbot/src/algorithms/local_planners/mppic/test/OptimizerTest.cpp:10[m[K:
[01m[K/home/alex/.conan/data/xtensor/0.21.5/_/_/package/5ab84d6acfe1f23c4fae0ab88f26e3a396351ac9/include/xtensor/xarray.hpp:489:17:[m[K [01;36m[Knote: [m[Kcandidate: ‘[01m[Kxt::xarray_container<EC, L, SC, Tag>::self_type& xt::xarray_container<EC, L, SC, Tag>::operator=(const xt::xexpression<E>&) [with E = xt::xfunction<xt::detail::minus, const xt::xarray_container<xt::uvector<float, xsimd::aligned_allocator<float, 16> >, xt::layout_type::row_major, xt::svector<long unsigned int, 4, std::allocator<long unsigned int>, true>, xt::xtensor_expression_tag>&, xt::xreducer<xt::xreducer_functors<xt::math::minimum<float>, xt::const_value<float>, xt::math::minimum<float> >, const xt::xarray_container<xt::uvector<float, xsimd::aligned_allocator<float, 16> >, xt::layout_type::row_major, xt::svector<long unsigned int, 4, std::allocator<long unsigned int>, true>, xt::xtensor_expression_tag>&, xt::svector<long unsigned int, 4, std::allocator<long unsigned int>, true>, xt::reducer_options<float, std::tuple<xt::evaluation_strategy::lazy_type> > > >; EC = xt::uvector<float, xsimd::aligned_allocator<float, 16> >; xt::layout_type L = xt::layout_type::row_major; SC = xt::svector<long unsigned int, 4, std::allocator<long unsigned int>, true>; Tag = xt::xtensor_expression_tag; xt::xarray_container<EC, L, SC, Tag>::self_type = xt::xarray_container<xt::uvector<float, xsimd::aligned_allocator<float, 16> >, xt::layout_type::row_major, xt::svector<long unsigned int, 4, std::allocator<long unsigned int>, true>, xt::xtensor_expression_tag>][m[K’ <near match>
  489 |     inline auto [01;36m[Kxarray_container<EC, L, SC, Tag>[m[K::operator=(const xexpression<E>& e) -> self_type&
      |                 [01;36m[K^~~~~~~~~~~~~~~~~~~~~~~~~~~~~~~~[m[K
[01m[K/home/alex/.conan/data/xtensor/0.21.5/_/_/package/5ab84d6acfe1f23c4fae0ab88f26e3a396351ac9/include/xtensor/xarray.hpp:489:17:[m[K [01;36m[Knote: [m[K  passing ‘[01m[Kconst xt::xarray_container<xt::uvector<float, xsimd::aligned_allocator<float, 16> >, xt::layout_type::row_major, xt::svector<long unsigned int, 4, std::allocator<long unsigned int>, true>, xt::xtensor_expression_tag>*[m[K’ as ‘[01m[Kthis[m[K’ argument discards qualifiers
make[2]: *** [test/CMakeFiles/optimizer-test.dir/build.make:63: test/CMakeFiles/optimizer-test.dir/OptimizerTest.cpp.o] Error 1
make[1]: *** [CMakeFiles/Makefile2:220: test/CMakeFiles/optimizer-test.dir/all] Error 2
make: *** [Makefile:141: all] Error 2
