-- The C compiler identification is GNU 9.3.0
-- The CXX compiler identification is GNU 9.3.0
-- Check for working C compiler: /usr/bin/gcc-9
-- Check for working C compiler: /usr/bin/gcc-9 -- works
-- Detecting C compiler ABI info
-- Detecting C compiler ABI info - done
-- Detecting C compile features
-- Detecting C compile features - done
-- Check for working CXX compiler: /usr/bin/g++-9
-- Check for working CXX compiler: /usr/bin/g++-9 -- works
-- Detecting CXX compiler ABI info
-- Detecting CXX compiler ABI info - done
-- Detecting CXX compile features
-- Detecting CXX compile features - done
-- Found ament_cmake: 0.9.8 (/opt/ros/foxy/share/ament_cmake/cmake)
-- Found PythonInterp: /usr/bin/python3 (found suitable version "3.8.10", minimum required is "3") 
-- Using PYTHON_EXECUTABLE: /usr/bin/python3
-- Override CMake install command with custom implementation using symlinks instead of copying resources
-- Found nav2_common: 0.4.7 (/opt/ros/foxy/share/nav2_common/cmake)
-- Downloading conan.cmake from https://github.com/conan-io/cmake-conan
-- Conan: Automatic detection of conan settings from cmake
-- Conan: Settings= -s;build_type=Debug;-s;compiler=gcc;-s;compiler.version=9;-s;compiler.libcxx=libstdc++11
-- Conan: checking conan executable
-- Conan: Found program /home/alex/.local/bin/conan
-- Conan: Version found Conan version 1.36.0

-- Conan executing: /home/alex/.local/bin/conan install . -s build_type=Debug -s compiler=gcc -s compiler.version=9 -s compiler.libcxx=libstdc++11 -g=cmake
Configuration:
[settings]
arch=x86_64
arch_build=x86_64
build_type=Debug
compiler=gcc
compiler.libcxx=libstdc++11
compiler.version=9
os=Linux
os_build=Linux
[options]
[build_requires]
[env]

conanfile.txt: Installing package
Requirements
    nlohmann_json/3.7.3 from 'conan-center' - Cache
    xsimd/7.4.6 from 'conan-center' - Cache
    xtensor/0.21.5 from 'conan-center' - Cache
    xtl/0.6.12 from 'conan-center' - Cache
Packages
    nlohmann_json/3.7.3:5ab84d6acfe1f23c4fae0ab88f26e3a396351ac9 - Cache
    xsimd/7.4.6:5ab84d6acfe1f23c4fae0ab88f26e3a396351ac9 - Cache
    xtensor/0.21.5:5ab84d6acfe1f23c4fae0ab88f26e3a396351ac9 - Cache
    xtl/0.6.12:5ab84d6acfe1f23c4fae0ab88f26e3a396351ac9 - Cache

Installing (downloading, building) binaries...
nlohmann_json/3.7.3: Already installed!
xsimd/7.4.6: Already installed!
xtl/0.6.12: Already installed!
xtensor/0.21.5: Already installed!
conanfile.txt: Generator txt created conanbuildinfo.txt
conanfile.txt: Generator cmake created conanbuildinfo.cmake
conanfile.txt: Generated conaninfo.txt
conanfile.txt: Generated graphinfo
-- Conan: Loading conanbuildinfo.cmake
-- Conan: Adjusting output directories
-- Conan: Using cmake targets configuration
-- Conan: Adjusting default RPATHs Conan policies
-- Conan: Adjusting language standard
-- Current conanbuildinfo.cmake directory: /home/alex/Media/Develop/Job/ros2/rosbot/src/algorithms/local_planners/build/mppic
-- Conan: Compiler GCC>=5, checking major version 9
-- Conan: Checking correct version: 9
-- Found rclcpp: 2.3.1 (/opt/ros/foxy/share/rclcpp/cmake)
-- Using all available rosidl_typesupport_c: rosidl_typesupport_fastrtps_c;rosidl_typesupport_introspection_c
-- Found rosidl_adapter: 1.2.1 (/opt/ros/foxy/share/rosidl_adapter/cmake)
-- Found OpenSSL: /usr/lib/x86_64-linux-gnu/libcrypto.so (found version "1.1.1f")  
-- Found FastRTPS: /opt/ros/foxy/include  
-- Using all available rosidl_typesupport_cpp: rosidl_typesupport_fastrtps_cpp;rosidl_typesupport_introspection_cpp
-- Found rmw_implementation_cmake: 1.0.3 (/opt/ros/foxy/share/rmw_implementation_cmake/cmake)
-- Using RMW implementation 'rmw_fastrtps_cpp' as default
-- Looking for pthread.h
-- Looking for pthread.h - found
-- Performing Test CMAKE_HAVE_LIBC_PTHREAD
-- Performing Test CMAKE_HAVE_LIBC_PTHREAD - Failed
-- Looking for pthread_create in pthreads
-- Looking for pthread_create in pthreads - not found
-- Looking for pthread_create in pthread
-- Looking for pthread_create in pthread - found
-- Found Threads: TRUE  
-- Found pluginlib: 2.5.3 (/opt/ros/foxy/share/pluginlib/cmake)
-- Found tf2: 0.13.10 (/opt/ros/foxy/share/tf2/cmake)
-- Found nav_msgs: 2.0.4 (/opt/ros/foxy/share/nav_msgs/cmake)
-- Found nav2_core: 0.4.7 (/opt/ros/foxy/share/nav2_core/cmake)
-- Found Eigen3: TRUE (found version "3.3.7") 
-- Found ament_cmake_gtest: 0.9.8 (/opt/ros/foxy/share/ament_cmake_gtest/cmake)
-- Found gtest sources under '/opt/ros/foxy/src/gtest_vendor': C++ tests using 'Google Test' will be built
-- Check if compiler accepts -pthread
-- Check if compiler accepts -pthread - yes
-- Configuring done
-- Generating done
-- Build files have been written to: /home/alex/Media/Develop/Job/ros2/rosbot/src/algorithms/local_planners/build/mppic
[35m[1mScanning dependencies of target gtest[0m
[35m[1mScanning dependencies of target gtest_main[0m
[35m[1mScanning dependencies of target mppic[0m
[ 12%] [32mBuilding CXX object gtest/CMakeFiles/gtest_main.dir/src/gtest_main.cc.o[0m
[ 25%] [32mBuilding CXX object gtest/CMakeFiles/gtest.dir/src/gtest-all.cc.o[0m
[ 37%] [32mBuilding CXX object src/CMakeFiles/mppic.dir/Controller.cpp.o[0m
[ 50%] [32m[1mLinking CXX static library ../lib/libgtest_main.a[0m
[ 50%] Built target gtest_main
[ 62%] [32m[1mLinking CXX static library ../lib/libgtest.a[0m
[ 62%] Built target gtest
[35m[1mScanning dependencies of target optimizer-test[0m
[ 75%] [32mBuilding CXX object test/CMakeFiles/optimizer-test.dir/OptimizerTest.cpp.o[0m
