[0.022s] Invoking command in '/home/alex/Media/Develop/Job/ros2/rosbot/src/algorithms/local_planners/build/mppic': CMAKE_PREFIX_PATH=/opt/ros/foxy /usr/bin/cmake /home/alex/Media/Develop/Job/ros2/rosbot/src/algorithms/local_planners/mppic -DCMAKE_BUILD_TYPE=DEBUG -DCMAKE_EXPORT_COMPILE_COMMANDS=ON -DBUILD_TESTING=ON -DAMENT_CMAKE_SYMLINK_INSTALL=1 -DCMAKE_INSTALL_PREFIX=/home/alex/Media/Develop/Job/ros2/rosbot/src/algorithms/local_planners/install/mppic
[0.233s] -- The C compiler identification is GNU 9.3.0
[0.332s] -- The CXX compiler identification is GNU 9.3.0
[0.345s] -- Check for working C compiler: /usr/bin/gcc-9
[0.503s] -- Check for working C compiler: /usr/bin/gcc-9 -- works
[0.507s] -- Detecting C compiler ABI info
[0.677s] -- Detecting C compiler ABI info - done
[0.696s] -- Detecting C compile features
[0.697s] -- Detecting C compile features - done
[0.705s] -- Check for working CXX compiler: /usr/bin/g++-9
[0.879s] -- Check for working CXX compiler: /usr/bin/g++-9 -- works
[0.880s] -- Detecting CXX compiler ABI info
[1.071s] -- Detecting CXX compiler ABI info - done
[1.087s] -- Detecting CXX compile features
[1.087s] -- Detecting CXX compile features - done
[1.097s] -- Found ament_cmake: 0.9.8 (/opt/ros/foxy/share/ament_cmake/cmake)
[1.131s] -- Found PythonInterp: /usr/bin/python3 (found suitable version "3.8.10", minimum required is "3") 
[1.131s] -- Using PYTHON_EXECUTABLE: /usr/bin/python3
[1.362s] -- Override CMake install command with custom implementation using symlinks instead of copying resources
[1.407s] -- Found nav2_common: 0.4.7 (/opt/ros/foxy/share/nav2_common/cmake)
[1.408s] -- Downloading conan.cmake from https://github.com/conan-io/cmake-conan
[1.879s] -- Conan: Automatic detection of conan settings from cmake
[1.917s] -- Conan: Settings= -s;build_type=Debug;-s;compiler=gcc;-s;compiler.version=9;-s;compiler.libcxx=libstdc++11
[1.918s] -- Conan: checking conan executable
[1.919s] -- Conan: Found program /home/alex/.local/bin/conan
[2.382s] -- Conan: Version found Conan version 1.36.0
[2.382s] 
[2.383s] -- Conan executing: /home/alex/.local/bin/conan install . -s build_type=Debug -s compiler=gcc -s compiler.version=9 -s compiler.libcxx=libstdc++11 -g=cmake
[2.832s] Configuration:
[2.833s] [settings]
[2.833s] arch=x86_64
[2.833s] arch_build=x86_64
[2.833s] build_type=Debug
[2.834s] compiler=gcc
[2.834s] compiler.libcxx=libstdc++11
[2.834s] compiler.version=9
[2.834s] os=Linux
[2.834s] os_build=Linux
[2.835s] [options]
[2.835s] [build_requires]
[2.835s] [env]
[2.835s] 
[2.855s] conanfile.txt: Installing package
[2.855s] Requirements
[2.856s]     nlohmann_json/3.7.3 from 'conan-center' - Cache
[2.856s]     xsimd/7.4.6 from 'conan-center' - Cache
[2.857s]     xtensor/0.21.5 from 'conan-center' - Cache
[2.857s]     xtl/0.6.12 from 'conan-center' - Cache
[2.857s] Packages
[2.857s]     nlohmann_json/3.7.3:5ab84d6acfe1f23c4fae0ab88f26e3a396351ac9 - Cache
[2.858s]     xsimd/7.4.6:5ab84d6acfe1f23c4fae0ab88f26e3a396351ac9 - Cache
[2.858s]     xtensor/0.21.5:5ab84d6acfe1f23c4fae0ab88f26e3a396351ac9 - Cache
[2.858s]     xtl/0.6.12:5ab84d6acfe1f23c4fae0ab88f26e3a396351ac9 - Cache
[2.859s] 
[2.859s] Installing (downloading, building) binaries...
[2.859s] nlohmann_json/3.7.3: Already installed!
[2.860s] xsimd/7.4.6: Already installed!
[2.860s] xtl/0.6.12: Already installed!
[2.860s] xtensor/0.21.5: Already installed!
[2.860s] conanfile.txt: Generator txt created conanbuildinfo.txt
[2.861s] conanfile.txt: Generator cmake created conanbuildinfo.cmake
[2.863s] conanfile.txt: Generated conaninfo.txt
[2.863s] conanfile.txt: Generated graphinfo
[2.918s] -- Conan: Loading conanbuildinfo.cmake
[2.921s] -- Conan: Adjusting output directories
[2.922s] -- Conan: Using cmake targets configuration
[2.923s] -- Conan: Adjusting default RPATHs Conan policies
[2.923s] -- Conan: Adjusting language standard
[2.924s] -- Current conanbuildinfo.cmake directory: /home/alex/Media/Develop/Job/ros2/rosbot/src/algorithms/local_planners/build/mppic
[2.924s] -- Conan: Compiler GCC>=5, checking major version 9
[2.924s] -- Conan: Checking correct version: 9
[2.928s] -- Found rclcpp: 2.3.1 (/opt/ros/foxy/share/rclcpp/cmake)
[2.982s] -- Using all available rosidl_typesupport_c: rosidl_typesupport_fastrtps_c;rosidl_typesupport_introspection_c
[2.990s] -- Found rosidl_adapter: 1.2.1 (/opt/ros/foxy/share/rosidl_adapter/cmake)
[3.105s] -- Found OpenSSL: /usr/lib/x86_64-linux-gnu/libcrypto.so (found version "1.1.1f")  
[3.147s] -- Found FastRTPS: /opt/ros/foxy/include  
[3.242s] -- Using all available rosidl_typesupport_cpp: rosidl_typesupport_fastrtps_cpp;rosidl_typesupport_introspection_cpp
[3.305s] -- Found rmw_implementation_cmake: 1.0.3 (/opt/ros/foxy/share/rmw_implementation_cmake/cmake)
[3.307s] -- Using RMW implementation 'rmw_fastrtps_cpp' as default
[3.314s] -- Looking for pthread.h
[3.488s] -- Looking for pthread.h - found
[3.490s] -- Performing Test CMAKE_HAVE_LIBC_PTHREAD
[3.664s] -- Performing Test CMAKE_HAVE_LIBC_PTHREAD - Failed
[3.665s] -- Looking for pthread_create in pthreads
[3.793s] -- Looking for pthread_create in pthreads - not found
[3.794s] -- Looking for pthread_create in pthread
[3.952s] -- Looking for pthread_create in pthread - found
[3.954s] -- Found Threads: TRUE  
[4.126s] -- Found pluginlib: 2.5.3 (/opt/ros/foxy/share/pluginlib/cmake)
[4.167s] -- Found tf2: 0.13.10 (/opt/ros/foxy/share/tf2/cmake)
[4.220s] -- Found nav_msgs: 2.0.4 (/opt/ros/foxy/share/nav_msgs/cmake)
[4.298s] -- Found nav2_core: 0.4.7 (/opt/ros/foxy/share/nav2_core/cmake)
[5.374s] -- Found Eigen3: TRUE (found version "3.3.7") 
[8.768s] -- Found ament_cmake_gtest: 0.9.8 (/opt/ros/foxy/share/ament_cmake_gtest/cmake)
[8.774s] -- Found gtest sources under '/opt/ros/foxy/src/gtest_vendor': C++ tests using 'Google Test' will be built
[8.779s] -- Check if compiler accepts -pthread
[8.962s] -- Check if compiler accepts -pthread - yes
[11.618s] -- Configuring done
[11.860s] -- Generating done
[11.883s] -- Build files have been written to: /home/alex/Media/Develop/Job/ros2/rosbot/src/algorithms/local_planners/build/mppic
[11.903s] Invoked command in '/home/alex/Media/Develop/Job/ros2/rosbot/src/algorithms/local_planners/build/mppic' returned '0': CMAKE_PREFIX_PATH=/opt/ros/foxy /usr/bin/cmake /home/alex/Media/Develop/Job/ros2/rosbot/src/algorithms/local_planners/mppic -DCMAKE_BUILD_TYPE=DEBUG -DCMAKE_EXPORT_COMPILE_COMMANDS=ON -DBUILD_TESTING=ON -DAMENT_CMAKE_SYMLINK_INSTALL=1 -DCMAKE_INSTALL_PREFIX=/home/alex/Media/Develop/Job/ros2/rosbot/src/algorithms/local_planners/install/mppic
[11.907s] Invoking command in '/home/alex/Media/Develop/Job/ros2/rosbot/src/algorithms/local_planners/build/mppic': CMAKE_PREFIX_PATH=/opt/ros/foxy /usr/bin/cmake --build /home/alex/Media/Develop/Job/ros2/rosbot/src/algorithms/local_planners/build/mppic -- -j4 -l4
[11.983s] [35m[1mScanning dependencies of target gtest[0m
[11.985s] [35m[1mScanning dependencies of target gtest_main[0m
[11.985s] [35m[1mScanning dependencies of target mppic[0m
[12.035s] [ 12%] [32mBuilding CXX object gtest/CMakeFiles/gtest_main.dir/src/gtest_main.cc.o[0m
[12.065s] [ 25%] [32mBuilding CXX object gtest/CMakeFiles/gtest.dir/src/gtest-all.cc.o[0m
[12.909s] [ 37%] [32mBuilding CXX object src/CMakeFiles/mppic.dir/Controller.cpp.o[0m
[13.328s] [ 50%] [32m[1mLinking CXX static library ../lib/libgtest_main.a[0m
[13.469s] [ 50%] Built target gtest_main
[18.469s] [ 62%] [32m[1mLinking CXX static library ../lib/libgtest.a[0m
[18.775s] [ 62%] Built target gtest
[18.790s] [35m[1mScanning dependencies of target optimizer-test[0m
[19.137s] In file included from [01m[K/home/alex/Media/Develop/Job/ros2/rosbot/src/algorithms/local_planners/mppic/src/Controller.cpp:1[m[K:
[19.138s] /home/alex/Media/Develop/Job/ros2/rosbot/src/algorithms/local_planners/mppic/src/../include/mppi/Controller.hpp: In instantiation of ‘[01m[Kvoid ultra::mppi::Controller<T>::configure(const SharedPtr&, std::string, const std::shared_ptr<tf2_ros::Buffer>&, const std::shared_ptr<nav2_costmap_2d::Costmap2DROS>&) [with T = float; rclcpp_lifecycle::LifecycleNode::SharedPtr = std::shared_ptr<rclcpp_lifecycle::LifecycleNode>; std::string = std::__cxx11::basic_string<char>][m[K’:
[19.138s] [01m[K/home/alex/Media/Develop/Job/ros2/rosbot/src/algorithms/local_planners/mppic/src/Controller.cpp:6:29:[m[K   required from here
[19.138s] [01m[K/home/alex/Media/Develop/Job/ros2/rosbot/src/algorithms/local_planners/mppic/src/../include/mppi/Controller.hpp:47:18:[m[K [01;31m[Kerror: [m[Kno matching function for call to ‘[01m[Kultra::mppi::optimization::Optimizer<float, xt::xarray_container<xt::uvector<float, xsimd::aligned_allocator<float, 16> >, xt::layout_type::row_major, xt::svector<long unsigned int, 4, std::allocator<long unsigned int>, true>, xt::xtensor_expression_tag>, xt::xarray_container<xt::uvector<float, xsimd::aligned_allocator<float, 16> >, xt::layout_type::row_major, xt::svector<long unsigned int, 4, std::allocator<long unsigned int>, true>, xt::xtensor_expression_tag>(const xt::xarray_container<xt::uvector<float, xsimd::aligned_allocator<float, 16> >, xt::layout_type::row_major, xt::svector<long unsigned int, 4, std::allocator<long unsigned int>, true>, xt::xtensor_expression_tag>&), xt::xarray_container<xt::uvector<float, xsimd::aligned_allocator<float, 16> >, xt::layout_type::row_major, xt::svector<long unsigned int, 4, std::allocator<long unsigned int>, true>, xt::xtensor_expression_tag>(const xt::xarray_container<xt::uvector<float, xsimd::aligned_allocator<float, 16> >, xt::layout_type::row_major, xt::svector<long unsigned int, 4, std::allocator<long unsigned int>, true>, xt::xtensor_expression_tag>&, const nav_msgs::msg::Path_<std::allocator<void> >&, const std::shared_ptr<nav2_costmap_2d::Costmap2DROS>&)>::Optimizer(rclcpp_lifecycle::LifecycleNode::SharedPtr&, std::string&, std::shared_ptr<tf2_ros::Buffer>&, std::shared_ptr<nav2_costmap_2d::Costmap2DROS>&, nav_msgs::msg::Path&, xt::xarray_container<xt::uvector<float, xsimd::aligned_allocator<float, 16> >, xt::layout_type::row_major, xt::svector<long unsigned int, 4, std::allocator<long unsigned int>, true>, xt::xtensor_expression_tag> (&)(const xt::xarray_container<xt::uvector<float, xsimd::aligned_allocator<float, 16> >, xt::layout_type::row_major, xt::svector<long unsigned int, 4, std::allocator<long unsigned int>, true>, xt::xtensor_expression_tag>&))[m[K’
[19.139s]    47 |     optimizer_ = [01;31m[KOptimizer(parent_, node_name_, tf_buffer_, costmap_ros_,[m[K
[19.139s]       |                  [01;31m[K^~~~~~~~~~~~~~~~~~~~~~~~~~~~~~~~~~~~~~~~~~~~~~~~~~~~~~~~[m[K
[19.139s]    48 | [01;31m[K                           global_plan_, model)[m[K;
[19.140s]       |                            [01;31m[K~~~~~~~~~~~~~~~~~~~~[m[K
[19.140s] In file included from [01m[K/home/alex/Media/Develop/Job/ros2/rosbot/src/algorithms/local_planners/mppic/src/../include/mppi/Controller.hpp:9[m[K,
[19.141s]                  from [01m[K/home/alex/Media/Develop/Job/ros2/rosbot/src/algorithms/local_planners/mppic/src/Controller.cpp:1[m[K:
[19.141s] [01m[K/home/alex/Media/Develop/Job/ros2/rosbot/src/algorithms/local_planners/mppic/src/../include/mppi/Optimizer.hpp:46:3:[m[K [01;36m[Knote: [m[Kcandidate: ‘[01m[Kultra::mppi::optimization::Optimizer<T, Tensor, Model, Cost>::Optimizer(const SharedPtr&, const string&, nav_msgs::msg::Path&, std::shared_ptr<tf2_ros::Buffer>&, std::shared_ptr<nav2_costmap_2d::Costmap2DROS>&, Model&&) [with T = float; Tensor = xt::xarray_container<xt::uvector<float, xsimd::aligned_allocator<float, 16> >, xt::layout_type::row_major, xt::svector<long unsigned int, 4, std::allocator<long unsigned int>, true>, xt::xtensor_expression_tag>; Model = xt::xarray_container<xt::uvector<float, xsimd::aligned_allocator<float, 16> >, xt::layout_type::row_major, xt::svector<long unsigned int, 4, std::allocator<long unsigned int>, true>, xt::xtensor_expression_tag>(const xt::xarray_container<xt::uvector<float, xsimd::aligned_allocator<float, 16> >, xt::layout_type::row_major, xt::svector<long unsigned int, 4, std::allocator<long unsigned int>, true>, xt::xtensor_expression_tag>&); Cost = xt::xarray_container<xt::uvector<float, xsimd::aligned_allocator<float, 16> >, xt::layout_type::row_major, xt::svector<long unsigned int, 4, std::allocator<long unsigned int>, true>, xt::xtensor_expression_tag>(const xt::xarray_container<xt::uvector<float, xsimd::aligned_allocator<float, 16> >, xt::layout_type::row_major, xt::svector<long unsigned int, 4, std::allocator<long unsigned int>, true>, xt::xtensor_expression_tag>&, const nav_msgs::msg::Path_<std::allocator<void> >&, const std::shared_ptr<nav2_costmap_2d::Costmap2DROS>&); rclcpp_lifecycle::LifecycleNode::SharedPtr = std::shared_ptr<rclcpp_lifecycle::LifecycleNode>; std::string = std::__cxx11::basic_string<char>; nav_msgs::msg::Path = nav_msgs::msg::Path_<std::allocator<void> >][m[K’
[19.142s]    46 |   [01;36m[KOptimizer[m[K(const LifecycleNode::SharedPtr &parent, const string &node_name,
[19.142s]       |   [01;36m[K^~~~~~~~~[m[K
[19.142s] [01m[K/home/alex/Media/Develop/Job/ros2/rosbot/src/algorithms/local_planners/mppic/src/../include/mppi/Optimizer.hpp:47:19:[m[K [01;36m[Knote: [m[K  no known conversion for argument 3 from ‘[01m[Kstd::shared_ptr<tf2_ros::Buffer>[m[K’ to ‘[01m[Knav_msgs::msg::Path&[m[K’ {aka ‘[01m[Knav_msgs::msg::Path_<std::allocator<void> >&[m[K’}
[19.143s]    47 |             [01;36m[KPath &global_plan[m[K, shared_ptr<Buffer> &tf,
[19.143s]       |             [01;36m[K~~~~~~^~~~~~~~~~~[m[K
[19.144s] [01m[K/home/alex/Media/Develop/Job/ros2/rosbot/src/algorithms/local_planners/mppic/src/../include/mppi/Optimizer.hpp:41:7:[m[K [01;36m[Knote: [m[Kcandidate: ‘[01m[Kultra::mppi::optimization::Optimizer<float, xt::xarray_container<xt::uvector<float, xsimd::aligned_allocator<float, 16> >, xt::layout_type::row_major, xt::svector<long unsigned int, 4, std::allocator<long unsigned int>, true>, xt::xtensor_expression_tag>, xt::xarray_container<xt::uvector<float, xsimd::aligned_allocator<float, 16> >, xt::layout_type::row_major, xt::svector<long unsigned int, 4, std::allocator<long unsigned int>, true>, xt::xtensor_expression_tag>(const xt::xarray_container<xt::uvector<float, xsimd::aligned_allocator<float, 16> >, xt::layout_type::row_major, xt::svector<long unsigned int, 4, std::allocator<long unsigned int>, true>, xt::xtensor_expression_tag>&), xt::xarray_container<xt::uvector<float, xsimd::aligned_allocator<float, 16> >, xt::layout_type::row_major, xt::svector<long unsigned int, 4, std::allocator<long unsigned int>, true>, xt::xtensor_expression_tag>(const xt::xarray_container<xt::uvector<float, xsimd::aligned_allocator<float, 16> >, xt::layout_type::row_major, xt::svector<long unsigned int, 4, std::allocator<long unsigned int>, true>, xt::xtensor_expression_tag>&, const nav_msgs::msg::Path_<std::allocator<void> >&, const std::shared_ptr<nav2_costmap_2d::Costmap2DROS>&)>::Optimizer(const ultra::mppi::optimization::Optimizer<float, xt::xarray_container<xt::uvector<float, xsimd::aligned_allocator<float, 16> >, xt::layout_type::row_major, xt::svector<long unsigned int, 4, std::allocator<long unsigned int>, true>, xt::xtensor_expression_tag>, xt::xarray_container<xt::uvector<float, xsimd::aligned_allocator<float, 16> >, xt::layout_type::row_major, xt::svector<long unsigned int, 4, std::allocator<long unsigned int>, true>, xt::xtensor_expression_tag>(const xt::xarray_container<xt::uvector<float, xsimd::aligned_allocator<float, 16> >, xt::layout_type::row_major, xt::svector<long unsigned int, 4, std::allocator<long unsigned int>, true>, xt::xtensor_expression_tag>&), xt::xarray_container<xt::uvector<float, xsimd::aligned_allocator<float, 16> >, xt::layout_type::row_major, xt::svector<long unsigned int, 4, std::allocator<long unsigned int>, true>, xt::xtensor_expression_tag>(const xt::xarray_container<xt::uvector<float, xsimd::aligned_allocator<float, 16> >, xt::layout_type::row_major, xt::svector<long unsigned int, 4, std::allocator<long unsigned int>, true>, xt::xtensor_expression_tag>&, const nav_msgs::msg::Path_<std::allocator<void> >&, const std::shared_ptr<nav2_costmap_2d::Costmap2DROS>&)>&)[m[K’
[19.144s]    41 | class [01;36m[KOptimizer[m[K {
[19.144s]       |       [01;36m[K^~~~~~~~~[m[K
[19.145s] [01m[K/home/alex/Media/Develop/Job/ros2/rosbot/src/algorithms/local_planners/mppic/src/../include/mppi/Optimizer.hpp:41:7:[m[K [01;36m[Knote: [m[K  candidate expects 1 argument, 6 provided
[19.346s] [ 75%] [32mBuilding CXX object test/CMakeFiles/optimizer-test.dir/OptimizerTest.cpp.o[0m
[19.675s] /home/alex/Media/Develop/Job/ros2/rosbot/src/algorithms/local_planners/mppic/src/../include/mppi/Optimizer.hpp: In instantiation of ‘[01m[Kvoid ultra::mppi::optimization::Optimizer<T, Tensor, Model, Cost>::updateControlSequence(const Tensor&) [with T = float; Tensor = xt::xarray_container<xt::uvector<float, xsimd::aligned_allocator<float, 16> >, xt::layout_type::row_major, xt::svector<long unsigned int, 4, std::allocator<long unsigned int>, true>, xt::xtensor_expression_tag>; Model = xt::xarray_container<xt::uvector<float, xsimd::aligned_allocator<float, 16> >, xt::layout_type::row_major, xt::svector<long unsigned int, 4, std::allocator<long unsigned int>, true>, xt::xtensor_expression_tag>(const xt::xarray_container<xt::uvector<float, xsimd::aligned_allocator<float, 16> >, xt::layout_type::row_major, xt::svector<long unsigned int, 4, std::allocator<long unsigned int>, true>, xt::xtensor_expression_tag>&); Cost = xt::xarray_container<xt::uvector<float, xsimd::aligned_allocator<float, 16> >, xt::layout_type::row_major, xt::svector<long unsigned int, 4, std::allocator<long unsigned int>, true>, xt::xtensor_expression_tag>(const xt::xarray_container<xt::uvector<float, xsimd::aligned_allocator<float, 16> >, xt::layout_type::row_major, xt::svector<long unsigned int, 4, std::allocator<long unsigned int>, true>, xt::xtensor_expression_tag>&, const nav_msgs::msg::Path_<std::allocator<void> >&, const std::shared_ptr<nav2_costmap_2d::Costmap2DROS>&)][m[K’:
[19.675s] [01m[K/home/alex/Media/Develop/Job/ros2/rosbot/src/algorithms/local_planners/mppic/src/../include/mppi/Optimizer.hpp:89:7:[m[K   required from ‘[01m[Kgeometry_msgs::msg::TwistStamped ultra::mppi::optimization::Optimizer<T, Tensor, Model, Cost>::evalNextControl(const PoseStamped&, const Twist&) [with T = float; Tensor = xt::xarray_container<xt::uvector<float, xsimd::aligned_allocator<float, 16> >, xt::layout_type::row_major, xt::svector<long unsigned int, 4, std::allocator<long unsigned int>, true>, xt::xtensor_expression_tag>; Model = xt::xarray_container<xt::uvector<float, xsimd::aligned_allocator<float, 16> >, xt::layout_type::row_major, xt::svector<long unsigned int, 4, std::allocator<long unsigned int>, true>, xt::xtensor_expression_tag>(const xt::xarray_container<xt::uvector<float, xsimd::aligned_allocator<float, 16> >, xt::layout_type::row_major, xt::svector<long unsigned int, 4, std::allocator<long unsigned int>, true>, xt::xtensor_expression_tag>&); Cost = xt::xarray_container<xt::uvector<float, xsimd::aligned_allocator<float, 16> >, xt::layout_type::row_major, xt::svector<long unsigned int, 4, std::allocator<long unsigned int>, true>, xt::xtensor_expression_tag>(const xt::xarray_container<xt::uvector<float, xsimd::aligned_allocator<float, 16> >, xt::layout_type::row_major, xt::svector<long unsigned int, 4, std::allocator<long unsigned int>, true>, xt::xtensor_expression_tag>&, const nav_msgs::msg::Path_<std::allocator<void> >&, const std::shared_ptr<nav2_costmap_2d::Costmap2DROS>&); geometry_msgs::msg::TwistStamped = geometry_msgs::msg::TwistStamped_<std::allocator<void> >; geometry_msgs::msg::PoseStamped = geometry_msgs::msg::PoseStamped_<std::allocator<void> >; geometry_msgs::msg::Twist = geometry_msgs::msg::Twist_<std::allocator<void> >][m[K’
[19.676s] [01m[K/home/alex/Media/Develop/Job/ros2/rosbot/src/algorithms/local_planners/mppic/src/../include/mppi/Controller.hpp:57:53:[m[K   required from ‘[01m[Kgeometry_msgs::msg::TwistStamped ultra::mppi::Controller<T>::computeVelocityCommands(const PoseStamped&, const Twist&) [with T = float; geometry_msgs::msg::TwistStamped = geometry_msgs::msg::TwistStamped_<std::allocator<void> >; geometry_msgs::msg::PoseStamped = geometry_msgs::msg::PoseStamped_<std::allocator<void> >; geometry_msgs::msg::Twist = geometry_msgs::msg::Twist_<std::allocator<void> >][m[K’
[19.676s] [01m[K/home/alex/Media/Develop/Job/ros2/rosbot/src/algorithms/local_planners/mppic/src/Controller.cpp:6:29:[m[K   required from here
[19.676s] [01m[K/home/alex/Media/Develop/Job/ros2/rosbot/src/algorithms/local_planners/mppic/src/../include/mppi/Optimizer.hpp:184:11:[m[K [01;31m[Kerror: [m[Kno match for ‘[01m[Koperator=[m[K’ (operand types are ‘[01m[Kconst xt::xarray_container<xt::uvector<float, xsimd::aligned_allocator<float, 16> >, xt::layout_type::row_major, xt::svector<long unsigned int, 4, std::allocator<long unsigned int>, true>, xt::xtensor_expression_tag>[m[K’ and ‘[01m[Kxt::detail::xfunction_type_t<xt::detail::minus, const xt::xarray_container<xt::uvector<float, xsimd::aligned_allocator<float, 16> >, xt::layout_type::row_major, xt::svector<long unsigned int, 4, std::allocator<long unsigned int>, true>, xt::xtensor_expression_tag>&, xt::xreducer<xt::xreducer_functors<xt::math::minimum<float>, xt::const_value<float>, xt::math::minimum<float> >, const xt::xarray_container<xt::uvector<float, xsimd::aligned_allocator<float, 16> >, xt::layout_type::row_major, xt::svector<long unsigned int, 4, std::allocator<long unsigned int>, true>, xt::xtensor_expression_tag>&, xt::svector<long unsigned int, 4, std::allocator<long unsigned int>, true>, xt::reducer_options<float, std::tuple<xt::evaluation_strategy::lazy_type> > > >[m[K’ {aka ‘[01m[Kxt::xfunction<xt::detail::minus, const xt::xarray_container<xt::uvector<float, xsimd::aligned_allocator<float, 16> >, xt::layout_type::row_major, xt::svector<long unsigned int, 4, std::allocator<long unsigned int>, true>, xt::xtensor_expression_tag>&, xt::xreducer<xt::xreducer_functors<xt::math::minimum<float>, xt::const_value<float>, xt::math::minimum<float> >, const xt::xarray_container<xt::uvector<float, xsimd::aligned_allocator<float, 16> >, xt::layout_type::row_major, xt::svector<long unsigned int, 4, std::allocator<long unsigned int>, true>, xt::xtensor_expression_tag>&, xt::svector<long unsigned int, 4, std::allocator<long unsigned int>, true>, xt::reducer_options<float, std::tuple<xt::evaluation_strategy::lazy_type> > > >[m[K’})
[19.677s]   184 |     [01;31m[Kcosts = costs - xt::amin(costs)[m[K;
[19.677s]       |     [01;31m[K~~~~~~^~~~~~~~~~~~~~~~~~~~~~~~~[m[K
[19.677s] In file included from [01m[K/home/alex/Media/Develop/Job/ros2/rosbot/src/algorithms/local_planners/mppic/src/../include/mppi/Optimizer.hpp:13[m[K,
[19.678s]                  from [01m[K/home/alex/Media/Develop/Job/ros2/rosbot/src/algorithms/local_planners/mppic/src/../include/mppi/Controller.hpp:9[m[K,
[19.678s]                  from [01m[K/home/alex/Media/Develop/Job/ros2/rosbot/src/algorithms/local_planners/mppic/src/Controller.cpp:1[m[K:
[19.678s] [01m[K/home/alex/.conan/data/xtensor/0.21.5/_/_/package/5ab84d6acfe1f23c4fae0ab88f26e3a396351ac9/include/xtensor/xarray.hpp:128:27:[m[K [01;36m[Knote: [m[Kcandidate: ‘[01m[Kxt::xarray_container<EC, L, SC, Tag>& xt::xarray_container<EC, L, SC, Tag>::operator=(const xt::xarray_container<EC, L, SC, Tag>&) [with EC = xt::uvector<float, xsimd::aligned_allocator<float, 16> >; xt::layout_type L = xt::layout_type::row_major; SC = xt::svector<long unsigned int, 4, std::allocator<long unsigned int>, true>; Tag = xt::xtensor_expression_tag][m[K’ <near match>
[19.678s]   128 |         xarray_container& [01;36m[Koperator[m[K=(const xarray_container&) = default;
[19.679s]       |                           [01;36m[K^~~~~~~~[m[K
[19.679s] [01m[K/home/alex/.conan/data/xtensor/0.21.5/_/_/package/5ab84d6acfe1f23c4fae0ab88f26e3a396351ac9/include/xtensor/xarray.hpp:128:27:[m[K [01;36m[Knote: [m[K  passing ‘[01m[Kconst xt::xarray_container<xt::uvector<float, xsimd::aligned_allocator<float, 16> >, xt::layout_type::row_major, xt::svector<long unsigned int, 4, std::allocator<long unsigned int>, true>, xt::xtensor_expression_tag>*[m[K’ as ‘[01m[Kthis[m[K’ argument discards qualifiers
[19.679s] [01m[K/home/alex/.conan/data/xtensor/0.21.5/_/_/package/5ab84d6acfe1f23c4fae0ab88f26e3a396351ac9/include/xtensor/xarray.hpp:131:27:[m[K [01;36m[Knote: [m[Kcandidate: ‘[01m[Kxt::xarray_container<EC, L, SC, Tag>& xt::xarray_container<EC, L, SC, Tag>::operator=(xt::xarray_container<EC, L, SC, Tag>&&) [with EC = xt::uvector<float, xsimd::aligned_allocator<float, 16> >; xt::layout_type L = xt::layout_type::row_major; SC = xt::svector<long unsigned int, 4, std::allocator<long unsigned int>, true>; Tag = xt::xtensor_expression_tag][m[K’ <near match>
[19.679s]   131 |         xarray_container& [01;36m[Koperator[m[K=(xarray_container&&) = default;
[19.680s]       |                           [01;36m[K^~~~~~~~[m[K
[19.680s] [01m[K/home/alex/.conan/data/xtensor/0.21.5/_/_/package/5ab84d6acfe1f23c4fae0ab88f26e3a396351ac9/include/xtensor/xarray.hpp:131:27:[m[K [01;36m[Knote: [m[K  passing ‘[01m[Kconst xt::xarray_container<xt::uvector<float, xsimd::aligned_allocator<float, 16> >, xt::layout_type::row_major, xt::svector<long unsigned int, 4, std::allocator<long unsigned int>, true>, xt::xtensor_expression_tag>*[m[K’ as ‘[01m[Kthis[m[K’ argument discards qualifiers
[19.680s] [01m[K/home/alex/.conan/data/xtensor/0.21.5/_/_/package/5ab84d6acfe1f23c4fae0ab88f26e3a396351ac9/include/xtensor/xarray.hpp:136:27:[m[K [01;36m[Knote: [m[Kcandidate: ‘[01m[Ktemplate<long unsigned int N> xt::xarray_container<EC, L, SC, Tag>& xt::xarray_container<EC, L, SC, Tag>::operator=(xt::xtensor_container<EC, N, L, Tag>&&) [with long unsigned int N = N; EC = xt::uvector<float, xsimd::aligned_allocator<float, 16> >; xt::layout_type L = xt::layout_type::row_major; SC = xt::svector<long unsigned int, 4, std::allocator<long unsigned int>, true>; Tag = xt::xtensor_expression_tag][m[K’
[19.681s]   136 |         xarray_container& [01;36m[Koperator[m[K=(xtensor_container<EC, N, L, Tag>&& rhs);
[19.681s]       |                           [01;36m[K^~~~~~~~[m[K
[19.681s] [01m[K/home/alex/.conan/data/xtensor/0.21.5/_/_/package/5ab84d6acfe1f23c4fae0ab88f26e3a396351ac9/include/xtensor/xarray.hpp:136:27:[m[K [01;36m[Knote: [m[K  template argument deduction/substitution failed:
[19.681s] In file included from [01m[K/home/alex/Media/Develop/Job/ros2/rosbot/src/algorithms/local_planners/mppic/src/../include/mppi/Controller.hpp:9[m[K,
[19.682s]                  from [01m[K/home/alex/Media/Develop/Job/ros2/rosbot/src/algorithms/local_planners/mppic/src/Controller.cpp:1[m[K:
[19.682s] [01m[K/home/alex/Media/Develop/Job/ros2/rosbot/src/algorithms/local_planners/mppic/src/../include/mppi/Optimizer.hpp:184:11:[m[K [01;36m[Knote: [m[K  ‘[01m[Kxt::detail::xfunction_type_t<xt::detail::minus, const xt::xarray_container<xt::uvector<float, xsimd::aligned_allocator<float, 16> >, xt::layout_type::row_major, xt::svector<long unsigned int, 4, std::allocator<long unsigned int>, true>, xt::xtensor_expression_tag>&, xt::xreducer<xt::xreducer_functors<xt::math::minimum<float>, xt::const_value<float>, xt::math::minimum<float> >, const xt::xarray_container<xt::uvector<float, xsimd::aligned_allocator<float, 16> >, xt::layout_type::row_major, xt::svector<long unsigned int, 4, std::allocator<long unsigned int>, true>, xt::xtensor_expression_tag>&, xt::svector<long unsigned int, 4, std::allocator<long unsigned int>, true>, xt::reducer_options<float, std::tuple<xt::evaluation_strategy::lazy_type> > > >[m[K’ {aka ‘[01m[Kxt::xfunction<xt::detail::minus, const xt::xarray_container<xt::uvector<float, xsimd::aligned_allocator<float, 16> >, xt::layout_type::row_major, xt::svector<long unsigned int, 4, std::allocator<long unsigned int>, true>, xt::xtensor_expression_tag>&, xt::xreducer<xt::xreducer_functors<xt::math::minimum<float>, xt::const_value<float>, xt::math::minimum<float> >, const xt::xarray_container<xt::uvector<float, xsimd::aligned_allocator<float, 16> >, xt::layout_type::row_major, xt::svector<long unsigned int, 4, std::allocator<long unsigned int>, true>, xt::xtensor_expression_tag>&, xt::svector<long unsigned int, 4, std::allocator<long unsigned int>, true>, xt::reducer_options<float, std::tuple<xt::evaluation_strategy::lazy_type> > > >[m[K’} is not derived from ‘[01m[Kxt::xtensor_container<xt::uvector<float, xsimd::aligned_allocator<float, 16> >, N, xt::layout_type::row_major, xt::xtensor_expression_tag>[m[K’
[19.682s]   184 |     [01;36m[Kcosts = costs - xt::amin(costs)[m[K;
[19.683s]       |     [01;36m[K~~~~~~^~~~~~~~~~~~~~~~~~~~~~~~~[m[K
[19.683s] In file included from [01m[K/home/alex/Media/Develop/Job/ros2/rosbot/src/algorithms/local_planners/mppic/src/../include/mppi/Optimizer.hpp:13[m[K,
[19.683s]                  from [01m[K/home/alex/Media/Develop/Job/ros2/rosbot/src/algorithms/local_planners/mppic/src/../include/mppi/Controller.hpp:9[m[K,
[19.684s]                  from [01m[K/home/alex/Media/Develop/Job/ros2/rosbot/src/algorithms/local_planners/mppic/src/Controller.cpp:1[m[K:
[19.684s] [01m[K/home/alex/.conan/data/xtensor/0.21.5/_/_/package/5ab84d6acfe1f23c4fae0ab88f26e3a396351ac9/include/xtensor/xarray.hpp:489:17:[m[K [01;36m[Knote: [m[Kcandidate: ‘[01m[Kxt::xarray_container<EC, L, SC, Tag>::self_type& xt::xarray_container<EC, L, SC, Tag>::operator=(const xt::xexpression<E>&) [with E = xt::xfunction<xt::detail::minus, const xt::xarray_container<xt::uvector<float, xsimd::aligned_allocator<float, 16> >, xt::layout_type::row_major, xt::svector<long unsigned int, 4, std::allocator<long unsigned int>, true>, xt::xtensor_expression_tag>&, xt::xreducer<xt::xreducer_functors<xt::math::minimum<float>, xt::const_value<float>, xt::math::minimum<float> >, const xt::xarray_container<xt::uvector<float, xsimd::aligned_allocator<float, 16> >, xt::layout_type::row_major, xt::svector<long unsigned int, 4, std::allocator<long unsigned int>, true>, xt::xtensor_expression_tag>&, xt::svector<long unsigned int, 4, std::allocator<long unsigned int>, true>, xt::reducer_options<float, std::tuple<xt::evaluation_strategy::lazy_type> > > >; EC = xt::uvector<float, xsimd::aligned_allocator<float, 16> >; xt::layout_type L = xt::layout_type::row_major; SC = xt::svector<long unsigned int, 4, std::allocator<long unsigned int>, true>; Tag = xt::xtensor_expression_tag; xt::xarray_container<EC, L, SC, Tag>::self_type = xt::xarray_container<xt::uvector<float, xsimd::aligned_allocator<float, 16> >, xt::layout_type::row_major, xt::svector<long unsigned int, 4, std::allocator<long unsigned int>, true>, xt::xtensor_expression_tag>][m[K’ <near match>
[19.684s]   489 |     inline auto [01;36m[Kxarray_container<EC, L, SC, Tag>[m[K::operator=(const xexpression<E>& e) -> self_type&
[19.685s]       |                 [01;36m[K^~~~~~~~~~~~~~~~~~~~~~~~~~~~~~~~[m[K
[19.685s] [01m[K/home/alex/.conan/data/xtensor/0.21.5/_/_/package/5ab84d6acfe1f23c4fae0ab88f26e3a396351ac9/include/xtensor/xarray.hpp:489:17:[m[K [01;36m[Knote: [m[K  passing ‘[01m[Kconst xt::xarray_container<xt::uvector<float, xsimd::aligned_allocator<float, 16> >, xt::layout_type::row_major, xt::svector<long unsigned int, 4, std::allocator<long unsigned int>, true>, xt::xtensor_expression_tag>*[m[K’ as ‘[01m[Kthis[m[K’ argument discards qualifiers
[23.337s] In file included from [01m[K/opt/ros/foxy/include/class_loader/class_loader_core.hpp:57[m[K,
[23.338s]                  from [01m[K/opt/ros/foxy/include/class_loader/class_loader.hpp:55[m[K,
[23.338s]                  from [01m[K/opt/ros/foxy/include/class_loader/multi_library_class_loader.hpp:52[m[K,
[23.339s]                  from [01m[K/opt/ros/foxy/include/pluginlib/class_loader.hpp:58[m[K,
[23.339s]                  from [01m[K/opt/ros/foxy/include/nav2_costmap_2d/costmap_2d_ros.hpp:53[m[K,
[23.340s]                  from [01m[K/opt/ros/foxy/include/nav2_core/controller.hpp:42[m[K,
[23.340s]                  from [01m[K/home/alex/Media/Develop/Job/ros2/rosbot/src/algorithms/local_planners/mppic/src/../include/mppi/Controller.hpp:3[m[K,
[23.340s]                  from [01m[K/home/alex/Media/Develop/Job/ros2/rosbot/src/algorithms/local_planners/mppic/src/Controller.cpp:1[m[K:
[23.341s] /opt/ros/foxy/include/class_loader/meta_object.hpp: In instantiation of ‘[01m[KB* class_loader::impl::MetaObject<C, B>::create() const [with C = ultra::mppi::Controller<float>; B = nav2_core::Controller][m[K’:
[23.341s] [01m[K/opt/ros/foxy/include/class_loader/meta_object.hpp:216:7:[m[K   required from here
[23.342s] [01m[K/opt/ros/foxy/include/class_loader/meta_object.hpp:218:12:[m[K [01;31m[Kerror: [m[Kuse of deleted function ‘[01m[Kultra::mppi::Controller<T>::Controller() [with T = float][m[K’
[23.342s]   218 |     return [01;31m[Knew C[m[K;
[23.343s]       |            [01;31m[K^~~~~[m[K
[23.343s] In file included from [01m[K/home/alex/Media/Develop/Job/ros2/rosbot/src/algorithms/local_planners/mppic/src/Controller.cpp:1[m[K:
[23.343s] [01m[K/home/alex/Media/Develop/Job/ros2/rosbot/src/algorithms/local_planners/mppic/src/../include/mppi/Controller.hpp:34:3:[m[K [01;36m[Knote: [m[K‘[01m[Kultra::mppi::Controller<T>::Controller() [with T = float][m[K’ is implicitly deleted because the default definition would be ill-formed:
[23.344s]    34 |   [01;36m[KController[m[K() = default;
[23.344s]       |   [01;36m[K^~~~~~~~~~[m[K
[23.344s] [01m[K/home/alex/Media/Develop/Job/ros2/rosbot/src/algorithms/local_planners/mppic/src/../include/mppi/Controller.hpp:34:3:[m[K [01;31m[Kerror: [m[Kuse of deleted function ‘[01m[Kultra::mppi::optimization::Optimizer<T, Tensor, Model, Cost>::Optimizer() [with T = float; Tensor = xt::xarray_container<xt::uvector<float, xsimd::aligned_allocator<float, 16> >, xt::layout_type::row_major, xt::svector<long unsigned int, 4, std::allocator<long unsigned int>, true>, xt::xtensor_expression_tag>; Model = xt::xarray_container<xt::uvector<float, xsimd::aligned_allocator<float, 16> >, xt::layout_type::row_major, xt::svector<long unsigned int, 4, std::allocator<long unsigned int>, true>, xt::xtensor_expression_tag>(const xt::xarray_container<xt::uvector<float, xsimd::aligned_allocator<float, 16> >, xt::layout_type::row_major, xt::svector<long unsigned int, 4, std::allocator<long unsigned int>, true>, xt::xtensor_expression_tag>&); Cost = xt::xarray_container<xt::uvector<float, xsimd::aligned_allocator<float, 16> >, xt::layout_type::row_major, xt::svector<long unsigned int, 4, std::allocator<long unsigned int>, true>, xt::xtensor_expression_tag>(const xt::xarray_container<xt::uvector<float, xsimd::aligned_allocator<float, 16> >, xt::layout_type::row_major, xt::svector<long unsigned int, 4, std::allocator<long unsigned int>, true>, xt::xtensor_expression_tag>&, const nav_msgs::msg::Path_<std::allocator<void> >&, const std::shared_ptr<nav2_costmap_2d::Costmap2DROS>&)][m[K’
[23.345s] In file included from [01m[K/home/alex/Media/Develop/Job/ros2/rosbot/src/algorithms/local_planners/mppic/src/../include/mppi/Controller.hpp:9[m[K,
[23.345s]                  from [01m[K/home/alex/Media/Develop/Job/ros2/rosbot/src/algorithms/local_planners/mppic/src/Controller.cpp:1[m[K:
[23.346s] [01m[K/home/alex/Media/Develop/Job/ros2/rosbot/src/algorithms/local_planners/mppic/src/../include/mppi/Optimizer.hpp:43:3:[m[K [01;36m[Knote: [m[K‘[01m[Kultra::mppi::optimization::Optimizer<T, Tensor, Model, Cost>::Optimizer() [with T = float; Tensor = xt::xarray_container<xt::uvector<float, xsimd::aligned_allocator<float, 16> >, xt::layout_type::row_major, xt::svector<long unsigned int, 4, std::allocator<long unsigned int>, true>, xt::xtensor_expression_tag>; Model = xt::xarray_container<xt::uvector<float, xsimd::aligned_allocator<float, 16> >, xt::layout_type::row_major, xt::svector<long unsigned int, 4, std::allocator<long unsigned int>, true>, xt::xtensor_expression_tag>(const xt::xarray_container<xt::uvector<float, xsimd::aligned_allocator<float, 16> >, xt::layout_type::row_major, xt::svector<long unsigned int, 4, std::allocator<long unsigned int>, true>, xt::xtensor_expression_tag>&); Cost = xt::xarray_container<xt::uvector<float, xsimd::aligned_allocator<float, 16> >, xt::layout_type::row_major, xt::svector<long unsigned int, 4, std::allocator<long unsigned int>, true>, xt::xtensor_expression_tag>(const xt::xarray_container<xt::uvector<float, xsimd::aligned_allocator<float, 16> >, xt::layout_type::row_major, xt::svector<long unsigned int, 4, std::allocator<long unsigned int>, true>, xt::xtensor_expression_tag>&, const nav_msgs::msg::Path_<std::allocator<void> >&, const std::shared_ptr<nav2_costmap_2d::Costmap2DROS>&)][m[K’ is implicitly deleted because the default definition would be ill-formed:
[23.346s]    43 |   [01;36m[KOptimizer[m[K() = default;
[23.346s]       |   [01;36m[K^~~~~~~~~[m[K
[23.347s] [01m[K/home/alex/Media/Develop/Job/ros2/rosbot/src/algorithms/local_planners/mppic/src/../include/mppi/Optimizer.hpp:43:3:[m[K [01;31m[Kerror: [m[Kuninitialized reference member in ‘[01m[Kclass ultra::mppi::optimization::Optimizer<float, xt::xarray_container<xt::uvector<float, xsimd::aligned_allocator<float, 16> >, xt::layout_type::row_major, xt::svector<long unsigned int, 4, std::allocator<long unsigned int>, true>, xt::xtensor_expression_tag>, xt::xarray_container<xt::uvector<float, xsimd::aligned_allocator<float, 16> >, xt::layout_type::row_major, xt::svector<long unsigned int, 4, std::allocator<long unsigned int>, true>, xt::xtensor_expression_tag>(const xt::xarray_container<xt::uvector<float, xsimd::aligned_allocator<float, 16> >, xt::layout_type::row_major, xt::svector<long unsigned int, 4, std::allocator<long unsigned int>, true>, xt::xtensor_expression_tag>&), xt::xarray_container<xt::uvector<float, xsimd::aligned_allocator<float, 16> >, xt::layout_type::row_major, xt::svector<long unsigned int, 4, std::allocator<long unsigned int>, true>, xt::xtensor_expression_tag>(const xt::xarray_container<xt::uvector<float, xsimd::aligned_allocator<float, 16> >, xt::layout_type::row_major, xt::svector<long unsigned int, 4, std::allocator<long unsigned int>, true>, xt::xtensor_expression_tag>&, const nav_msgs::msg::Path_<std::allocator<void> >&, const std::shared_ptr<nav2_costmap_2d::Costmap2DROS>&)>[m[K’
[23.347s] [01m[K/home/alex/Media/Develop/Job/ros2/rosbot/src/algorithms/local_planners/mppic/src/../include/mppi/Optimizer.hpp:210:35:[m[K [01;36m[Knote: [m[K‘[01m[Kconst SharedPtr& ultra::mppi::optimization::Optimizer<float, xt::xarray_container<xt::uvector<float, xsimd::aligned_allocator<float, 16> >, xt::layout_type::row_major, xt::svector<long unsigned int, 4, std::allocator<long unsigned int>, true>, xt::xtensor_expression_tag>, xt::xarray_container<xt::uvector<float, xsimd::aligned_allocator<float, 16> >, xt::layout_type::row_major, xt::svector<long unsigned int, 4, std::allocator<long unsigned int>, true>, xt::xtensor_expression_tag>(const xt::xarray_container<xt::uvector<float, xsimd::aligned_allocator<float, 16> >, xt::layout_type::row_major, xt::svector<long unsigned int, 4, std::allocator<long unsigned int>, true>, xt::xtensor_expression_tag>&), xt::xarray_container<xt::uvector<float, xsimd::aligned_allocator<float, 16> >, xt::layout_type::row_major, xt::svector<long unsigned int, 4, std::allocator<long unsigned int>, true>, xt::xtensor_expression_tag>(const xt::xarray_container<xt::uvector<float, xsimd::aligned_allocator<float, 16> >, xt::layout_type::row_major, xt::svector<long unsigned int, 4, std::allocator<long unsigned int>, true>, xt::xtensor_expression_tag>&, const nav_msgs::msg::Path_<std::allocator<void> >&, const std::shared_ptr<nav2_costmap_2d::Costmap2DROS>&)>::parent_[m[K’ should be initialized
[23.348s]   210 |   const LifecycleNode::SharedPtr &[01;36m[Kparent_[m[K;
[23.348s]       |                                   [01;36m[K^~~~~~~[m[K
[23.348s] [01m[K/home/alex/Media/Develop/Job/ros2/rosbot/src/algorithms/local_planners/mppic/src/../include/mppi/Optimizer.hpp:43:3:[m[K [01;31m[Kerror: [m[Kuninitialized reference member in ‘[01m[Kclass ultra::mppi::optimization::Optimizer<float, xt::xarray_container<xt::uvector<float, xsimd::aligned_allocator<float, 16> >, xt::layout_type::row_major, xt::svector<long unsigned int, 4, std::allocator<long unsigned int>, true>, xt::xtensor_expression_tag>, xt::xarray_container<xt::uvector<float, xsimd::aligned_allocator<float, 16> >, xt::layout_type::row_major, xt::svector<long unsigned int, 4, std::allocator<long unsigned int>, true>, xt::xtensor_expression_tag>(const xt::xarray_container<xt::uvector<float, xsimd::aligned_allocator<float, 16> >, xt::layout_type::row_major, xt::svector<long unsigned int, 4, std::allocator<long unsigned int>, true>, xt::xtensor_expression_tag>&), xt::xarray_container<xt::uvector<float, xsimd::aligned_allocator<float, 16> >, xt::layout_type::row_major, xt::svector<long unsigned int, 4, std::allocator<long unsigned int>, true>, xt::xtensor_expression_tag>(const xt::xarray_container<xt::uvector<float, xsimd::aligned_allocator<float, 16> >, xt::layout_type::row_major, xt::svector<long unsigned int, 4, std::allocator<long unsigned int>, true>, xt::xtensor_expression_tag>&, const nav_msgs::msg::Path_<std::allocator<void> >&, const std::shared_ptr<nav2_costmap_2d::Costmap2DROS>&)>[m[K’
[23.349s]    43 |   [01;31m[KOptimizer[m[K() = default;
[23.349s]       |   [01;31m[K^~~~~~~~~[m[K
[23.350s] [01m[K/home/alex/Media/Develop/Job/ros2/rosbot/src/algorithms/local_planners/mppic/src/../include/mppi/Optimizer.hpp:211:22:[m[K [01;36m[Knote: [m[K‘[01m[Kconst string& ultra::mppi::optimization::Optimizer<float, xt::xarray_container<xt::uvector<float, xsimd::aligned_allocator<float, 16> >, xt::layout_type::row_major, xt::svector<long unsigned int, 4, std::allocator<long unsigned int>, true>, xt::xtensor_expression_tag>, xt::xarray_container<xt::uvector<float, xsimd::aligned_allocator<float, 16> >, xt::layout_type::row_major, xt::svector<long unsigned int, 4, std::allocator<long unsigned int>, true>, xt::xtensor_expression_tag>(const xt::xarray_container<xt::uvector<float, xsimd::aligned_allocator<float, 16> >, xt::layout_type::row_major, xt::svector<long unsigned int, 4, std::allocator<long unsigned int>, true>, xt::xtensor_expression_tag>&), xt::xarray_container<xt::uvector<float, xsimd::aligned_allocator<float, 16> >, xt::layout_type::row_major, xt::svector<long unsigned int, 4, std::allocator<long unsigned int>, true>, xt::xtensor_expression_tag>(const xt::xarray_container<xt::uvector<float, xsimd::aligned_allocator<float, 16> >, xt::layout_type::row_major, xt::svector<long unsigned int, 4, std::allocator<long unsigned int>, true>, xt::xtensor_expression_tag>&, const nav_msgs::msg::Path_<std::allocator<void> >&, const std::shared_ptr<nav2_costmap_2d::Costmap2DROS>&)>::node_name_[m[K’ should be initialized
[23.350s]   211 |   const std::string &[01;36m[Knode_name_[m[K;
[23.351s]       |                      [01;36m[K^~~~~~~~~~[m[K
[23.351s] [01m[K/home/alex/Media/Develop/Job/ros2/rosbot/src/algorithms/local_planners/mppic/src/../include/mppi/Optimizer.hpp:43:3:[m[K [01;31m[Kerror: [m[Kuninitialized reference member in ‘[01m[Kclass ultra::mppi::optimization::Optimizer<float, xt::xarray_container<xt::uvector<float, xsimd::aligned_allocator<float, 16> >, xt::layout_type::row_major, xt::svector<long unsigned int, 4, std::allocator<long unsigned int>, true>, xt::xtensor_expression_tag>, xt::xarray_container<xt::uvector<float, xsimd::aligned_allocator<float, 16> >, xt::layout_type::row_major, xt::svector<long unsigned int, 4, std::allocator<long unsigned int>, true>, xt::xtensor_expression_tag>(const xt::xarray_container<xt::uvector<float, xsimd::aligned_allocator<float, 16> >, xt::layout_type::row_major, xt::svector<long unsigned int, 4, std::allocator<long unsigned int>, true>, xt::xtensor_expression_tag>&), xt::xarray_container<xt::uvector<float, xsimd::aligned_allocator<float, 16> >, xt::layout_type::row_major, xt::svector<long unsigned int, 4, std::allocator<long unsigned int>, true>, xt::xtensor_expression_tag>(const xt::xarray_container<xt::uvector<float, xsimd::aligned_allocator<float, 16> >, xt::layout_type::row_major, xt::svector<long unsigned int, 4, std::allocator<long unsigned int>, true>, xt::xtensor_expression_tag>&, const nav_msgs::msg::Path_<std::allocator<void> >&, const std::shared_ptr<nav2_costmap_2d::Costmap2DROS>&)>[m[K’
[23.351s]    43 |   [01;31m[KOptimizer[m[K() = default;
[23.352s]       |   [01;31m[K^~~~~~~~~[m[K
[23.352s] [01m[K/home/alex/Media/Develop/Job/ros2/rosbot/src/algorithms/local_planners/mppic/src/../include/mppi/Optimizer.hpp:212:9:[m[K [01;36m[Knote: [m[K‘[01m[Knav_msgs::msg::Path& ultra::mppi::optimization::Optimizer<float, xt::xarray_container<xt::uvector<float, xsimd::aligned_allocator<float, 16> >, xt::layout_type::row_major, xt::svector<long unsigned int, 4, std::allocator<long unsigned int>, true>, xt::xtensor_expression_tag>, xt::xarray_container<xt::uvector<float, xsimd::aligned_allocator<float, 16> >, xt::layout_type::row_major, xt::svector<long unsigned int, 4, std::allocator<long unsigned int>, true>, xt::xtensor_expression_tag>(const xt::xarray_container<xt::uvector<float, xsimd::aligned_allocator<float, 16> >, xt::layout_type::row_major, xt::svector<long unsigned int, 4, std::allocator<long unsigned int>, true>, xt::xtensor_expression_tag>&), xt::xarray_container<xt::uvector<float, xsimd::aligned_allocator<float, 16> >, xt::layout_type::row_major, xt::svector<long unsigned int, 4, std::allocator<long unsigned int>, true>, xt::xtensor_expression_tag>(const xt::xarray_container<xt::uvector<float, xsimd::aligned_allocator<float, 16> >, xt::layout_type::row_major, xt::svector<long unsigned int, 4, std::allocator<long unsigned int>, true>, xt::xtensor_expression_tag>&, const nav_msgs::msg::Path_<std::allocator<void> >&, const std::shared_ptr<nav2_costmap_2d::Costmap2DROS>&)>::global_plan_[m[K’ should be initialized
[23.354s]   212 |   Path &[01;36m[Kglobal_plan_[m[K;
[23.354s]       |         [01;36m[K^~~~~~~~~~~~[m[K
[23.355s] [01m[K/home/alex/Media/Develop/Job/ros2/rosbot/src/algorithms/local_planners/mppic/src/../include/mppi/Optimizer.hpp:43:3:[m[K [01;31m[Kerror: [m[Kuninitialized reference member in ‘[01m[Kclass ultra::mppi::optimization::Optimizer<float, xt::xarray_container<xt::uvector<float, xsimd::aligned_allocator<float, 16> >, xt::layout_type::row_major, xt::svector<long unsigned int, 4, std::allocator<long unsigned int>, true>, xt::xtensor_expression_tag>, xt::xarray_container<xt::uvector<float, xsimd::aligned_allocator<float, 16> >, xt::layout_type::row_major, xt::svector<long unsigned int, 4, std::allocator<long unsigned int>, true>, xt::xtensor_expression_tag>(const xt::xarray_container<xt::uvector<float, xsimd::aligned_allocator<float, 16> >, xt::layout_type::row_major, xt::svector<long unsigned int, 4, std::allocator<long unsigned int>, true>, xt::xtensor_expression_tag>&), xt::xarray_container<xt::uvector<float, xsimd::aligned_allocator<float, 16> >, xt::layout_type::row_major, xt::svector<long unsigned int, 4, std::allocator<long unsigned int>, true>, xt::xtensor_expression_tag>(const xt::xarray_container<xt::uvector<float, xsimd::aligned_allocator<float, 16> >, xt::layout_type::row_major, xt::svector<long unsigned int, 4, std::allocator<long unsigned int>, true>, xt::xtensor_expression_tag>&, const nav_msgs::msg::Path_<std::allocator<void> >&, const std::shared_ptr<nav2_costmap_2d::Costmap2DROS>&)>[m[K’
[23.355s]    43 |   [01;31m[KOptimizer[m[K() = default;
[23.355s]       |   [01;31m[K^~~~~~~~~[m[K
[23.356s] [01m[K/home/alex/Media/Develop/Job/ros2/rosbot/src/algorithms/local_planners/mppic/src/../include/mppi/Optimizer.hpp:213:34:[m[K [01;36m[Knote: [m[K‘[01m[Kstd::shared_ptr<nav2_costmap_2d::Costmap2DROS>& ultra::mppi::optimization::Optimizer<float, xt::xarray_container<xt::uvector<float, xsimd::aligned_allocator<float, 16> >, xt::layout_type::row_major, xt::svector<long unsigned int, 4, std::allocator<long unsigned int>, true>, xt::xtensor_expression_tag>, xt::xarray_container<xt::uvector<float, xsimd::aligned_allocator<float, 16> >, xt::layout_type::row_major, xt::svector<long unsigned int, 4, std::allocator<long unsigned int>, true>, xt::xtensor_expression_tag>(const xt::xarray_container<xt::uvector<float, xsimd::aligned_allocator<float, 16> >, xt::layout_type::row_major, xt::svector<long unsigned int, 4, std::allocator<long unsigned int>, true>, xt::xtensor_expression_tag>&), xt::xarray_container<xt::uvector<float, xsimd::aligned_allocator<float, 16> >, xt::layout_type::row_major, xt::svector<long unsigned int, 4, std::allocator<long unsigned int>, true>, xt::xtensor_expression_tag>(const xt::xarray_container<xt::uvector<float, xsimd::aligned_allocator<float, 16> >, xt::layout_type::row_major, xt::svector<long unsigned int, 4, std::allocator<long unsigned int>, true>, xt::xtensor_expression_tag>&, const nav_msgs::msg::Path_<std::allocator<void> >&, const std::shared_ptr<nav2_costmap_2d::Costmap2DROS>&)>::costmap_ros_[m[K’ should be initialized
[23.357s]   213 |   std::shared_ptr<Costmap2DROS> &[01;36m[Kcostmap_ros_[m[K;
[23.357s]       |                                  [01;36m[K^~~~~~~~~~~~[m[K
[23.357s] [01m[K/home/alex/Media/Develop/Job/ros2/rosbot/src/algorithms/local_planners/mppic/src/../include/mppi/Optimizer.hpp:43:3:[m[K [01;31m[Kerror: [m[Kuninitialized reference member in ‘[01m[Kclass ultra::mppi::optimization::Optimizer<float, xt::xarray_container<xt::uvector<float, xsimd::aligned_allocator<float, 16> >, xt::layout_type::row_major, xt::svector<long unsigned int, 4, std::allocator<long unsigned int>, true>, xt::xtensor_expression_tag>, xt::xarray_container<xt::uvector<float, xsimd::aligned_allocator<float, 16> >, xt::layout_type::row_major, xt::svector<long unsigned int, 4, std::allocator<long unsigned int>, true>, xt::xtensor_expression_tag>(const xt::xarray_container<xt::uvector<float, xsimd::aligned_allocator<float, 16> >, xt::layout_type::row_major, xt::svector<long unsigned int, 4, std::allocator<long unsigned int>, true>, xt::xtensor_expression_tag>&), xt::xarray_container<xt::uvector<float, xsimd::aligned_allocator<float, 16> >, xt::layout_type::row_major, xt::svector<long unsigned int, 4, std::allocator<long unsigned int>, true>, xt::xtensor_expression_tag>(const xt::xarray_container<xt::uvector<float, xsimd::aligned_allocator<float, 16> >, xt::layout_type::row_major, xt::svector<long unsigned int, 4, std::allocator<long unsigned int>, true>, xt::xtensor_expression_tag>&, const nav_msgs::msg::Path_<std::allocator<void> >&, const std::shared_ptr<nav2_costmap_2d::Costmap2DROS>&)>[m[K’
[23.358s]    43 |   [01;31m[KOptimizer[m[K() = default;
[23.358s]       |   [01;31m[K^~~~~~~~~[m[K
[23.359s] [01m[K/home/alex/Media/Develop/Job/ros2/rosbot/src/algorithms/local_planners/mppic/src/../include/mppi/Optimizer.hpp:214:28:[m[K [01;36m[Knote: [m[K‘[01m[Kstd::shared_ptr<tf2_ros::Buffer>& ultra::mppi::optimization::Optimizer<float, xt::xarray_container<xt::uvector<float, xsimd::aligned_allocator<float, 16> >, xt::layout_type::row_major, xt::svector<long unsigned int, 4, std::allocator<long unsigned int>, true>, xt::xtensor_expression_tag>, xt::xarray_container<xt::uvector<float, xsimd::aligned_allocator<float, 16> >, xt::layout_type::row_major, xt::svector<long unsigned int, 4, std::allocator<long unsigned int>, true>, xt::xtensor_expression_tag>(const xt::xarray_container<xt::uvector<float, xsimd::aligned_allocator<float, 16> >, xt::layout_type::row_major, xt::svector<long unsigned int, 4, std::allocator<long unsigned int>, true>, xt::xtensor_expression_tag>&), xt::xarray_container<xt::uvector<float, xsimd::aligned_allocator<float, 16> >, xt::layout_type::row_major, xt::svector<long unsigned int, 4, std::allocator<long unsigned int>, true>, xt::xtensor_expression_tag>(const xt::xarray_container<xt::uvector<float, xsimd::aligned_allocator<float, 16> >, xt::layout_type::row_major, xt::svector<long unsigned int, 4, std::allocator<long unsigned int>, true>, xt::xtensor_expression_tag>&, const nav_msgs::msg::Path_<std::allocator<void> >&, const std::shared_ptr<nav2_costmap_2d::Costmap2DROS>&)>::tf_buffer_[m[K’ should be initialized
[23.359s]   214 |   std::shared_ptr<Buffer> &[01;36m[Ktf_buffer_[m[K;
[23.359s]       |                            [01;36m[K^~~~~~~~~~[m[K
[23.894s] make[2]: *** [src/CMakeFiles/mppic.dir/build.make:63: src/CMakeFiles/mppic.dir/Controller.cpp.o] Error 1
[23.895s] make[1]: *** [CMakeFiles/Makefile2:192: src/CMakeFiles/mppic.dir/all] Error 2
[23.895s] make[1]: *** Waiting for unfinished jobs....
[26.906s] [01m[K/home/alex/Media/Develop/Job/ros2/rosbot/src/algorithms/local_planners/mppic/test/OptimizerTest.cpp:[m[K In member function ‘[01m[Kvirtual void OptimizerTest::SetUp()[m[K’:
[26.906s] [01m[K/home/alex/Media/Develop/Job/ros2/rosbot/src/algorithms/local_planners/mppic/test/OptimizerTest.cpp:35:75:[m[K [01;31m[Kerror: [m[Kno matching function for call to ‘[01m[Kultra::mppi::optimization::Optimizer<float>::Optimizer(std::shared_ptr<rclcpp_lifecycle::LifecycleNode>&, std::__cxx11::basic_string<char>&, std::shared_ptr<tf2_ros::Buffer>&, std::shared_ptr<nav2_costmap_2d::Costmap2DROS>&, xt::xarray_container<xt::uvector<float, xsimd::aligned_allocator<float, 16> >, xt::layout_type::row_major, xt::svector<long unsigned int, 4, std::allocator<long unsigned int>, true>, xt::xtensor_expression_tag> (&)(const xt::xarray_container<xt::uvector<float, xsimd::aligned_allocator<float, 16> >, xt::layout_type::row_major, xt::svector<long unsigned int, 4, std::allocator<long unsigned int>, true>, xt::xtensor_expression_tag>&))[m[K’
[26.906s]    35 |     auto optimizer = Optimizer(node, node_name, tf_buffer, cost_map, model[01;31m[K)[m[K;
[26.906s]       |                                                                           [01;31m[K^[m[K
[26.907s] In file included from [01m[K/home/alex/Media/Develop/Job/ros2/rosbot/src/algorithms/local_planners/mppic/test/OptimizerTest.cpp:10[m[K:
[26.907s] [01m[K/home/alex/Media/Develop/Job/ros2/rosbot/src/algorithms/local_planners/mppic/test/../include/mppi/Optimizer.hpp:46:3:[m[K [01;36m[Knote: [m[Kcandidate: ‘[01m[Kultra::mppi::optimization::Optimizer<T, Tensor, Model, Cost>::Optimizer(const SharedPtr&, const string&, nav_msgs::msg::Path&, std::shared_ptr<tf2_ros::Buffer>&, std::shared_ptr<nav2_costmap_2d::Costmap2DROS>&, Model&&) [with T = float; Tensor = xt::xarray_container<xt::uvector<float, xsimd::aligned_allocator<float, 16> >, xt::layout_type::row_major, xt::svector<long unsigned int, 4, std::allocator<long unsigned int>, true>, xt::xtensor_expression_tag>; Model = xt::xarray_container<xt::uvector<float, xsimd::aligned_allocator<float, 16> >, xt::layout_type::row_major, xt::svector<long unsigned int, 4, std::allocator<long unsigned int>, true>, xt::xtensor_expression_tag>(const xt::xarray_container<xt::uvector<float, xsimd::aligned_allocator<float, 16> >, xt::layout_type::row_major, xt::svector<long unsigned int, 4, std::allocator<long unsigned int>, true>, xt::xtensor_expression_tag>&); Cost = xt::xarray_container<xt::uvector<float, xsimd::aligned_allocator<float, 16> >, xt::layout_type::row_major, xt::svector<long unsigned int, 4, std::allocator<long unsigned int>, true>, xt::xtensor_expression_tag>(const xt::xarray_container<xt::uvector<float, xsimd::aligned_allocator<float, 16> >, xt::layout_type::row_major, xt::svector<long unsigned int, 4, std::allocator<long unsigned int>, true>, xt::xtensor_expression_tag>&, const nav_msgs::msg::Path_<std::allocator<void> >&, const std::shared_ptr<nav2_costmap_2d::Costmap2DROS>&); rclcpp_lifecycle::LifecycleNode::SharedPtr = std::shared_ptr<rclcpp_lifecycle::LifecycleNode>; std::string = std::__cxx11::basic_string<char>; nav_msgs::msg::Path = nav_msgs::msg::Path_<std::allocator<void> >][m[K’
[26.908s]    46 |   [01;36m[KOptimizer[m[K(const LifecycleNode::SharedPtr &parent, const string &node_name,
[26.908s]       |   [01;36m[K^~~~~~~~~[m[K
[26.908s] [01m[K/home/alex/Media/Develop/Job/ros2/rosbot/src/algorithms/local_planners/mppic/test/../include/mppi/Optimizer.hpp:46:3:[m[K [01;36m[Knote: [m[K  candidate expects 6 arguments, 5 provided
[26.908s] [01m[K/home/alex/Media/Develop/Job/ros2/rosbot/src/algorithms/local_planners/mppic/test/../include/mppi/Optimizer.hpp:41:7:[m[K [01;36m[Knote: [m[Kcandidate: ‘[01m[Kultra::mppi::optimization::Optimizer<float>::Optimizer(const ultra::mppi::optimization::Optimizer<float>&)[m[K’
[26.909s]    41 | class [01;36m[KOptimizer[m[K {
[26.909s]       |       [01;36m[K^~~~~~~~~[m[K
[26.909s] [01m[K/home/alex/Media/Develop/Job/ros2/rosbot/src/algorithms/local_planners/mppic/test/../include/mppi/Optimizer.hpp:41:7:[m[K [01;36m[Knote: [m[K  candidate expects 1 argument, 5 provided
[26.909s] In file included from [01m[K/opt/ros/foxy/src/gtest_vendor/include/gtest/gtest.h:60[m[K,
[26.909s]                  from [01m[K/home/alex/Media/Develop/Job/ros2/rosbot/src/algorithms/local_planners/mppic/test/OptimizerTest.cpp:1[m[K:
[26.910s] [01m[K/home/alex/Media/Develop/Job/ros2/rosbot/src/algorithms/local_planners/mppic/test/OptimizerTest.cpp:[m[K In constructor ‘[01m[KOptimizerTest_evalNextControlTest_Test::OptimizerTest_evalNextControlTest_Test()[m[K’:
[26.910s] [01m[K/opt/ros/foxy/src/gtest_vendor/include/gtest/internal/gtest-internal.h:1397:57:[m[K [01;31m[Kerror: [m[Kuse of deleted function ‘[01m[KOptimizerTest::OptimizerTest()[m[K’
[26.910s]  1397 |     GTEST_TEST_CLASS_NAME_(test_case_name, test_name)() [01;31m[K{[m[K}                    \
[26.910s]       |                                                         [01;31m[K^[m[K
[26.911s] [01m[K/opt/ros/foxy/src/gtest_vendor/include/gtest/gtest.h:2346:3:[m[K [01;36m[Knote: [m[Kin expansion of macro ‘[01m[KGTEST_TEST_[m[K’
[26.911s]  2346 |   [01;36m[KGTEST_TEST_[m[K(test_fixture, test_name, test_fixture, \
[26.911s]       |   [01;36m[K^~~~~~~~~~~[m[K
[26.911s] [01m[K/home/alex/Media/Develop/Job/ros2/rosbot/src/algorithms/local_planners/mppic/test/OptimizerTest.cpp:43:1:[m[K [01;36m[Knote: [m[Kin expansion of macro ‘[01m[KTEST_F[m[K’
[26.912s]    43 | [01;36m[KTEST_F[m[K(OptimizerTest, evalNextControlTest) {
[26.912s]       | [01;36m[K^~~~~~[m[K
[26.912s] [01m[K/home/alex/Media/Develop/Job/ros2/rosbot/src/algorithms/local_planners/mppic/test/OptimizerTest.cpp:16:7:[m[K [01;36m[Knote: [m[K‘[01m[KOptimizerTest::OptimizerTest()[m[K’ is implicitly deleted because the default definition would be ill-formed:
[26.912s]    16 | class [01;36m[KOptimizerTest[m[K : public ::testing::Test {
[26.913s]       |       [01;36m[K^~~~~~~~~~~~~[m[K
[26.913s] [01m[K/home/alex/Media/Develop/Job/ros2/rosbot/src/algorithms/local_planners/mppic/test/OptimizerTest.cpp:16:7:[m[K [01;31m[Kerror: [m[Kuse of deleted function ‘[01m[Kultra::mppi::optimization::Optimizer<T, Tensor, Model, Cost>::Optimizer() [with T = float; Tensor = xt::xarray_container<xt::uvector<float, xsimd::aligned_allocator<float, 16> >, xt::layout_type::row_major, xt::svector<long unsigned int, 4, std::allocator<long unsigned int>, true>, xt::xtensor_expression_tag>; Model = xt::xarray_container<xt::uvector<float, xsimd::aligned_allocator<float, 16> >, xt::layout_type::row_major, xt::svector<long unsigned int, 4, std::allocator<long unsigned int>, true>, xt::xtensor_expression_tag>(const xt::xarray_container<xt::uvector<float, xsimd::aligned_allocator<float, 16> >, xt::layout_type::row_major, xt::svector<long unsigned int, 4, std::allocator<long unsigned int>, true>, xt::xtensor_expression_tag>&); Cost = xt::xarray_container<xt::uvector<float, xsimd::aligned_allocator<float, 16> >, xt::layout_type::row_major, xt::svector<long unsigned int, 4, std::allocator<long unsigned int>, true>, xt::xtensor_expression_tag>(const xt::xarray_container<xt::uvector<float, xsimd::aligned_allocator<float, 16> >, xt::layout_type::row_major, xt::svector<long unsigned int, 4, std::allocator<long unsigned int>, true>, xt::xtensor_expression_tag>&, const nav_msgs::msg::Path_<std::allocator<void> >&, const std::shared_ptr<nav2_costmap_2d::Costmap2DROS>&)][m[K’
[26.913s] In file included from [01m[K/home/alex/Media/Develop/Job/ros2/rosbot/src/algorithms/local_planners/mppic/test/OptimizerTest.cpp:10[m[K:
[26.914s] [01m[K/home/alex/Media/Develop/Job/ros2/rosbot/src/algorithms/local_planners/mppic/test/../include/mppi/Optimizer.hpp:43:3:[m[K [01;36m[Knote: [m[K‘[01m[Kultra::mppi::optimization::Optimizer<T, Tensor, Model, Cost>::Optimizer() [with T = float; Tensor = xt::xarray_container<xt::uvector<float, xsimd::aligned_allocator<float, 16> >, xt::layout_type::row_major, xt::svector<long unsigned int, 4, std::allocator<long unsigned int>, true>, xt::xtensor_expression_tag>; Model = xt::xarray_container<xt::uvector<float, xsimd::aligned_allocator<float, 16> >, xt::layout_type::row_major, xt::svector<long unsigned int, 4, std::allocator<long unsigned int>, true>, xt::xtensor_expression_tag>(const xt::xarray_container<xt::uvector<float, xsimd::aligned_allocator<float, 16> >, xt::layout_type::row_major, xt::svector<long unsigned int, 4, std::allocator<long unsigned int>, true>, xt::xtensor_expression_tag>&); Cost = xt::xarray_container<xt::uvector<float, xsimd::aligned_allocator<float, 16> >, xt::layout_type::row_major, xt::svector<long unsigned int, 4, std::allocator<long unsigned int>, true>, xt::xtensor_expression_tag>(const xt::xarray_container<xt::uvector<float, xsimd::aligned_allocator<float, 16> >, xt::layout_type::row_major, xt::svector<long unsigned int, 4, std::allocator<long unsigned int>, true>, xt::xtensor_expression_tag>&, const nav_msgs::msg::Path_<std::allocator<void> >&, const std::shared_ptr<nav2_costmap_2d::Costmap2DROS>&)][m[K’ is implicitly deleted because the default definition would be ill-formed:
[26.914s]    43 |   [01;36m[KOptimizer[m[K() = default;
[26.914s]       |   [01;36m[K^~~~~~~~~[m[K
[26.914s] [01m[K/home/alex/Media/Develop/Job/ros2/rosbot/src/algorithms/local_planners/mppic/test/../include/mppi/Optimizer.hpp:43:3:[m[K [01;31m[Kerror: [m[Kuninitialized reference member in ‘[01m[Kclass ultra::mppi::optimization::Optimizer<float>[m[K’
[26.915s] [01m[K/home/alex/Media/Develop/Job/ros2/rosbot/src/algorithms/local_planners/mppic/test/../include/mppi/Optimizer.hpp:210:35:[m[K [01;36m[Knote: [m[K‘[01m[Kconst SharedPtr& ultra::mppi::optimization::Optimizer<float>::parent_[m[K’ should be initialized
[26.915s]   210 |   const LifecycleNode::SharedPtr &[01;36m[Kparent_[m[K;
[26.915s]       |                                   [01;36m[K^~~~~~~[m[K
[26.915s] [01m[K/home/alex/Media/Develop/Job/ros2/rosbot/src/algorithms/local_planners/mppic/test/../include/mppi/Optimizer.hpp:43:3:[m[K [01;31m[Kerror: [m[Kuninitialized reference member in ‘[01m[Kclass ultra::mppi::optimization::Optimizer<float>[m[K’
[26.916s]    43 |   [01;31m[KOptimizer[m[K() = default;
[26.916s]       |   [01;31m[K^~~~~~~~~[m[K
[26.916s] [01m[K/home/alex/Media/Develop/Job/ros2/rosbot/src/algorithms/local_planners/mppic/test/../include/mppi/Optimizer.hpp:211:22:[m[K [01;36m[Knote: [m[K‘[01m[Kconst string& ultra::mppi::optimization::Optimizer<float>::node_name_[m[K’ should be initialized
[26.916s]   211 |   const std::string &[01;36m[Knode_name_[m[K;
[26.917s]       |                      [01;36m[K^~~~~~~~~~[m[K
[26.917s] [01m[K/home/alex/Media/Develop/Job/ros2/rosbot/src/algorithms/local_planners/mppic/test/../include/mppi/Optimizer.hpp:43:3:[m[K [01;31m[Kerror: [m[Kuninitialized reference member in ‘[01m[Kclass ultra::mppi::optimization::Optimizer<float>[m[K’
[26.917s]    43 |   [01;31m[KOptimizer[m[K() = default;
[26.918s]       |   [01;31m[K^~~~~~~~~[m[K
[26.918s] [01m[K/home/alex/Media/Develop/Job/ros2/rosbot/src/algorithms/local_planners/mppic/test/../include/mppi/Optimizer.hpp:212:9:[m[K [01;36m[Knote: [m[K‘[01m[Knav_msgs::msg::Path& ultra::mppi::optimization::Optimizer<float>::global_plan_[m[K’ should be initialized
[26.918s]   212 |   Path &[01;36m[Kglobal_plan_[m[K;
[26.918s]       |         [01;36m[K^~~~~~~~~~~~[m[K
[26.919s] [01m[K/home/alex/Media/Develop/Job/ros2/rosbot/src/algorithms/local_planners/mppic/test/../include/mppi/Optimizer.hpp:43:3:[m[K [01;31m[Kerror: [m[Kuninitialized reference member in ‘[01m[Kclass ultra::mppi::optimization::Optimizer<float>[m[K’
[26.919s]    43 |   [01;31m[KOptimizer[m[K() = default;
[26.919s]       |   [01;31m[K^~~~~~~~~[m[K
[26.920s] [01m[K/home/alex/Media/Develop/Job/ros2/rosbot/src/algorithms/local_planners/mppic/test/../include/mppi/Optimizer.hpp:213:34:[m[K [01;36m[Knote: [m[K‘[01m[Kstd::shared_ptr<nav2_costmap_2d::Costmap2DROS>& ultra::mppi::optimization::Optimizer<float>::costmap_ros_[m[K’ should be initialized
[26.920s]   213 |   std::shared_ptr<Costmap2DROS> &[01;36m[Kcostmap_ros_[m[K;
[26.920s]       |                                  [01;36m[K^~~~~~~~~~~~[m[K
[26.920s] [01m[K/home/alex/Media/Develop/Job/ros2/rosbot/src/algorithms/local_planners/mppic/test/../include/mppi/Optimizer.hpp:43:3:[m[K [01;31m[Kerror: [m[Kuninitialized reference member in ‘[01m[Kclass ultra::mppi::optimization::Optimizer<float>[m[K’
[26.921s]    43 |   [01;31m[KOptimizer[m[K() = default;
[26.921s]       |   [01;31m[K^~~~~~~~~[m[K
[26.921s] [01m[K/home/alex/Media/Develop/Job/ros2/rosbot/src/algorithms/local_planners/mppic/test/../include/mppi/Optimizer.hpp:214:28:[m[K [01;36m[Knote: [m[K‘[01m[Kstd::shared_ptr<tf2_ros::Buffer>& ultra::mppi::optimization::Optimizer<float>::tf_buffer_[m[K’ should be initialized
[26.921s]   214 |   std::shared_ptr<Buffer> &[01;36m[Ktf_buffer_[m[K;
[26.922s]       |                            [01;36m[K^~~~~~~~~~[m[K
[27.406s] /home/alex/Media/Develop/Job/ros2/rosbot/src/algorithms/local_planners/mppic/test/../include/mppi/Optimizer.hpp: In instantiation of ‘[01m[Kvoid ultra::mppi::optimization::Optimizer<T, Tensor, Model, Cost>::updateControlSequence(const Tensor&) [with T = float; Tensor = xt::xarray_container<xt::uvector<float, xsimd::aligned_allocator<float, 16> >, xt::layout_type::row_major, xt::svector<long unsigned int, 4, std::allocator<long unsigned int>, true>, xt::xtensor_expression_tag>; Model = xt::xarray_container<xt::uvector<float, xsimd::aligned_allocator<float, 16> >, xt::layout_type::row_major, xt::svector<long unsigned int, 4, std::allocator<long unsigned int>, true>, xt::xtensor_expression_tag>(const xt::xarray_container<xt::uvector<float, xsimd::aligned_allocator<float, 16> >, xt::layout_type::row_major, xt::svector<long unsigned int, 4, std::allocator<long unsigned int>, true>, xt::xtensor_expression_tag>&); Cost = xt::xarray_container<xt::uvector<float, xsimd::aligned_allocator<float, 16> >, xt::layout_type::row_major, xt::svector<long unsigned int, 4, std::allocator<long unsigned int>, true>, xt::xtensor_expression_tag>(const xt::xarray_container<xt::uvector<float, xsimd::aligned_allocator<float, 16> >, xt::layout_type::row_major, xt::svector<long unsigned int, 4, std::allocator<long unsigned int>, true>, xt::xtensor_expression_tag>&, const nav_msgs::msg::Path_<std::allocator<void> >&, const std::shared_ptr<nav2_costmap_2d::Costmap2DROS>&)][m[K’:
[27.407s] [01m[K/home/alex/Media/Develop/Job/ros2/rosbot/src/algorithms/local_planners/mppic/test/../include/mppi/Optimizer.hpp:89:7:[m[K   required from ‘[01m[Kgeometry_msgs::msg::TwistStamped ultra::mppi::optimization::Optimizer<T, Tensor, Model, Cost>::evalNextControl(const PoseStamped&, const Twist&) [with T = float; Tensor = xt::xarray_container<xt::uvector<float, xsimd::aligned_allocator<float, 16> >, xt::layout_type::row_major, xt::svector<long unsigned int, 4, std::allocator<long unsigned int>, true>, xt::xtensor_expression_tag>; Model = xt::xarray_container<xt::uvector<float, xsimd::aligned_allocator<float, 16> >, xt::layout_type::row_major, xt::svector<long unsigned int, 4, std::allocator<long unsigned int>, true>, xt::xtensor_expression_tag>(const xt::xarray_container<xt::uvector<float, xsimd::aligned_allocator<float, 16> >, xt::layout_type::row_major, xt::svector<long unsigned int, 4, std::allocator<long unsigned int>, true>, xt::xtensor_expression_tag>&); Cost = xt::xarray_container<xt::uvector<float, xsimd::aligned_allocator<float, 16> >, xt::layout_type::row_major, xt::svector<long unsigned int, 4, std::allocator<long unsigned int>, true>, xt::xtensor_expression_tag>(const xt::xarray_container<xt::uvector<float, xsimd::aligned_allocator<float, 16> >, xt::layout_type::row_major, xt::svector<long unsigned int, 4, std::allocator<long unsigned int>, true>, xt::xtensor_expression_tag>&, const nav_msgs::msg::Path_<std::allocator<void> >&, const std::shared_ptr<nav2_costmap_2d::Costmap2DROS>&); geometry_msgs::msg::TwistStamped = geometry_msgs::msg::TwistStamped_<std::allocator<void> >; geometry_msgs::msg::PoseStamped = geometry_msgs::msg::PoseStamped_<std::allocator<void> >; geometry_msgs::msg::Twist = geometry_msgs::msg::Twist_<std::allocator<void> >][m[K’
[27.407s] [01m[K/home/alex/Media/Develop/Job/ros2/rosbot/src/algorithms/local_planners/mppic/test/OptimizerTest.cpp:49:49:[m[K   required from here
[27.407s] [01m[K/home/alex/Media/Develop/Job/ros2/rosbot/src/algorithms/local_planners/mppic/test/../include/mppi/Optimizer.hpp:184:11:[m[K [01;31m[Kerror: [m[Kno match for ‘[01m[Koperator=[m[K’ (operand types are ‘[01m[Kconst xt::xarray_container<xt::uvector<float, xsimd::aligned_allocator<float, 16> >, xt::layout_type::row_major, xt::svector<long unsigned int, 4, std::allocator<long unsigned int>, true>, xt::xtensor_expression_tag>[m[K’ and ‘[01m[Kxt::detail::xfunction_type_t<xt::detail::minus, const xt::xarray_container<xt::uvector<float, xsimd::aligned_allocator<float, 16> >, xt::layout_type::row_major, xt::svector<long unsigned int, 4, std::allocator<long unsigned int>, true>, xt::xtensor_expression_tag>&, xt::xreducer<xt::xreducer_functors<xt::math::minimum<float>, xt::const_value<float>, xt::math::minimum<float> >, const xt::xarray_container<xt::uvector<float, xsimd::aligned_allocator<float, 16> >, xt::layout_type::row_major, xt::svector<long unsigned int, 4, std::allocator<long unsigned int>, true>, xt::xtensor_expression_tag>&, xt::svector<long unsigned int, 4, std::allocator<long unsigned int>, true>, xt::reducer_options<float, std::tuple<xt::evaluation_strategy::lazy_type> > > >[m[K’ {aka ‘[01m[Kxt::xfunction<xt::detail::minus, const xt::xarray_container<xt::uvector<float, xsimd::aligned_allocator<float, 16> >, xt::layout_type::row_major, xt::svector<long unsigned int, 4, std::allocator<long unsigned int>, true>, xt::xtensor_expression_tag>&, xt::xreducer<xt::xreducer_functors<xt::math::minimum<float>, xt::const_value<float>, xt::math::minimum<float> >, const xt::xarray_container<xt::uvector<float, xsimd::aligned_allocator<float, 16> >, xt::layout_type::row_major, xt::svector<long unsigned int, 4, std::allocator<long unsigned int>, true>, xt::xtensor_expression_tag>&, xt::svector<long unsigned int, 4, std::allocator<long unsigned int>, true>, xt::reducer_options<float, std::tuple<xt::evaluation_strategy::lazy_type> > > >[m[K’})
[27.408s]   184 |     [01;31m[Kcosts = costs - xt::amin(costs)[m[K;
[27.408s]       |     [01;31m[K~~~~~~^~~~~~~~~~~~~~~~~~~~~~~~~[m[K
[27.408s] In file included from [01m[K/home/alex/Media/Develop/Job/ros2/rosbot/src/algorithms/local_planners/mppic/test/../include/mppi/Optimizer.hpp:13[m[K,
[27.408s]                  from [01m[K/home/alex/Media/Develop/Job/ros2/rosbot/src/algorithms/local_planners/mppic/test/OptimizerTest.cpp:10[m[K:
[27.409s] [01m[K/home/alex/.conan/data/xtensor/0.21.5/_/_/package/5ab84d6acfe1f23c4fae0ab88f26e3a396351ac9/include/xtensor/xarray.hpp:128:27:[m[K [01;36m[Knote: [m[Kcandidate: ‘[01m[Kxt::xarray_container<EC, L, SC, Tag>& xt::xarray_container<EC, L, SC, Tag>::operator=(const xt::xarray_container<EC, L, SC, Tag>&) [with EC = xt::uvector<float, xsimd::aligned_allocator<float, 16> >; xt::layout_type L = xt::layout_type::row_major; SC = xt::svector<long unsigned int, 4, std::allocator<long unsigned int>, true>; Tag = xt::xtensor_expression_tag][m[K’ <near match>
[27.409s]   128 |         xarray_container& [01;36m[Koperator[m[K=(const xarray_container&) = default;
[27.409s]       |                           [01;36m[K^~~~~~~~[m[K
[27.409s] [01m[K/home/alex/.conan/data/xtensor/0.21.5/_/_/package/5ab84d6acfe1f23c4fae0ab88f26e3a396351ac9/include/xtensor/xarray.hpp:128:27:[m[K [01;36m[Knote: [m[K  passing ‘[01m[Kconst xt::xarray_container<xt::uvector<float, xsimd::aligned_allocator<float, 16> >, xt::layout_type::row_major, xt::svector<long unsigned int, 4, std::allocator<long unsigned int>, true>, xt::xtensor_expression_tag>*[m[K’ as ‘[01m[Kthis[m[K’ argument discards qualifiers
[27.410s] [01m[K/home/alex/.conan/data/xtensor/0.21.5/_/_/package/5ab84d6acfe1f23c4fae0ab88f26e3a396351ac9/include/xtensor/xarray.hpp:131:27:[m[K [01;36m[Knote: [m[Kcandidate: ‘[01m[Kxt::xarray_container<EC, L, SC, Tag>& xt::xarray_container<EC, L, SC, Tag>::operator=(xt::xarray_container<EC, L, SC, Tag>&&) [with EC = xt::uvector<float, xsimd::aligned_allocator<float, 16> >; xt::layout_type L = xt::layout_type::row_major; SC = xt::svector<long unsigned int, 4, std::allocator<long unsigned int>, true>; Tag = xt::xtensor_expression_tag][m[K’ <near match>
[27.410s]   131 |         xarray_container& [01;36m[Koperator[m[K=(xarray_container&&) = default;
[27.410s]       |                           [01;36m[K^~~~~~~~[m[K
[27.411s] [01m[K/home/alex/.conan/data/xtensor/0.21.5/_/_/package/5ab84d6acfe1f23c4fae0ab88f26e3a396351ac9/include/xtensor/xarray.hpp:131:27:[m[K [01;36m[Knote: [m[K  passing ‘[01m[Kconst xt::xarray_container<xt::uvector<float, xsimd::aligned_allocator<float, 16> >, xt::layout_type::row_major, xt::svector<long unsigned int, 4, std::allocator<long unsigned int>, true>, xt::xtensor_expression_tag>*[m[K’ as ‘[01m[Kthis[m[K’ argument discards qualifiers
[27.411s] [01m[K/home/alex/.conan/data/xtensor/0.21.5/_/_/package/5ab84d6acfe1f23c4fae0ab88f26e3a396351ac9/include/xtensor/xarray.hpp:136:27:[m[K [01;36m[Knote: [m[Kcandidate: ‘[01m[Ktemplate<long unsigned int N> xt::xarray_container<EC, L, SC, Tag>& xt::xarray_container<EC, L, SC, Tag>::operator=(xt::xtensor_container<EC, N, L, Tag>&&) [with long unsigned int N = N; EC = xt::uvector<float, xsimd::aligned_allocator<float, 16> >; xt::layout_type L = xt::layout_type::row_major; SC = xt::svector<long unsigned int, 4, std::allocator<long unsigned int>, true>; Tag = xt::xtensor_expression_tag][m[K’
[27.411s]   136 |         xarray_container& [01;36m[Koperator[m[K=(xtensor_container<EC, N, L, Tag>&& rhs);
[27.411s]       |                           [01;36m[K^~~~~~~~[m[K
[27.412s] [01m[K/home/alex/.conan/data/xtensor/0.21.5/_/_/package/5ab84d6acfe1f23c4fae0ab88f26e3a396351ac9/include/xtensor/xarray.hpp:136:27:[m[K [01;36m[Knote: [m[K  template argument deduction/substitution failed:
[27.412s] In file included from [01m[K/home/alex/Media/Develop/Job/ros2/rosbot/src/algorithms/local_planners/mppic/test/OptimizerTest.cpp:10[m[K:
[27.412s] [01m[K/home/alex/Media/Develop/Job/ros2/rosbot/src/algorithms/local_planners/mppic/test/../include/mppi/Optimizer.hpp:184:11:[m[K [01;36m[Knote: [m[K  ‘[01m[Kxt::detail::xfunction_type_t<xt::detail::minus, const xt::xarray_container<xt::uvector<float, xsimd::aligned_allocator<float, 16> >, xt::layout_type::row_major, xt::svector<long unsigned int, 4, std::allocator<long unsigned int>, true>, xt::xtensor_expression_tag>&, xt::xreducer<xt::xreducer_functors<xt::math::minimum<float>, xt::const_value<float>, xt::math::minimum<float> >, const xt::xarray_container<xt::uvector<float, xsimd::aligned_allocator<float, 16> >, xt::layout_type::row_major, xt::svector<long unsigned int, 4, std::allocator<long unsigned int>, true>, xt::xtensor_expression_tag>&, xt::svector<long unsigned int, 4, std::allocator<long unsigned int>, true>, xt::reducer_options<float, std::tuple<xt::evaluation_strategy::lazy_type> > > >[m[K’ {aka ‘[01m[Kxt::xfunction<xt::detail::minus, const xt::xarray_container<xt::uvector<float, xsimd::aligned_allocator<float, 16> >, xt::layout_type::row_major, xt::svector<long unsigned int, 4, std::allocator<long unsigned int>, true>, xt::xtensor_expression_tag>&, xt::xreducer<xt::xreducer_functors<xt::math::minimum<float>, xt::const_value<float>, xt::math::minimum<float> >, const xt::xarray_container<xt::uvector<float, xsimd::aligned_allocator<float, 16> >, xt::layout_type::row_major, xt::svector<long unsigned int, 4, std::allocator<long unsigned int>, true>, xt::xtensor_expression_tag>&, xt::svector<long unsigned int, 4, std::allocator<long unsigned int>, true>, xt::reducer_options<float, std::tuple<xt::evaluation_strategy::lazy_type> > > >[m[K’} is not derived from ‘[01m[Kxt::xtensor_container<xt::uvector<float, xsimd::aligned_allocator<float, 16> >, N, xt::layout_type::row_major, xt::xtensor_expression_tag>[m[K’
[27.412s]   184 |     [01;36m[Kcosts = costs - xt::amin(costs)[m[K;
[27.413s]       |     [01;36m[K~~~~~~^~~~~~~~~~~~~~~~~~~~~~~~~[m[K
[27.413s] In file included from [01m[K/home/alex/Media/Develop/Job/ros2/rosbot/src/algorithms/local_planners/mppic/test/../include/mppi/Optimizer.hpp:13[m[K,
[27.413s]                  from [01m[K/home/alex/Media/Develop/Job/ros2/rosbot/src/algorithms/local_planners/mppic/test/OptimizerTest.cpp:10[m[K:
[27.413s] [01m[K/home/alex/.conan/data/xtensor/0.21.5/_/_/package/5ab84d6acfe1f23c4fae0ab88f26e3a396351ac9/include/xtensor/xarray.hpp:489:17:[m[K [01;36m[Knote: [m[Kcandidate: ‘[01m[Kxt::xarray_container<EC, L, SC, Tag>::self_type& xt::xarray_container<EC, L, SC, Tag>::operator=(const xt::xexpression<E>&) [with E = xt::xfunction<xt::detail::minus, const xt::xarray_container<xt::uvector<float, xsimd::aligned_allocator<float, 16> >, xt::layout_type::row_major, xt::svector<long unsigned int, 4, std::allocator<long unsigned int>, true>, xt::xtensor_expression_tag>&, xt::xreducer<xt::xreducer_functors<xt::math::minimum<float>, xt::const_value<float>, xt::math::minimum<float> >, const xt::xarray_container<xt::uvector<float, xsimd::aligned_allocator<float, 16> >, xt::layout_type::row_major, xt::svector<long unsigned int, 4, std::allocator<long unsigned int>, true>, xt::xtensor_expression_tag>&, xt::svector<long unsigned int, 4, std::allocator<long unsigned int>, true>, xt::reducer_options<float, std::tuple<xt::evaluation_strategy::lazy_type> > > >; EC = xt::uvector<float, xsimd::aligned_allocator<float, 16> >; xt::layout_type L = xt::layout_type::row_major; SC = xt::svector<long unsigned int, 4, std::allocator<long unsigned int>, true>; Tag = xt::xtensor_expression_tag; xt::xarray_container<EC, L, SC, Tag>::self_type = xt::xarray_container<xt::uvector<float, xsimd::aligned_allocator<float, 16> >, xt::layout_type::row_major, xt::svector<long unsigned int, 4, std::allocator<long unsigned int>, true>, xt::xtensor_expression_tag>][m[K’ <near match>
[27.414s]   489 |     inline auto [01;36m[Kxarray_container<EC, L, SC, Tag>[m[K::operator=(const xexpression<E>& e) -> self_type&
[27.414s]       |                 [01;36m[K^~~~~~~~~~~~~~~~~~~~~~~~~~~~~~~~[m[K
[27.414s] [01m[K/home/alex/.conan/data/xtensor/0.21.5/_/_/package/5ab84d6acfe1f23c4fae0ab88f26e3a396351ac9/include/xtensor/xarray.hpp:489:17:[m[K [01;36m[Knote: [m[K  passing ‘[01m[Kconst xt::xarray_container<xt::uvector<float, xsimd::aligned_allocator<float, 16> >, xt::layout_type::row_major, xt::svector<long unsigned int, 4, std::allocator<long unsigned int>, true>, xt::xtensor_expression_tag>*[m[K’ as ‘[01m[Kthis[m[K’ argument discards qualifiers
[31.164s] make[2]: *** [test/CMakeFiles/optimizer-test.dir/build.make:63: test/CMakeFiles/optimizer-test.dir/OptimizerTest.cpp.o] Error 1
[31.164s] make[1]: *** [CMakeFiles/Makefile2:220: test/CMakeFiles/optimizer-test.dir/all] Error 2
[31.165s] make: *** [Makefile:141: all] Error 2
[31.167s] Invoked command in '/home/alex/Media/Develop/Job/ros2/rosbot/src/algorithms/local_planners/build/mppic' returned '2': CMAKE_PREFIX_PATH=/opt/ros/foxy /usr/bin/cmake --build /home/alex/Media/Develop/Job/ros2/rosbot/src/algorithms/local_planners/build/mppic -- -j4 -l4
