[0.025s] Invoking command in '/home/alex/Media/Develop/Job/ros2/rosbot/src/algorithms/local_planners/build/mppic': CMAKE_PREFIX_PATH=/opt/ros/foxy /usr/bin/cmake --build /home/alex/Media/Develop/Job/ros2/rosbot/src/algorithms/local_planners/build/mppic -- -j4 -l4
[0.105s] [35m[1mScanning dependencies of target mppic[0m
[0.110s] [ 25%] Built target gtest
[0.111s] [ 50%] Built target gtest_main
[0.136s] [35m[1mScanning dependencies of target optimizer-test[0m
[0.529s] [ 62%] [32mBuilding CXX object src/CMakeFiles/mppic.dir/Controller.cpp.o[0m
[0.581s] [ 75%] [32mBuilding CXX object test/CMakeFiles/optimizer-test.dir/OptimizerTest.cpp.o[0m
[5.259s] In file included from [01m[K/home/alex/Media/Develop/Job/ros2/rosbot/src/algorithms/local_planners/mppic/src/../include/mppi/Controller.hpp:10[m[K,
[5.260s]                  from [01m[K/home/alex/Media/Develop/Job/ros2/rosbot/src/algorithms/local_planners/mppic/src/Controller.cpp:1[m[K:
[5.260s] [01m[K/home/alex/Media/Develop/Job/ros2/rosbot/src/algorithms/local_planners/mppic/src/../include/mppi/PathHandler.hpp:[m[K In member function ‘[01m[Knav_msgs::msg::Path ultra::mppi::handlers::PathHandler::transformPath(const PoseStamped&)[m[K’:
[5.261s] [01m[K/home/alex/Media/Develop/Job/ros2/rosbot/src/algorithms/local_planners/mppic/src/../include/mppi/PathHandler.hpp:83:32:[m[K [01;31m[Kerror: [m[Kuse of ‘[01m[Kauto ultra::mppi::handlers::PathHandler::pruneGlobalPlan(const auto:122&) [with auto:122 = __gnu_cxx::__normal_iterator<geometry_msgs::msg::PoseStamped_<std::allocator<void> >*, std::vector<geometry_msgs::msg::PoseStamped_<std::allocator<void> >, std::allocator<geometry_msgs::msg::PoseStamped_<std::allocator<void> > > > >][m[K’ before deduction of ‘[01m[Kauto[m[K’
[5.261s]    83 |     pruneGlobalPlan(lower_bound[01;31m[K)[m[K;
[5.261s]       |                                [01;31m[K^[m[K
[5.471s] In file included from [01m[K/home/alex/Media/Develop/Job/ros2/rosbot/src/algorithms/local_planners/mppic/src/Controller.cpp:1[m[K:
[5.471s] /home/alex/Media/Develop/Job/ros2/rosbot/src/algorithms/local_planners/mppic/src/../include/mppi/Controller.hpp: In instantiation of ‘[01m[Kgeometry_msgs::msg::TwistStamped ultra::mppi::Controller<T>::computeVelocityCommands(const PoseStamped&, const Twist&) [with T = float; geometry_msgs::msg::TwistStamped = geometry_msgs::msg::TwistStamped_<std::allocator<void> >; geometry_msgs::msg::PoseStamped = geometry_msgs::msg::PoseStamped_<std::allocator<void> >; geometry_msgs::msg::Twist = geometry_msgs::msg::Twist_<std::allocator<void> >][m[K’:
[5.472s] [01m[K/home/alex/Media/Develop/Job/ros2/rosbot/src/algorithms/local_planners/mppic/src/Controller.cpp:6:29:[m[K   required from here
[5.472s] [01m[K/home/alex/Media/Develop/Job/ros2/rosbot/src/algorithms/local_planners/mppic/src/../include/mppi/Controller.hpp:65:33:[m[K [01;31m[Kerror: [m[Kmoving a local object in a return statement prevents copy elision [[01;31m[K-Werror=pessimizing-move[m[K]
[5.472s]    65 |     return std::move(control_cmd[01;31m[K)[m[K; // TODO
[5.473s]       |                                 [01;31m[K^[m[K
[5.473s] [01m[K/home/alex/Media/Develop/Job/ros2/rosbot/src/algorithms/local_planners/mppic/src/../include/mppi/Controller.hpp:65:33:[m[K [01;36m[Knote: [m[Kremove ‘[01m[Kstd::move[m[K’ call
[8.917s] [ 87%] [32m[1mLinking CXX executable ../bin/optimizer-test[0m
[9.073s] In file included from [01m[K/opt/ros/foxy/include/class_loader/class_loader_core.hpp:57[m[K,
[9.073s]                  from [01m[K/opt/ros/foxy/include/class_loader/class_loader.hpp:55[m[K,
[9.074s]                  from [01m[K/opt/ros/foxy/include/class_loader/multi_library_class_loader.hpp:52[m[K,
[9.074s]                  from [01m[K/opt/ros/foxy/include/pluginlib/class_loader.hpp:58[m[K,
[9.075s]                  from [01m[K/opt/ros/foxy/include/nav2_costmap_2d/costmap_2d_ros.hpp:53[m[K,
[9.075s]                  from [01m[K/opt/ros/foxy/include/nav2_core/controller.hpp:42[m[K,
[9.075s]                  from [01m[K/home/alex/Media/Develop/Job/ros2/rosbot/src/algorithms/local_planners/mppic/src/../include/mppi/Controller.hpp:3[m[K,
[9.076s]                  from [01m[K/home/alex/Media/Develop/Job/ros2/rosbot/src/algorithms/local_planners/mppic/src/Controller.cpp:1[m[K:
[9.076s] /opt/ros/foxy/include/class_loader/meta_object.hpp: In instantiation of ‘[01m[KB* class_loader::impl::MetaObject<C, B>::create() const [with C = ultra::mppi::Controller<float>; B = nav2_core::Controller][m[K’:
[9.077s] [01m[K/opt/ros/foxy/include/class_loader/meta_object.hpp:216:7:[m[K   required from here
[9.077s] [01m[K/opt/ros/foxy/include/class_loader/meta_object.hpp:218:12:[m[K [01;31m[Kerror: [m[Kuse of deleted function ‘[01m[Kultra::mppi::Controller<T>::Controller() [with T = float][m[K’
[9.078s]   218 |     return [01;31m[Knew C[m[K;
[9.078s]       |            [01;31m[K^~~~~[m[K
[9.078s] In file included from [01m[K/home/alex/Media/Develop/Job/ros2/rosbot/src/algorithms/local_planners/mppic/src/Controller.cpp:1[m[K:
[9.079s] [01m[K/home/alex/Media/Develop/Job/ros2/rosbot/src/algorithms/local_planners/mppic/src/../include/mppi/Controller.hpp:35:3:[m[K [01;36m[Knote: [m[K‘[01m[Kultra::mppi::Controller<T>::Controller() [with T = float][m[K’ is implicitly deleted because the default definition would be ill-formed:
[9.079s]    35 |   [01;36m[KController[m[K() = default;
[9.080s]       |   [01;36m[K^~~~~~~~~~[m[K
[9.080s] [01m[K/home/alex/Media/Develop/Job/ros2/rosbot/src/algorithms/local_planners/mppic/src/../include/mppi/Controller.hpp:35:3:[m[K [01;31m[Kerror: [m[Kuse of deleted function ‘[01m[Kultra::mppi::handlers::PathHandler::PathHandler()[m[K’
[9.080s] In file included from [01m[K/home/alex/Media/Develop/Job/ros2/rosbot/src/algorithms/local_planners/mppic/src/../include/mppi/Controller.hpp:10[m[K,
[9.081s]                  from [01m[K/home/alex/Media/Develop/Job/ros2/rosbot/src/algorithms/local_planners/mppic/src/Controller.cpp:1[m[K:
[9.081s] [01m[K/home/alex/Media/Develop/Job/ros2/rosbot/src/algorithms/local_planners/mppic/src/../include/mppi/PathHandler.hpp:34:3:[m[K [01;36m[Knote: [m[Kdeclared here
[9.082s]    34 |   [01;36m[KPathHandler[m[K() = delete;
[9.082s]       |   [01;36m[K^~~~~~~~~~~[m[K
[9.513s] [ 87%] Built target optimizer-test
[9.650s] cc1plus: all warnings being treated as errors
[9.676s] make[2]: *** [src/CMakeFiles/mppic.dir/build.make:63: src/CMakeFiles/mppic.dir/Controller.cpp.o] Error 1
[9.676s] make[1]: *** [CMakeFiles/Makefile2:192: src/CMakeFiles/mppic.dir/all] Error 2
[9.677s] make: *** [Makefile:141: all] Error 2
[9.679s] Invoked command in '/home/alex/Media/Develop/Job/ros2/rosbot/src/algorithms/local_planners/build/mppic' returned '2': CMAKE_PREFIX_PATH=/opt/ros/foxy /usr/bin/cmake --build /home/alex/Media/Develop/Job/ros2/rosbot/src/algorithms/local_planners/build/mppic -- -j4 -l4
