[0.033s] Invoking command in '/home/alex/Media/Develop/Job/ros2/rosbot/src/algorithms/local_planners/build/mppic': CMAKE_PREFIX_PATH=/opt/ros/foxy /usr/bin/cmake --build /home/alex/Media/Develop/Job/ros2/rosbot/src/algorithms/local_planners/build/mppic -- -j4 -l4
[0.125s] [35m[1mScanning dependencies of target mppic[0m
[0.133s] [ 50%] Built target gtest
[0.134s] [ 50%] Built target gtest_main
[0.202s] [ 75%] Built target optimizer-test
[0.497s] [ 87%] [32mBuilding CXX object src/CMakeFiles/mppic.dir/Controller.cpp.o[0m
[4.271s] In file included from [01m[K/home/alex/Media/Develop/Job/ros2/rosbot/src/algorithms/local_planners/mppic/src/../include/mppi/Controller.hpp:10[m[K,
[4.272s]                  from [01m[K/home/alex/Media/Develop/Job/ros2/rosbot/src/algorithms/local_planners/mppic/src/Controller.cpp:1[m[K:
[4.272s] [01m[K/home/alex/Media/Develop/Job/ros2/rosbot/src/algorithms/local_planners/mppic/src/../include/mppi/PathHandler.hpp:[m[K In member function ‘[01m[Knav_msgs::msg::Path ultra::mppi::handlers::PathHandler::transformPath(const PoseStamped&)[m[K’:
[4.272s] [01m[K/home/alex/Media/Develop/Job/ros2/rosbot/src/algorithms/local_planners/mppic/src/../include/mppi/PathHandler.hpp:83:32:[m[K [01;31m[Kerror: [m[Kuse of ‘[01m[Kauto ultra::mppi::handlers::PathHandler::pruneGlobalPlan(const auto:122&) [with auto:122 = __gnu_cxx::__normal_iterator<geometry_msgs::msg::PoseStamped_<std::allocator<void> >*, std::vector<geometry_msgs::msg::PoseStamped_<std::allocator<void> >, std::allocator<geometry_msgs::msg::PoseStamped_<std::allocator<void> > > > >][m[K’ before deduction of ‘[01m[Kauto[m[K’
[4.273s]    83 |     pruneGlobalPlan(lower_bound[01;31m[K)[m[K;
[4.273s]       |                                [01;31m[K^[m[K
[7.656s] In file included from [01m[K/opt/ros/foxy/include/class_loader/class_loader_core.hpp:57[m[K,
[7.657s]                  from [01m[K/opt/ros/foxy/include/class_loader/class_loader.hpp:55[m[K,
[7.657s]                  from [01m[K/opt/ros/foxy/include/class_loader/multi_library_class_loader.hpp:52[m[K,
[7.657s]                  from [01m[K/opt/ros/foxy/include/pluginlib/class_loader.hpp:58[m[K,
[7.658s]                  from [01m[K/opt/ros/foxy/include/nav2_costmap_2d/costmap_2d_ros.hpp:53[m[K,
[7.658s]                  from [01m[K/opt/ros/foxy/include/nav2_core/controller.hpp:42[m[K,
[7.658s]                  from [01m[K/home/alex/Media/Develop/Job/ros2/rosbot/src/algorithms/local_planners/mppic/src/../include/mppi/Controller.hpp:3[m[K,
[7.658s]                  from [01m[K/home/alex/Media/Develop/Job/ros2/rosbot/src/algorithms/local_planners/mppic/src/Controller.cpp:1[m[K:
[7.659s] /opt/ros/foxy/include/class_loader/meta_object.hpp: In instantiation of ‘[01m[KB* class_loader::impl::MetaObject<C, B>::create() const [with C = ultra::mppi::Controller<float>; B = nav2_core::Controller][m[K’:
[7.659s] [01m[K/opt/ros/foxy/include/class_loader/meta_object.hpp:216:7:[m[K   required from here
[7.659s] [01m[K/opt/ros/foxy/include/class_loader/meta_object.hpp:218:12:[m[K [01;31m[Kerror: [m[Kuse of deleted function ‘[01m[Kultra::mppi::Controller<T>::Controller() [with T = float][m[K’
[7.659s]   218 |     return [01;31m[Knew C[m[K;
[7.660s]       |            [01;31m[K^~~~~[m[K
[7.660s] In file included from [01m[K/home/alex/Media/Develop/Job/ros2/rosbot/src/algorithms/local_planners/mppic/src/Controller.cpp:1[m[K:
[7.660s] [01m[K/home/alex/Media/Develop/Job/ros2/rosbot/src/algorithms/local_planners/mppic/src/../include/mppi/Controller.hpp:35:3:[m[K [01;36m[Knote: [m[K‘[01m[Kultra::mppi::Controller<T>::Controller() [with T = float][m[K’ is implicitly deleted because the default definition would be ill-formed:
[7.660s]    35 |   [01;36m[KController[m[K() = default;
[7.660s]       |   [01;36m[K^~~~~~~~~~[m[K
[7.661s] [01m[K/home/alex/Media/Develop/Job/ros2/rosbot/src/algorithms/local_planners/mppic/src/../include/mppi/Controller.hpp:35:3:[m[K [01;31m[Kerror: [m[Kuse of deleted function ‘[01m[Kultra::mppi::handlers::PathHandler::PathHandler()[m[K’
[7.661s] In file included from [01m[K/home/alex/Media/Develop/Job/ros2/rosbot/src/algorithms/local_planners/mppic/src/../include/mppi/Controller.hpp:10[m[K,
[7.661s]                  from [01m[K/home/alex/Media/Develop/Job/ros2/rosbot/src/algorithms/local_planners/mppic/src/Controller.cpp:1[m[K:
[7.661s] [01m[K/home/alex/Media/Develop/Job/ros2/rosbot/src/algorithms/local_planners/mppic/src/../include/mppi/PathHandler.hpp:34:3:[m[K [01;36m[Knote: [m[Kdeclared here
[7.662s]    34 |   [01;36m[KPathHandler[m[K() = delete;
[7.662s]       |   [01;36m[K^~~~~~~~~~~[m[K
[8.184s] make[2]: *** [src/CMakeFiles/mppic.dir/build.make:63: src/CMakeFiles/mppic.dir/Controller.cpp.o] Error 1
[8.184s] make[1]: *** [CMakeFiles/Makefile2:192: src/CMakeFiles/mppic.dir/all] Error 2
[8.185s] make: *** [Makefile:141: all] Error 2
[8.187s] Invoked command in '/home/alex/Media/Develop/Job/ros2/rosbot/src/algorithms/local_planners/build/mppic' returned '2': CMAKE_PREFIX_PATH=/opt/ros/foxy /usr/bin/cmake --build /home/alex/Media/Develop/Job/ros2/rosbot/src/algorithms/local_planners/build/mppic -- -j4 -l4
